<?xml version="1.0" encoding="UTF-8"?>
<coverage generated="1782663687580" clover="3.2.0">
  <project timestamp="1782663687580" name="All files">
    <metrics statements="194" coveredstatements="177" conditionals="103" coveredconditionals="75" methods="30" coveredmethods="25" elements="327" coveredelements="277" complexity="0" loc="194" ncloc="194" packages="4" files="11" classes="11"/>
    <package name="src">
      <metrics statements="11" coveredstatements="9" conditionals="6" coveredconditionals="0" methods="2" coveredmethods="1"/>
      <file name="app.ts" path="/Users/ucheekezie/myworks/web3work/drips/burner8/ILN-Smart-Contract/indexer/src/app.ts">
        <metrics statements="10" coveredstatements="9" conditionals="0" coveredconditionals="0" methods="2" coveredmethods="1"/>
        <line num="10" count="42" type="stmt"/>
        <line num="12" count="42" type="stmt"/>
        <line num="14" count="42" type="stmt"/>
        <line num="15" count="42" type="stmt"/>
        <line num="16" count="42" type="stmt"/>
        <line num="17" count="42" type="stmt"/>
        <line num="18" count="42" type="stmt"/>
        <line num="20" count="42" type="stmt"/>
        <line num="21" count="0" type="stmt"/>
        <line num="24" count="42" type="stmt"/>
      </file>
      <file name="config.ts" path="/Users/ucheekezie/myworks/web3work/drips/burner8/ILN-Smart-Contract/indexer/src/config.ts">
        <metrics statements="1" coveredstatements="0" conditionals="6" coveredconditionals="0" methods="0" coveredmethods="0"/>
        <line num="1" count="0" type="stmt"/>
      </file>
    </package>
    <package name="src.api.routes">
      <metrics statements="140" coveredstatements="140" conditionals="64" coveredconditionals="50" methods="18" coveredmethods="18"/>
      <file name="events.ts" path="/Users/ucheekezie/myworks/web3work/drips/burner8/ILN-Smart-Contract/indexer/src/api/routes/events.ts">
        <metrics statements="26" coveredstatements="26" conditionals="12" coveredconditionals="9" methods="4" coveredmethods="4"/>
        <line num="17" count="42" type="stmt"/>
        <line num="19" count="42" type="stmt"/>
        <line num="20" count="5" type="stmt"/>
        <line num="21" count="5" type="stmt"/>
        <line num="22" count="5" type="cond" truecount="2" falsecount="0"/>
        <line num="23" count="5" type="cond" truecount="2" falsecount="0"/>
        <line num="24" count="5" type="stmt"/>
        <line num="26" count="5" type="cond" truecount="1" falsecount="0"/>
        <line num="27" count="1" type="stmt"/>
        <line num="28" count="1" type="stmt"/>
        <line num="31" count="4" type="stmt"/>
        <line num="32" count="4" type="stmt"/>
        <line num="34" count="4" type="cond" truecount="1" falsecount="0"/>
        <line num="35" count="1" type="stmt"/>
        <line num="36" count="1" type="stmt"/>
        <line num="37" count="1" type="stmt"/>
        <line num="38" count="1" type="stmt"/>
        <line num="41" count="4" type="cond" truecount="1" falsecount="1"/>
        <line num="44" count="4" type="stmt"/>
        <line num="50" count="4" type="stmt"/>
        <line num="51" count="4" type="cond" truecount="1" falsecount="1"/>
        <line num="54" count="4" type="stmt"/>
        <line num="62" count="4" type="stmt"/>
        <line num="64" count="6" type="stmt"/>
        <line num="73" count="4" type="stmt"/>
        <line num="81" count="42" type="stmt"/>
      </file>
      <file name="invoices.ts" path="/Users/ucheekezie/myworks/web3work/drips/burner8/ILN-Smart-Contract/indexer/src/api/routes/invoices.ts">
        <metrics statements="65" coveredstatements="65" conditionals="36" coveredconditionals="26" methods="6" coveredmethods="6"/>
        <line num="57" count="12" type="stmt"/>
        <line num="58" count="12" type="stmt"/>
        <line num="59" count="12" type="cond" truecount="0" falsecount="1"/>
        <line num="60" count="12" type="stmt"/>
        <line num="61" count="12" type="stmt"/>
        <line num="65" count="42" type="stmt"/>
        <line num="67" count="42" type="stmt"/>
        <line num="68" count="10" type="stmt"/>
        <line num="69" count="10" type="cond" truecount="1" falsecount="0"/>
        <line num="70" count="1" type="stmt"/>
        <line num="71" count="1" type="stmt"/>
        <line num="74" count="9" type="stmt"/>
        <line num="78" count="9" type="cond" truecount="1" falsecount="0"/>
        <line num="79" count="1" type="stmt"/>
        <line num="80" count="1" type="stmt"/>
        <line num="83" count="8" type="stmt"/>
        <line num="87" count="8" type="stmt"/>
        <line num="92" count="8" type="cond" truecount="1" falsecount="1"/>
        <line num="93" count="8" type="cond" truecount="1" falsecount="1"/>
        <line num="95" count="8" type="cond" truecount="1" falsecount="1"/>
        <line num="97" count="8" type="stmt"/>
        <line num="98" count="8" type="stmt"/>
        <line num="103" count="8" type="stmt"/>
        <line num="122" count="4" type="stmt"/>
        <line num="130" count="8" type="stmt"/>
        <line num="133" count="42" type="stmt"/>
        <line num="134" count="3" type="stmt"/>
        <line num="136" count="3" type="stmt"/>
        <line num="137" count="3" type="stmt"/>
        <line num="138" count="3" type="stmt"/>
        <line num="140" count="3" type="cond" truecount="2" falsecount="0"/>
        <line num="141" count="3" type="cond" truecount="2" falsecount="0"/>
        <line num="142" count="3" type="stmt"/>
        <line num="144" count="3" type="cond" truecount="2" falsecount="0"/>
        <line num="145" count="3" type="cond" truecount="2" falsecount="0"/>
        <line num="147" count="3" type="stmt"/>
        <line num="154" count="3" type="cond" truecount="1" falsecount="1"/>
        <line num="155" count="3" type="cond" truecount="2" falsecount="0"/>
        <line num="157" count="3" type="stmt"/>
        <line num="158" count="3" type="stmt"/>
        <line num="160" count="3" type="cond" truecount="1" falsecount="0"/>
        <line num="161" count="1" type="stmt"/>
        <line num="162" count="1" type="stmt"/>
        <line num="164" count="3" type="cond" truecount="1" falsecount="0"/>
        <line num="165" count="1" type="stmt"/>
        <line num="166" count="1" type="stmt"/>
        <line num="168" count="3" type="cond" truecount="1" falsecount="0"/>
        <line num="169" count="1" type="stmt"/>
        <line num="170" count="1" type="stmt"/>
        <line num="173" count="3" type="cond" truecount="2" falsecount="0"/>
        <line num="175" count="3" type="stmt"/>
        <line num="176" count="3" type="stmt"/>
        <line num="177" count="3" type="cond" truecount="1" falsecount="1"/>
        <line num="179" count="3" type="stmt"/>
        <line num="185" count="3" type="stmt"/>
        <line num="187" count="3" type="stmt"/>
        <line num="188" count="4" type="stmt"/>
        <line num="192" count="4" type="cond" truecount="1" falsecount="1"/>
        <line num="193" count="4" type="cond" truecount="1" falsecount="1"/>
        <line num="195" count="4" type="cond" truecount="1" falsecount="1"/>
        <line num="196" count="4" type="stmt"/>
        <line num="197" count="4" type="stmt"/>
        <line num="202" count="4" type="stmt"/>
        <line num="224" count="3" type="stmt"/>
        <line num="232" count="42" type="stmt"/>
      </file>
      <file name="leaderboard.ts" path="/Users/ucheekezie/myworks/web3work/drips/burner8/ILN-Smart-Contract/indexer/src/api/routes/leaderboard.ts">
        <metrics statements="14" coveredstatements="14" conditionals="4" coveredconditionals="4" methods="2" coveredmethods="2"/>
        <line num="6" count="42" type="stmt"/>
        <line num="8" count="42" type="stmt"/>
        <line num="9" count="8" type="stmt"/>
        <line num="10" count="8" type="stmt"/>
        <line num="12" count="8" type="stmt"/>
        <line num="13" count="8" type="cond" truecount="1" falsecount="0"/>
        <line num="14" count="3" type="stmt"/>
        <line num="15" count="3" type="cond" truecount="3" falsecount="0"/>
        <line num="16" count="1" type="stmt"/>
        <line num="17" count="1" type="stmt"/>
        <line num="19" count="2" type="stmt"/>
        <line num="22" count="7" type="stmt"/>
        <line num="23" count="7" type="stmt"/>
        <line num="26" count="42" type="stmt"/>
      </file>
      <file name="reputation.ts" path="/Users/ucheekezie/myworks/web3work/drips/burner8/ILN-Smart-Contract/indexer/src/api/routes/reputation.ts">
        <metrics statements="23" coveredstatements="23" conditionals="9" coveredconditionals="9" methods="3" coveredmethods="3"/>
        <line num="31" count="42" type="stmt"/>
        <line num="33" count="42" type="stmt"/>
        <line num="34" count="9" type="stmt"/>
        <line num="35" count="9" type="cond" truecount="2" falsecount="0"/>
        <line num="37" count="9" type="stmt"/>
        <line num="49" count="9" type="cond" truecount="1" falsecount="0"/>
        <line num="50" count="1" type="stmt"/>
        <line num="58" count="1" type="stmt"/>
        <line num="61" count="8" type="stmt"/>
        <line num="62" count="8" type="cond" truecount="2" falsecount="0"/>
        <line num="63" count="1" type="stmt"/>
        <line num="64" count="7" type="cond" truecount="1" falsecount="0"/>
        <line num="65" count="1" type="stmt"/>
        <line num="68" count="8" type="stmt"/>
        <line num="69" count="8" type="cond" truecount="2" falsecount="0"/>
        <line num="70" count="1" type="stmt"/>
        <line num="71" count="7" type="cond" truecount="1" falsecount="0"/>
        <line num="72" count="1" type="stmt"/>
        <line num="75" count="8" type="stmt"/>
        <line num="91" count="8" type="stmt"/>
        <line num="97" count="13" type="stmt"/>
        <line num="105" count="8" type="stmt"/>
        <line num="108" count="42" type="stmt"/>
      </file>
      <file name="stats.ts" path="/Users/ucheekezie/myworks/web3work/drips/burner8/ILN-Smart-Contract/indexer/src/api/routes/stats.ts">
        <metrics statements="12" coveredstatements="12" conditionals="3" coveredconditionals="2" methods="3" coveredmethods="3"/>
        <line num="11" count="42" type="stmt"/>
        <line num="13" count="42" type="stmt"/>
        <line num="14" count="7" type="stmt"/>
        <line num="15" count="7" type="stmt"/>
        <line num="18" count="42" type="stmt"/>
        <line num="19" count="3" type="cond" truecount="1" falsecount="1"/>
        <line num="20" count="3" type="cond" truecount="1" falsecount="0"/>
        <line num="21" count="1" type="stmt"/>
        <line num="22" count="1" type="stmt"/>
        <line num="24" count="2" type="stmt"/>
        <line num="25" count="2" type="stmt"/>
        <line num="28" count="42" type="stmt"/>
      </file>
    </package>
    <package name="src.database">
      <metrics statements="12" coveredstatements="1" conditionals="4" coveredconditionals="0" methods="4" coveredmethods="1"/>
      <file name="db.ts" path="/Users/ucheekezie/myworks/web3work/drips/burner8/ILN-Smart-Contract/indexer/src/database/db.ts">
        <metrics statements="11" coveredstatements="0" conditionals="4" coveredconditionals="0" methods="3" coveredmethods="0"/>
        <line num="4" count="0" type="stmt"/>
        <line num="7" count="0" type="cond" truecount="0" falsecount="1"/>
        <line num="8" count="0" type="cond" truecount="0" falsecount="2"/>
        <line num="9" count="0" type="stmt"/>
        <line num="10" count="0" type="stmt"/>
        <line num="11" count="0" type="stmt"/>
        <line num="13" count="0" type="stmt"/>
        <line num="17" count="0" type="cond" truecount="0" falsecount="1"/>
        <line num="18" count="0" type="stmt"/>
        <line num="19" count="0" type="stmt"/>
        <line num="24" count="0" type="stmt"/>
      </file>
      <file name="schema.ts" path="/Users/ucheekezie/myworks/web3work/drips/burner8/ILN-Smart-Contract/indexer/src/database/schema.ts">
        <metrics statements="1" coveredstatements="1" conditionals="0" coveredconditionals="0" methods="1" coveredmethods="1"/>
        <line num="4" count="42" type="stmt"/>
      </file>
    </package>
    <package name="src.services">
      <metrics statements="31" coveredstatements="27" conditionals="29" coveredconditionals="25" methods="6" coveredmethods="5"/>
      <file name="leaderboardService.ts" path="/Users/ucheekezie/myworks/web3work/drips/burner8/ILN-Smart-Contract/indexer/src/services/leaderboardService.ts">
        <metrics statements="8" coveredstatements="7" conditionals="5" coveredconditionals="3" methods="2" coveredmethods="2"/>
        <line num="24" count="7" type="stmt"/>
        <line num="28" count="7" type="cond" truecount="1" falsecount="1"/>
        <line num="29" count="0" type="stmt"/>
        <line num="50" count="7" type="stmt"/>
        <line num="69" count="7" type="stmt"/>
        <line num="77" count="7" type="stmt"/>
        <line num="78" count="16" type="stmt"/>
        <line num="79" count="16" type="stmt"/>
      </file>
      <file name="statsService.ts" path="/Users/ucheekezie/myworks/web3work/drips/burner8/ILN-Smart-Contract/indexer/src/services/statsService.ts">
        <metrics statements="23" coveredstatements="20" conditionals="24" coveredconditionals="22" methods="4" coveredmethods="3"/>
        <line num="30" count="5" type="stmt"/>
        <line num="36" count="7" type="stmt"/>
        <line num="38" count="7" type="cond" truecount="3" falsecount="0"/>
        <line num="39" count="1" type="stmt"/>
        <line num="42" count="6" type="stmt"/>
        <line num="66" count="6" type="stmt"/>
        <line num="77" count="6" type="stmt"/>
        <line num="78" count="6" type="stmt"/>
        <line num="79" count="6" type="stmt"/>
        <line num="82" count="6" type="cond" truecount="2" falsecount="0"/>
        <line num="84" count="6" type="stmt"/>
        <line num="97" count="6" type="stmt"/>
        <line num="98" count="6" type="stmt"/>
        <line num="105" count="2" type="stmt"/>
        <line num="106" count="2" type="cond" truecount="2" falsecount="0"/>
        <line num="107" count="1" type="stmt"/>
        <line num="108" count="1" type="cond" truecount="0" falsecount="1"/>
        <line num="109" count="0" type="stmt"/>
        <line num="112" count="2" type="stmt"/>
        <line num="129" count="2" type="stmt"/>
        <line num="133" count="0" type="stmt"/>
        <line num="134" count="0" type="stmt"/>
        <line num="138" count="9" type="stmt"/>
      </file>
    </package>
  </project>
</coverage>
