{"/Users/ucheekezie/myworks/web3work/drips/burner8/ILN-Smart-Contract/indexer/src/app.ts": {"path":"/Users/ucheekezie/myworks/web3work/drips/burner8/ILN-Smart-Contract/indexer/src/app.ts","statementMap":{"0":{"start":{"line":10,"column":14},"end":{"line":10,"column":23}},"1":{"start":{"line":12,"column":2},"end":{"line":12,"column":26}},"2":{"start":{"line":14,"column":2},"end":{"line":14,"column":39}},"3":{"start":{"line":15,"column":2},"end":{"line":15,"column":38}},"4":{"start":{"line":16,"column":2},"end":{"line":16,"column":33}},"5":{"start":{"line":17,"column":2},"end":{"line":17,"column":36}},"6":{"start":{"line":18,"column":2},"end":{"line":18,"column":34}},"7":{"start":{"line":20,"column":2},"end":{"line":22,"column":5}},"8":{"start":{"line":21,"column":4},"end":{"line":21,"column":31}},"9":{"start":{"line":24,"column":2},"end":{"line":24,"column":13}}},"fnMap":{"0":{"name":"createApp","decl":{"start":{"line":9,"column":16},"end":{"line":9,"column":25}},"loc":{"start":{"line":9,"column":47},"end":{"line":25,"column":1}}},"1":{"name":"(anonymous_1)","decl":{"start":{"line":20,"column":21},"end":{"line":20,"column":22}},"loc":{"start":{"line":20,"column":35},"end":{"line":22,"column":3}}}},"branchMap":{},"s":{"0":42,"1":42,"2":42,"3":42,"4":42,"5":42,"6":42,"7":42,"8":0,"9":42},"f":{"0":42,"1":0},"b":{}}
,"/Users/ucheekezie/myworks/web3work/drips/burner8/ILN-Smart-Contract/indexer/src/config.ts": {"path":"/Users/ucheekezie/myworks/web3work/drips/burner8/ILN-Smart-Contract/indexer/src/config.ts","statementMap":{"0":{"start":{"line":1,"column":22},"end":{"line":7,"column":2}}},"fnMap":{},"branchMap":{"0":{"loc":{"start":{"line":2,"column":17},"end":{"line":2,"column":43}},"type":"binary-expr","locations":[{"start":{"line":2,"column":17},"end":{"line":2,"column":33}},{"start":{"line":2,"column":37},"end":{"line":2,"column":43}}]},"1":{"loc":{"start":{"line":3,"column":10},"end":{"line":3,"column":47}},"type":"binary-expr","locations":[{"start":{"line":3,"column":10},"end":{"line":3,"column":29}},{"start":{"line":3,"column":33},"end":{"line":3,"column":47}}]},"2":{"loc":{"start":{"line":4,"column":23},"end":{"line":4,"column":58}},"type":"binary-expr","locations":[{"start":{"line":4,"column":23},"end":{"line":4,"column":47}},{"start":{"line":4,"column":51},"end":{"line":4,"column":58}}]}},"s":{"0":0},"f":{},"b":{"0":[0,0],"1":[0,0],"2":[0,0]}}
,"/Users/ucheekezie/myworks/web3work/drips/burner8/ILN-Smart-Contract/indexer/src/api/routes/events.ts": {"path":"/Users/ucheekezie/myworks/web3work/drips/burner8/ILN-Smart-Contract/indexer/src/api/routes/events.ts","statementMap":{"0":{"start":{"line":17,"column":17},"end":{"line":17,"column":25}},"1":{"start":{"line":19,"column":2},"end":{"line":79,"column":5}},"2":{"start":{"line":20,"column":20},"end":{"line":20,"column":47}},"3":{"start":{"line":21,"column":21},"end":{"line":21,"column":58}},"4":{"start":{"line":22,"column":17},"end":{"line":22,"column":75}},"5":{"start":{"line":23,"column":21},"end":{"line":23,"column":84}},"6":{"start":{"line":24,"column":19},"end":{"line":24,"column":40}},"7":{"start":{"line":26,"column":4},"end":{"line":29,"column":5}},"8":{"start":{"line":27,"column":6},"end":{"line":27,"column":71}},"9":{"start":{"line":28,"column":6},"end":{"line":28,"column":13}},"10":{"start":{"line":31,"column":33},"end":{"line":31,"column":86}},"11":{"start":{"line":32,"column":26},"end":{"line":32,"column":53}},"12":{"start":{"line":34,"column":4},"end":{"line":39,"column":5}},"13":{"start":{"line":35,"column":20},"end":{"line":35,"column":39}},"14":{"start":{"line":36,"column":27},"end":{"line":36,"column":57}},"15":{"start":{"line":36,"column":43},"end":{"line":36,"column":46}},"16":{"start":{"line":37,"column":6},"end":{"line":37,"column":59}},"17":{"start":{"line":38,"column":6},"end":{"line":38,"column":28}},"18":{"start":{"line":41,"column":24},"end":{"line":41,"column":88}},"19":{"start":{"line":44,"column":23},"end":{"line":49,"column":6}},"20":{"start":{"line":50,"column":21},"end":{"line":50,"column":79}},"21":{"start":{"line":51,"column":18},"end":{"line":51,"column":47}},"22":{"start":{"line":54,"column":24},"end":{"line":61,"column":6}},"23":{"start":{"line":62,"column":17},"end":{"line":62,"column":87}},"24":{"start":{"line":64,"column":19},"end":{"line":71,"column":7}},"25":{"start":{"line":64,"column":34},"end":{"line":71,"column":6}},"26":{"start":{"line":73,"column":4},"end":{"line":78,"column":7}},"27":{"start":{"line":81,"column":2},"end":{"line":81,"column":16}}},"fnMap":{"0":{"name":"createEventsRouter","decl":{"start":{"line":16,"column":16},"end":{"line":16,"column":34}},"loc":{"start":{"line":16,"column":56},"end":{"line":82,"column":1}}},"1":{"name":"(anonymous_1)","decl":{"start":{"line":19,"column":24},"end":{"line":19,"column":25}},"loc":{"start":{"line":19,"column":37},"end":{"line":79,"column":3}}},"2":{"name":"(anonymous_2)","decl":{"start":{"line":36,"column":37},"end":{"line":36,"column":40}},"loc":{"start":{"line":36,"column":43},"end":{"line":36,"column":46}}},"3":{"name":"(anonymous_3)","decl":{"start":{"line":64,"column":28},"end":{"line":64,"column":29}},"loc":{"start":{"line":64,"column":34},"end":{"line":71,"column":6}}}},"branchMap":{"0":{"loc":{"start":{"line":22,"column":38},"end":{"line":22,"column":69}},"type":"binary-expr","locations":[{"start":{"line":22,"column":38},"end":{"line":22,"column":62}},{"start":{"line":22,"column":66},"end":{"line":22,"column":69}}]},"1":{"loc":{"start":{"line":23,"column":42},"end":{"line":23,"column":78}},"type":"binary-expr","locations":[{"start":{"line":23,"column":42},"end":{"line":23,"column":70}},{"start":{"line":23,"column":74},"end":{"line":23,"column":78}}]},"2":{"loc":{"start":{"line":26,"column":4},"end":{"line":29,"column":5}},"type":"if","locations":[{"start":{"line":26,"column":4},"end":{"line":29,"column":5}}]},"3":{"loc":{"start":{"line":34,"column":4},"end":{"line":39,"column":5}},"type":"if","locations":[{"start":{"line":34,"column":4},"end":{"line":39,"column":5}}]},"4":{"loc":{"start":{"line":41,"column":24},"end":{"line":41,"column":88}},"type":"cond-expr","locations":[{"start":{"line":41,"column":48},"end":{"line":41,"column":83}},{"start":{"line":41,"column":86},"end":{"line":41,"column":88}}]},"5":{"loc":{"start":{"line":51,"column":18},"end":{"line":51,"column":47}},"type":"cond-expr","locations":[{"start":{"line":51,"column":29},"end":{"line":51,"column":43}},{"start":{"line":51,"column":46},"end":{"line":51,"column":47}}]},"6":{"loc":{"start":{"line":70,"column":23},"end":{"line":70,"column":37}},"type":"binary-expr","locations":[{"start":{"line":70,"column":23},"end":{"line":70,"column":29}},{"start":{"line":70,"column":33},"end":{"line":70,"column":37}}]}},"s":{"0":42,"1":42,"2":5,"3":5,"4":5,"5":5,"6":5,"7":5,"8":1,"9":1,"10":4,"11":4,"12":4,"13":1,"14":1,"15":1,"16":1,"17":1,"18":4,"19":4,"20":4,"21":4,"22":4,"23":4,"24":4,"25":6,"26":4,"27":42},"f":{"0":42,"1":5,"2":1,"3":6},"b":{"0":[5,4],"1":[5,4],"2":[1],"3":[1],"4":[4,0],"5":[4,0],"6":[6,0]}}
,"/Users/ucheekezie/myworks/web3work/drips/burner8/ILN-Smart-Contract/indexer/src/api/routes/invoices.ts": {"path":"/Users/ucheekezie/myworks/web3work/drips/burner8/ILN-Smart-Contract/indexer/src/api/routes/invoices.ts","statementMap":{"0":{"start":{"line":57,"column":14},"end":{"line":57,"column":43}},"1":{"start":{"line":58,"column":26},"end":{"line":58,"column":39}},"2":{"start":{"line":59,"column":2},"end":{"line":59,"column":37}},"3":{"start":{"line":59,"column":28},"end":{"line":59,"column":37}},"4":{"start":{"line":60,"column":23},"end":{"line":60,"column":55}},"5":{"start":{"line":61,"column":2},"end":{"line":61,"column":57}},"6":{"start":{"line":65,"column":17},"end":{"line":65,"column":25}},"7":{"start":{"line":67,"column":2},"end":{"line":131,"column":5}},"8":{"start":{"line":68,"column":22},"end":{"line":68,"column":49}},"9":{"start":{"line":69,"column":4},"end":{"line":72,"column":5}},"10":{"start":{"line":70,"column":6},"end":{"line":70,"column":60}},"11":{"start":{"line":71,"column":6},"end":{"line":71,"column":13}},"12":{"start":{"line":74,"column":20},"end":{"line":76,"column":47}},"13":{"start":{"line":78,"column":4},"end":{"line":81,"column":5}},"14":{"start":{"line":79,"column":6},"end":{"line":79,"column":59}},"15":{"start":{"line":80,"column":6},"end":{"line":80,"column":13}},"16":{"start":{"line":83,"column":22},"end":{"line":85,"column":35}},"17":{"start":{"line":87,"column":30},"end":{"line":89,"column":null}},"18":{"start":{"line":92,"column":25},"end":{"line":92,"column":61}},"19":{"start":{"line":93,"column":23},"end":{"line":93,"column":57}},"20":{"start":{"line":95,"column":6},"end":{"line":95,"column":73}},"21":{"start":{"line":97,"column":16},"end":{"line":97,"column":45}},"22":{"start":{"line":98,"column":28},"end":{"line":100,"column":null}},"23":{"start":{"line":103,"column":38},"end":{"line":128,"column":6}},"24":{"start":{"line":122,"column":36},"end":{"line":127,"column":8}},"25":{"start":{"line":130,"column":4},"end":{"line":130,"column":23}},"26":{"start":{"line":133,"column":2},"end":{"line":230,"column":5}},"27":{"start":{"line":134,"column":4},"end":{"line":134,"column":49}},"28":{"start":{"line":136,"column":18},"end":{"line":136,"column":55}},"29":{"start":{"line":137,"column":18},"end":{"line":137,"column":55}},"30":{"start":{"line":138,"column":22},"end":{"line":138,"column":63}},"31":{"start":{"line":140,"column":17},"end":{"line":140,"column":75}},"32":{"start":{"line":141,"column":21},"end":{"line":141,"column":84}},"33":{"start":{"line":142,"column":19},"end":{"line":142,"column":40}},"34":{"start":{"line":144,"column":24},"end":{"line":144,"column":65}},"35":{"start":{"line":145,"column":27},"end":{"line":145,"column":82}},"36":{"start":{"line":147,"column":49},"end":{"line":152,"column":6}},"37":{"start":{"line":154,"column":20},"end":{"line":154,"column":61}},"38":{"start":{"line":155,"column":18},"end":{"line":155,"column":59}},"39":{"start":{"line":157,"column":33},"end":{"line":157,"column":35}},"40":{"start":{"line":158,"column":26},"end":{"line":158,"column":28}},"41":{"start":{"line":160,"column":4},"end":{"line":163,"column":5}},"42":{"start":{"line":161,"column":6},"end":{"line":161,"column":36}},"43":{"start":{"line":162,"column":6},"end":{"line":162,"column":25}},"44":{"start":{"line":164,"column":4},"end":{"line":167,"column":5}},"45":{"start":{"line":165,"column":6},"end":{"line":165,"column":35}},"46":{"start":{"line":166,"column":6},"end":{"line":166,"column":25}},"47":{"start":{"line":168,"column":4},"end":{"line":171,"column":5}},"48":{"start":{"line":169,"column":6},"end":{"line":169,"column":40}},"49":{"start":{"line":170,"column":6},"end":{"line":170,"column":29}},"50":{"start":{"line":173,"column":24},"end":{"line":173,"column":88}},"51":{"start":{"line":175,"column":23},"end":{"line":175,"column":78}},"52":{"start":{"line":176,"column":21},"end":{"line":176,"column":79}},"53":{"start":{"line":177,"column":18},"end":{"line":177,"column":47}},"54":{"start":{"line":179,"column":24},"end":{"line":184,"column":6}},"55":{"start":{"line":185,"column":17},"end":{"line":185,"column":89}},"56":{"start":{"line":187,"column":21},"end":{"line":222,"column":6}},"57":{"start":{"line":188,"column":32},"end":{"line":190,"column":null}},"58":{"start":{"line":192,"column":27},"end":{"line":192,"column":63}},"59":{"start":{"line":193,"column":25},"end":{"line":193,"column":59}},"60":{"start":{"line":195,"column":8},"end":{"line":195,"column":75}},"61":{"start":{"line":196,"column":18},"end":{"line":196,"column":47}},"62":{"start":{"line":197,"column":30},"end":{"line":199,"column":null}},"63":{"start":{"line":202,"column":6},"end":{"line":221,"column":8}},"64":{"start":{"line":224,"column":4},"end":{"line":229,"column":7}},"65":{"start":{"line":232,"column":2},"end":{"line":232,"column":16}}},"fnMap":{"0":{"name":"computeEffectiveYieldBps","decl":{"start":{"line":56,"column":9},"end":{"line":56,"column":33}},"loc":{"start":{"line":56,"column":71},"end":{"line":62,"column":1}}},"1":{"name":"createInvoicesRouter","decl":{"start":{"line":64,"column":16},"end":{"line":64,"column":36}},"loc":{"start":{"line":64,"column":58},"end":{"line":233,"column":1}}},"2":{"name":"(anonymous_2)","decl":{"start":{"line":67,"column":30},"end":{"line":67,"column":31}},"loc":{"start":{"line":67,"column":43},"end":{"line":131,"column":3}}},"3":{"name":"(anonymous_3)","decl":{"start":{"line":122,"column":28},"end":{"line":122,"column":29}},"loc":{"start":{"line":122,"column":36},"end":{"line":127,"column":8}}},"4":{"name":"(anonymous_4)","decl":{"start":{"line":133,"column":26},"end":{"line":133,"column":27}},"loc":{"start":{"line":133,"column":39},"end":{"line":230,"column":3}}},"5":{"name":"(anonymous_5)","decl":{"start":{"line":187,"column":30},"end":{"line":187,"column":31}},"loc":{"start":{"line":187,"column":42},"end":{"line":222,"column":5}}}},"branchMap":{"0":{"loc":{"start":{"line":59,"column":2},"end":{"line":59,"column":37}},"type":"if","locations":[{"start":{"line":59,"column":2},"end":{"line":59,"column":37}}]},"1":{"loc":{"start":{"line":69,"column":4},"end":{"line":72,"column":5}},"type":"if","locations":[{"start":{"line":69,"column":4},"end":{"line":72,"column":5}}]},"2":{"loc":{"start":{"line":78,"column":4},"end":{"line":81,"column":5}},"type":"if","locations":[{"start":{"line":78,"column":4},"end":{"line":81,"column":5}}]},"3":{"loc":{"start":{"line":92,"column":32},"end":{"line":92,"column":60}},"type":"binary-expr","locations":[{"start":{"line":92,"column":32},"end":{"line":92,"column":53}},{"start":{"line":92,"column":57},"end":{"line":92,"column":60}}]},"4":{"loc":{"start":{"line":93,"column":30},"end":{"line":93,"column":56}},"type":"binary-expr","locations":[{"start":{"line":93,"column":30},"end":{"line":93,"column":49}},{"start":{"line":93,"column":53},"end":{"line":93,"column":56}}]},"5":{"loc":{"start":{"line":95,"column":6},"end":{"line":95,"column":73}},"type":"cond-expr","locations":[{"start":{"line":95,"column":34},"end":{"line":95,"column":37}},{"start":{"line":95,"column":40},"end":{"line":95,"column":73}}]},"6":{"loc":{"start":{"line":126,"column":25},"end":{"line":126,"column":39}},"type":"binary-expr","locations":[{"start":{"line":126,"column":25},"end":{"line":126,"column":31}},{"start":{"line":126,"column":35},"end":{"line":126,"column":39}}]},"7":{"loc":{"start":{"line":140,"column":38},"end":{"line":140,"column":69}},"type":"binary-expr","locations":[{"start":{"line":140,"column":38},"end":{"line":140,"column":62}},{"start":{"line":140,"column":66},"end":{"line":140,"column":69}}]},"8":{"loc":{"start":{"line":141,"column":42},"end":{"line":141,"column":78}},"type":"binary-expr","locations":[{"start":{"line":141,"column":42},"end":{"line":141,"column":70}},{"start":{"line":141,"column":74},"end":{"line":141,"column":78}}]},"9":{"loc":{"start":{"line":144,"column":24},"end":{"line":144,"column":65}},"type":"binary-expr","locations":[{"start":{"line":144,"column":24},"end":{"line":144,"column":50}},{"start":{"line":144,"column":54},"end":{"line":144,"column":65}}]},"10":{"loc":{"start":{"line":145,"column":28},"end":{"line":145,"column":67}},"type":"binary-expr","locations":[{"start":{"line":145,"column":28},"end":{"line":145,"column":57}},{"start":{"line":145,"column":61},"end":{"line":145,"column":67}}]},"11":{"loc":{"start":{"line":154,"column":20},"end":{"line":154,"column":61}},"type":"binary-expr","locations":[{"start":{"line":154,"column":20},"end":{"line":154,"column":45}},{"start":{"line":154,"column":49},"end":{"line":154,"column":61}}]},"12":{"loc":{"start":{"line":155,"column":18},"end":{"line":155,"column":59}},"type":"cond-expr","locations":[{"start":{"line":155,"column":45},"end":{"line":155,"column":50}},{"start":{"line":155,"column":53},"end":{"line":155,"column":59}}]},"13":{"loc":{"start":{"line":160,"column":4},"end":{"line":163,"column":5}},"type":"if","locations":[{"start":{"line":160,"column":4},"end":{"line":163,"column":5}}]},"14":{"loc":{"start":{"line":164,"column":4},"end":{"line":167,"column":5}},"type":"if","locations":[{"start":{"line":164,"column":4},"end":{"line":167,"column":5}}]},"15":{"loc":{"start":{"line":168,"column":4},"end":{"line":171,"column":5}},"type":"if","locations":[{"start":{"line":168,"column":4},"end":{"line":171,"column":5}}]},"16":{"loc":{"start":{"line":173,"column":24},"end":{"line":173,"column":88}},"type":"cond-expr","locations":[{"start":{"line":173,"column":48},"end":{"line":173,"column":83}},{"start":{"line":173,"column":86},"end":{"line":173,"column":88}}]},"17":{"loc":{"start":{"line":177,"column":18},"end":{"line":177,"column":47}},"type":"cond-expr","locations":[{"start":{"line":177,"column":29},"end":{"line":177,"column":43}},{"start":{"line":177,"column":46},"end":{"line":177,"column":47}}]},"18":{"loc":{"start":{"line":192,"column":34},"end":{"line":192,"column":62}},"type":"binary-expr","locations":[{"start":{"line":192,"column":34},"end":{"line":192,"column":55}},{"start":{"line":192,"column":59},"end":{"line":192,"column":62}}]},"19":{"loc":{"start":{"line":193,"column":32},"end":{"line":193,"column":58}},"type":"binary-expr","locations":[{"start":{"line":193,"column":32},"end":{"line":193,"column":51}},{"start":{"line":193,"column":55},"end":{"line":193,"column":58}}]},"20":{"loc":{"start":{"line":195,"column":8},"end":{"line":195,"column":75}},"type":"cond-expr","locations":[{"start":{"line":195,"column":36},"end":{"line":195,"column":39}},{"start":{"line":195,"column":42},"end":{"line":195,"column":75}}]}},"s":{"0":12,"1":12,"2":12,"3":0,"4":12,"5":12,"6":42,"7":42,"8":10,"9":10,"10":1,"11":1,"12":9,"13":9,"14":1,"15":1,"16":8,"17":8,"18":8,"19":8,"20":8,"21":8,"22":8,"23":8,"24":4,"25":8,"26":42,"27":3,"28":3,"29":3,"30":3,"31":3,"32":3,"33":3,"34":3,"35":3,"36":3,"37":3,"38":3,"39":3,"40":3,"41":3,"42":1,"43":1,"44":3,"45":1,"46":1,"47":3,"48":1,"49":1,"50":3,"51":3,"52":3,"53":3,"54":3,"55":3,"56":3,"57":4,"58":4,"59":4,"60":4,"61":4,"62":4,"63":4,"64":3,"65":42},"f":{"0":12,"1":42,"2":10,"3":4,"4":3,"5":4},"b":{"0":[0],"1":[1],"2":[1],"3":[8,0],"4":[8,0],"5":[0,8],"6":[4,0],"7":[3,2],"8":[3,2],"9":[3,2],"10":[3,2],"11":[3,0],"12":[1,2],"13":[1],"14":[1],"15":[1],"16":[1,2],"17":[3,0],"18":[4,0],"19":[4,0],"20":[0,4]}}
,"/Users/ucheekezie/myworks/web3work/drips/burner8/ILN-Smart-Contract/indexer/src/api/routes/leaderboard.ts": {"path":"/Users/ucheekezie/myworks/web3work/drips/burner8/ILN-Smart-Contract/indexer/src/api/routes/leaderboard.ts","statementMap":{"0":{"start":{"line":6,"column":17},"end":{"line":6,"column":25}},"1":{"start":{"line":8,"column":2},"end":{"line":24,"column":5}},"2":{"start":{"line":9,"column":23},"end":{"line":9,"column":38}},"3":{"start":{"line":10,"column":18},"end":{"line":10,"column":55}},"4":{"start":{"line":12,"column":16},"end":{"line":12,"column":18}},"5":{"start":{"line":13,"column":4},"end":{"line":20,"column":5}},"6":{"start":{"line":14,"column":21},"end":{"line":14,"column":55}},"7":{"start":{"line":15,"column":6},"end":{"line":18,"column":7}},"8":{"start":{"line":16,"column":8},"end":{"line":16,"column":67}},"9":{"start":{"line":17,"column":8},"end":{"line":17,"column":15}},"10":{"start":{"line":19,"column":6},"end":{"line":19,"column":36}},"11":{"start":{"line":22,"column":40},"end":{"line":22,"column":72}},"12":{"start":{"line":23,"column":4},"end":{"line":23,"column":22}},"13":{"start":{"line":26,"column":2},"end":{"line":26,"column":16}}},"fnMap":{"0":{"name":"createLeaderboardRouter","decl":{"start":{"line":5,"column":16},"end":{"line":5,"column":39}},"loc":{"start":{"line":5,"column":61},"end":{"line":27,"column":1}}},"1":{"name":"(anonymous_1)","decl":{"start":{"line":8,"column":29},"end":{"line":8,"column":30}},"loc":{"start":{"line":8,"column":42},"end":{"line":24,"column":3}}}},"branchMap":{"0":{"loc":{"start":{"line":13,"column":4},"end":{"line":20,"column":5}},"type":"if","locations":[{"start":{"line":13,"column":4},"end":{"line":20,"column":5}}]},"1":{"loc":{"start":{"line":15,"column":6},"end":{"line":18,"column":7}},"type":"if","locations":[{"start":{"line":15,"column":6},"end":{"line":18,"column":7}}]},"2":{"loc":{"start":{"line":15,"column":10},"end":{"line":15,"column":37}},"type":"binary-expr","locations":[{"start":{"line":15,"column":10},"end":{"line":15,"column":23}},{"start":{"line":15,"column":27},"end":{"line":15,"column":37}}]}},"s":{"0":42,"1":42,"2":8,"3":8,"4":8,"5":8,"6":3,"7":3,"8":1,"9":1,"10":2,"11":7,"12":7,"13":42},"f":{"0":42,"1":8},"b":{"0":[3],"1":[1],"2":[3,2]}}
,"/Users/ucheekezie/myworks/web3work/drips/burner8/ILN-Smart-Contract/indexer/src/api/routes/reputation.ts": {"path":"/Users/ucheekezie/myworks/web3work/drips/burner8/ILN-Smart-Contract/indexer/src/api/routes/reputation.ts","statementMap":{"0":{"start":{"line":31,"column":17},"end":{"line":31,"column":25}},"1":{"start":{"line":33,"column":2},"end":{"line":106,"column":5}},"2":{"start":{"line":34,"column":24},"end":{"line":34,"column":34}},"3":{"start":{"line":35,"column":27},"end":{"line":35,"column":70}},"4":{"start":{"line":37,"column":22},"end":{"line":47,"column":54}},"5":{"start":{"line":49,"column":4},"end":{"line":59,"column":5}},"6":{"start":{"line":50,"column":6},"end":{"line":57,"column":9}},"7":{"start":{"line":58,"column":6},"end":{"line":58,"column":13}},"8":{"start":{"line":61,"column":21},"end":{"line":61,"column":23}},"9":{"start":{"line":62,"column":4},"end":{"line":66,"column":5}},"10":{"start":{"line":63,"column":6},"end":{"line":63,"column":40}},"11":{"start":{"line":64,"column":11},"end":{"line":66,"column":5}},"12":{"start":{"line":65,"column":6},"end":{"line":65,"column":40}},"13":{"start":{"line":68,"column":45},"end":{"line":68,"column":54}},"14":{"start":{"line":69,"column":4},"end":{"line":73,"column":5}},"15":{"start":{"line":70,"column":6},"end":{"line":70,"column":76}},"16":{"start":{"line":71,"column":11},"end":{"line":73,"column":5}},"17":{"start":{"line":72,"column":6},"end":{"line":72,"column":76}},"18":{"start":{"line":75,"column":24},"end":{"line":84,"column":null}},"19":{"start":{"line":91,"column":41},"end":{"line":103,"column":6}},"20":{"start":{"line":97,"column":41},"end":{"line":102,"column":8}},"21":{"start":{"line":105,"column":4},"end":{"line":105,"column":23}},"22":{"start":{"line":108,"column":2},"end":{"line":108,"column":16}}},"fnMap":{"0":{"name":"createReputationRouter","decl":{"start":{"line":30,"column":16},"end":{"line":30,"column":38}},"loc":{"start":{"line":30,"column":60},"end":{"line":109,"column":1}}},"1":{"name":"(anonymous_1)","decl":{"start":{"line":33,"column":37},"end":{"line":33,"column":38}},"loc":{"start":{"line":33,"column":50},"end":{"line":106,"column":3}}},"2":{"name":"(anonymous_2)","decl":{"start":{"line":97,"column":31},"end":{"line":97,"column":32}},"loc":{"start":{"line":97,"column":41},"end":{"line":102,"column":8}}}},"branchMap":{"0":{"loc":{"start":{"line":35,"column":27},"end":{"line":35,"column":70}},"type":"binary-expr","locations":[{"start":{"line":35,"column":27},"end":{"line":35,"column":61}},{"start":{"line":35,"column":65},"end":{"line":35,"column":70}}]},"1":{"loc":{"start":{"line":49,"column":4},"end":{"line":59,"column":5}},"type":"if","locations":[{"start":{"line":49,"column":4},"end":{"line":59,"column":5}}]},"2":{"loc":{"start":{"line":62,"column":4},"end":{"line":66,"column":5}},"type":"if","locations":[{"start":{"line":62,"column":4},"end":{"line":66,"column":5}},{"start":{"line":64,"column":11},"end":{"line":66,"column":5}}]},"3":{"loc":{"start":{"line":64,"column":11},"end":{"line":66,"column":5}},"type":"if","locations":[{"start":{"line":64,"column":11},"end":{"line":66,"column":5}}]},"4":{"loc":{"start":{"line":69,"column":4},"end":{"line":73,"column":5}},"type":"if","locations":[{"start":{"line":69,"column":4},"end":{"line":73,"column":5}},{"start":{"line":71,"column":11},"end":{"line":73,"column":5}}]},"5":{"loc":{"start":{"line":71,"column":11},"end":{"line":73,"column":5}},"type":"if","locations":[{"start":{"line":71,"column":11},"end":{"line":73,"column":5}}]}},"s":{"0":42,"1":42,"2":9,"3":9,"4":9,"5":9,"6":1,"7":1,"8":8,"9":8,"10":1,"11":7,"12":1,"13":8,"14":8,"15":1,"16":7,"17":1,"18":8,"19":8,"20":13,"21":8,"22":42},"f":{"0":42,"1":9,"2":13},"b":{"0":[9,6],"1":[1],"2":[1,7],"3":[1],"4":[1,7],"5":[1]}}
,"/Users/ucheekezie/myworks/web3work/drips/burner8/ILN-Smart-Contract/indexer/src/api/routes/stats.ts": {"path":"/Users/ucheekezie/myworks/web3work/drips/burner8/ILN-Smart-Contract/indexer/src/api/routes/stats.ts","statementMap":{"0":{"start":{"line":11,"column":17},"end":{"line":11,"column":25}},"1":{"start":{"line":13,"column":2},"end":{"line":16,"column":5}},"2":{"start":{"line":14,"column":33},"end":{"line":14,"column":53}},"3":{"start":{"line":15,"column":4},"end":{"line":15,"column":20}},"4":{"start":{"line":18,"column":2},"end":{"line":26,"column":5}},"5":{"start":{"line":19,"column":20},"end":{"line":19,"column":56}},"6":{"start":{"line":20,"column":4},"end":{"line":23,"column":5}},"7":{"start":{"line":21,"column":6},"end":{"line":21,"column":78}},"8":{"start":{"line":22,"column":6},"end":{"line":22,"column":13}},"9":{"start":{"line":24,"column":41},"end":{"line":24,"column":93}},"10":{"start":{"line":25,"column":4},"end":{"line":25,"column":22}},"11":{"start":{"line":28,"column":2},"end":{"line":28,"column":16}}},"fnMap":{"0":{"name":"createStatsRouter","decl":{"start":{"line":10,"column":16},"end":{"line":10,"column":33}},"loc":{"start":{"line":10,"column":55},"end":{"line":29,"column":1}}},"1":{"name":"(anonymous_1)","decl":{"start":{"line":13,"column":23},"end":{"line":13,"column":24}},"loc":{"start":{"line":13,"column":37},"end":{"line":16,"column":3}}},"2":{"name":"(anonymous_2)","decl":{"start":{"line":18,"column":31},"end":{"line":18,"column":32}},"loc":{"start":{"line":18,"column":44},"end":{"line":26,"column":3}}}},"branchMap":{"0":{"loc":{"start":{"line":19,"column":20},"end":{"line":19,"column":56}},"type":"binary-expr","locations":[{"start":{"line":19,"column":20},"end":{"line":19,"column":47}},{"start":{"line":19,"column":51},"end":{"line":19,"column":56}}]},"1":{"loc":{"start":{"line":20,"column":4},"end":{"line":23,"column":5}},"type":"if","locations":[{"start":{"line":20,"column":4},"end":{"line":23,"column":5}}]}},"s":{"0":42,"1":42,"2":7,"3":7,"4":42,"5":3,"6":3,"7":1,"8":1,"9":2,"10":2,"11":42},"f":{"0":42,"1":7,"2":3},"b":{"0":[3,0],"1":[1]}}
,"/Users/ucheekezie/myworks/web3work/drips/burner8/ILN-Smart-Contract/indexer/src/database/db.ts": {"path":"/Users/ucheekezie/myworks/web3work/drips/burner8/ILN-Smart-Contract/indexer/src/database/db.ts","statementMap":{"0":{"start":{"line":4,"column":35},"end":{"line":4,"column":39}},"1":{"start":{"line":7,"column":2},"end":{"line":12,"column":3}},"2":{"start":{"line":8,"column":4},"end":{"line":8,"column":44}},"3":{"start":{"line":9,"column":4},"end":{"line":9,"column":36}},"4":{"start":{"line":10,"column":4},"end":{"line":10,"column":35}},"5":{"start":{"line":11,"column":4},"end":{"line":11,"column":25}},"6":{"start":{"line":13,"column":2},"end":{"line":13,"column":12}},"7":{"start":{"line":17,"column":2},"end":{"line":20,"column":3}},"8":{"start":{"line":18,"column":4},"end":{"line":18,"column":15}},"9":{"start":{"line":19,"column":4},"end":{"line":19,"column":14}},"10":{"start":{"line":24,"column":2},"end":{"line":24,"column":12}}},"fnMap":{"0":{"name":"getDb","decl":{"start":{"line":6,"column":16},"end":{"line":6,"column":21}},"loc":{"start":{"line":6,"column":37},"end":{"line":14,"column":1}}},"1":{"name":"closeDb","decl":{"start":{"line":16,"column":16},"end":{"line":16,"column":23}},"loc":{"start":{"line":16,"column":23},"end":{"line":21,"column":1}}},"2":{"name":"resetDb","decl":{"start":{"line":23,"column":16},"end":{"line":23,"column":23}},"loc":{"start":{"line":23,"column":23},"end":{"line":25,"column":1}}}},"branchMap":{"0":{"loc":{"start":{"line":7,"column":2},"end":{"line":12,"column":3}},"type":"if","locations":[{"start":{"line":7,"column":2},"end":{"line":12,"column":3}}]},"1":{"loc":{"start":{"line":8,"column":22},"end":{"line":8,"column":42}},"type":"binary-expr","locations":[{"start":{"line":8,"column":22},"end":{"line":8,"column":28}},{"start":{"line":8,"column":32},"end":{"line":8,"column":42}}]},"2":{"loc":{"start":{"line":17,"column":2},"end":{"line":20,"column":3}},"type":"if","locations":[{"start":{"line":17,"column":2},"end":{"line":20,"column":3}}]}},"s":{"0":0,"1":0,"2":0,"3":0,"4":0,"5":0,"6":0,"7":0,"8":0,"9":0,"10":0},"f":{"0":0,"1":0,"2":0},"b":{"0":[0],"1":[0,0],"2":[0]}}
,"/Users/ucheekezie/myworks/web3work/drips/burner8/ILN-Smart-Contract/indexer/src/database/schema.ts": {"path":"/Users/ucheekezie/myworks/web3work/drips/burner8/ILN-Smart-Contract/indexer/src/database/schema.ts","statementMap":{"0":{"start":{"line":4,"column":2},"end":{"line":79,"column":5}}},"fnMap":{"0":{"name":"initializeSchema","decl":{"start":{"line":3,"column":16},"end":{"line":3,"column":32}},"loc":{"start":{"line":3,"column":54},"end":{"line":80,"column":1}}}},"branchMap":{},"s":{"0":42},"f":{"0":42},"b":{}}
,"/Users/ucheekezie/myworks/web3work/drips/burner8/ILN-Smart-Contract/indexer/src/services/leaderboardService.ts": {"path":"/Users/ucheekezie/myworks/web3work/drips/burner8/ILN-Smart-Contract/indexer/src/services/leaderboardService.ts","statementMap":{"0":{"start":{"line":24,"column":20},"end":{"line":24,"column":53}},"1":{"start":{"line":28,"column":2},"end":{"line":67,"column":3}},"2":{"start":{"line":29,"column":4},"end":{"line":48,"column":48}},"3":{"start":{"line":50,"column":4},"end":{"line":66,"column":41}},"4":{"start":{"line":69,"column":21},"end":{"line":74,"column":null}},"5":{"start":{"line":77,"column":2},"end":{"line":87,"column":5}},"6":{"start":{"line":78,"column":22},"end":{"line":78,"column":80}},"7":{"start":{"line":79,"column":4},"end":{"line":86,"column":6}}},"fnMap":{"0":{"name":"getLeaderboard","decl":{"start":{"line":19,"column":16},"end":{"line":19,"column":30}},"loc":{"start":{"line":22,"column":16},"end":{"line":88,"column":1}}},"1":{"name":"(anonymous_1)","decl":{"start":{"line":77,"column":18},"end":{"line":77,"column":19}},"loc":{"start":{"line":77,"column":31},"end":{"line":87,"column":3}}}},"branchMap":{"0":{"loc":{"start":{"line":21,"column":2},"end":{"line":21,"column":20}},"type":"default-arg","locations":[{"start":{"line":21,"column":18},"end":{"line":21,"column":20}}]},"1":{"loc":{"start":{"line":28,"column":2},"end":{"line":67,"column":3}},"type":"if","locations":[{"start":{"line":28,"column":2},"end":{"line":67,"column":3}},{"start":{"line":49,"column":9},"end":{"line":67,"column":3}}]},"2":{"loc":{"start":{"line":85,"column":26},"end":{"line":85,"column":45}},"type":"binary-expr","locations":[{"start":{"line":85,"column":26},"end":{"line":85,"column":40}},{"start":{"line":85,"column":44},"end":{"line":85,"column":45}}]}},"s":{"0":7,"1":7,"2":0,"3":7,"4":7,"5":7,"6":16,"7":16},"f":{"0":7,"1":16},"b":{"0":[0],"1":[0,7],"2":[16,16]}}
,"/Users/ucheekezie/myworks/web3work/drips/burner8/ILN-Smart-Contract/indexer/src/services/statsService.ts": {"path":"/Users/ucheekezie/myworks/web3work/drips/burner8/ILN-Smart-Contract/indexer/src/services/statsService.ts","statementMap":{"0":{"start":{"line":30,"column":38},"end":{"line":30,"column":42}},"1":{"start":{"line":36,"column":14},"end":{"line":36,"column":24}},"2":{"start":{"line":38,"column":2},"end":{"line":40,"column":3}},"3":{"start":{"line":39,"column":4},"end":{"line":39,"column":29}},"4":{"start":{"line":42,"column":17},"end":{"line":56,"column":null}},"5":{"start":{"line":66,"column":23},"end":{"line":75,"column":54}},"6":{"start":{"line":77,"column":48},"end":{"line":77,"column":50}},"7":{"start":{"line":78,"column":2},"end":{"line":80,"column":3}},"8":{"start":{"line":79,"column":4},"end":{"line":79,"column":50}},"9":{"start":{"line":82,"column":22},"end":{"line":82,"column":75}},"10":{"start":{"line":84,"column":31},"end":{"line":95,"column":4}},"11":{"start":{"line":97,"column":2},"end":{"line":97,"column":41}},"12":{"start":{"line":98,"column":2},"end":{"line":98,"column":15}},"13":{"start":{"line":105,"column":19},"end":{"line":105,"column":21}},"14":{"start":{"line":106,"column":2},"end":{"line":110,"column":3}},"15":{"start":{"line":107,"column":4},"end":{"line":107,"column":57}},"16":{"start":{"line":108,"column":9},"end":{"line":110,"column":3}},"17":{"start":{"line":109,"column":4},"end":{"line":109,"column":57}},"18":{"start":{"line":112,"column":15},"end":{"line":127,"column":33}},"19":{"start":{"line":129,"column":2},"end":{"line":129,"column":14}},"20":{"start":{"line":133,"column":2},"end":{"line":133,"column":21}},"21":{"start":{"line":134,"column":2},"end":{"line":134,"column":30}},"22":{"start":{"line":138,"column":2},"end":{"line":138,"column":21}}},"fnMap":{"0":{"name":"getProtocolStats","decl":{"start":{"line":32,"column":16},"end":{"line":32,"column":32}},"loc":{"start":{"line":34,"column":28},"end":{"line":99,"column":1}}},"1":{"name":"getStatsHistory","decl":{"start":{"line":101,"column":16},"end":{"line":101,"column":31}},"loc":{"start":{"line":103,"column":39},"end":{"line":130,"column":1}}},"2":{"name":"refreshStats","decl":{"start":{"line":132,"column":16},"end":{"line":132,"column":28}},"loc":{"start":{"line":132,"column":50},"end":{"line":135,"column":1}}},"3":{"name":"clearStatsCache","decl":{"start":{"line":137,"column":16},"end":{"line":137,"column":31}},"loc":{"start":{"line":137,"column":31},"end":{"line":139,"column":1}}}},"branchMap":{"0":{"loc":{"start":{"line":34,"column":2},"end":{"line":34,"column":28}},"type":"default-arg","locations":[{"start":{"line":34,"column":23},"end":{"line":34,"column":28}}]},"1":{"loc":{"start":{"line":38,"column":2},"end":{"line":40,"column":3}},"type":"if","locations":[{"start":{"line":38,"column":2},"end":{"line":40,"column":3}}]},"2":{"loc":{"start":{"line":38,"column":6},"end":{"line":38,"column":60}},"type":"binary-expr","locations":[{"start":{"line":38,"column":6},"end":{"line":38,"column":17}},{"start":{"line":38,"column":21},"end":{"line":38,"column":60}}]},"3":{"loc":{"start":{"line":82,"column":22},"end":{"line":82,"column":75}},"type":"cond-expr","locations":[{"start":{"line":82,"column":41},"end":{"line":82,"column":71}},{"start":{"line":82,"column":74},"end":{"line":82,"column":75}}]},"4":{"loc":{"start":{"line":85,"column":19},"end":{"line":85,"column":36}},"type":"binary-expr","locations":[{"start":{"line":85,"column":19},"end":{"line":85,"column":31}},{"start":{"line":85,"column":35},"end":{"line":85,"column":36}}]},"5":{"loc":{"start":{"line":86,"column":17},"end":{"line":86,"column":35}},"type":"binary-expr","locations":[{"start":{"line":86,"column":17},"end":{"line":86,"column":30}},{"start":{"line":86,"column":34},"end":{"line":86,"column":35}}]},"6":{"loc":{"start":{"line":87,"column":15},"end":{"line":87,"column":31}},"type":"binary-expr","locations":[{"start":{"line":87,"column":15},"end":{"line":87,"column":26}},{"start":{"line":87,"column":30},"end":{"line":87,"column":31}}]},"7":{"loc":{"start":{"line":88,"column":20},"end":{"line":88,"column":41}},"type":"binary-expr","locations":[{"start":{"line":88,"column":20},"end":{"line":88,"column":36}},{"start":{"line":88,"column":40},"end":{"line":88,"column":41}}]},"8":{"loc":{"start":{"line":89,"column":18},"end":{"line":89,"column":37}},"type":"binary-expr","locations":[{"start":{"line":89,"column":18},"end":{"line":89,"column":32}},{"start":{"line":89,"column":36},"end":{"line":89,"column":37}}]},"9":{"loc":{"start":{"line":90,"column":19},"end":{"line":90,"column":39}},"type":"binary-expr","locations":[{"start":{"line":90,"column":19},"end":{"line":90,"column":34}},{"start":{"line":90,"column":38},"end":{"line":90,"column":39}}]},"10":{"loc":{"start":{"line":92,"column":35},"end":{"line":92,"column":59}},"type":"binary-expr","locations":[{"start":{"line":92,"column":35},"end":{"line":92,"column":54}},{"start":{"line":92,"column":58},"end":{"line":92,"column":59}}]},"11":{"loc":{"start":{"line":103,"column":2},"end":{"line":103,"column":39}},"type":"default-arg","locations":[{"start":{"line":103,"column":34},"end":{"line":103,"column":39}}]},"12":{"loc":{"start":{"line":106,"column":2},"end":{"line":110,"column":3}},"type":"if","locations":[{"start":{"line":106,"column":2},"end":{"line":110,"column":3}},{"start":{"line":108,"column":9},"end":{"line":110,"column":3}}]},"13":{"loc":{"start":{"line":108,"column":9},"end":{"line":110,"column":3}},"type":"if","locations":[{"start":{"line":108,"column":9},"end":{"line":110,"column":3}}]}},"s":{"0":5,"1":7,"2":7,"3":1,"4":6,"5":6,"6":6,"7":6,"8":6,"9":6,"10":6,"11":6,"12":6,"13":2,"14":2,"15":1,"16":1,"17":0,"18":2,"19":2,"20":0,"21":0,"22":9},"f":{"0":7,"1":2,"2":0,"3":9},"b":{"0":[7],"1":[1],"2":[7,1],"3":[4,2],"4":[6,2],"5":[6,2],"6":[6,2],"7":[6,5],"8":[6,5],"9":[6,4],"10":[6,2],"11":[0],"12":[1,1],"13":[0]}}
}
