TN:
SF:src/app.ts
FN:9,createApp
FN:20,(anonymous_1)
FNF:2
FNH:1
FNDA:42,createApp
FNDA:0,(anonymous_1)
DA:10,42
DA:12,42
DA:14,42
DA:15,42
DA:16,42
DA:17,42
DA:18,42
DA:20,42
DA:21,0
DA:24,42
LF:10
LH:9
BRF:0
BRH:0
end_of_record
TN:
SF:src/config.ts
FNF:0
FNH:0
DA:1,0
LF:1
LH:0
BRDA:2,0,0,0
BRDA:2,0,1,0
BRDA:3,1,0,0
BRDA:3,1,1,0
BRDA:4,2,0,0
BRDA:4,2,1,0
BRF:6
BRH:0
end_of_record
TN:
SF:src/api/routes/events.ts
FN:16,createEventsRouter
FN:19,(anonymous_1)
FN:36,(anonymous_2)
FN:64,(anonymous_3)
FNF:4
FNH:4
FNDA:42,createEventsRouter
FNDA:5,(anonymous_1)
FNDA:1,(anonymous_2)
FNDA:6,(anonymous_3)
DA:17,42
DA:19,42
DA:20,5
DA:21,5
DA:22,5
DA:23,5
DA:24,5
DA:26,5
DA:27,1
DA:28,1
DA:31,4
DA:32,4
DA:34,4
DA:35,1
DA:36,1
DA:37,1
DA:38,1
DA:41,4
DA:44,4
DA:50,4
DA:51,4
DA:54,4
DA:62,4
DA:64,6
DA:73,4
DA:81,42
LF:26
LH:26
BRDA:22,0,0,5
BRDA:22,0,1,4
BRDA:23,1,0,5
BRDA:23,1,1,4
BRDA:26,2,0,1
BRDA:34,3,0,1
BRDA:41,4,0,4
BRDA:41,4,1,0
BRDA:51,5,0,4
BRDA:51,5,1,0
BRDA:70,6,0,6
BRDA:70,6,1,0
BRF:12
BRH:9
end_of_record
TN:
SF:src/api/routes/invoices.ts
FN:56,computeEffectiveYieldBps
FN:64,createInvoicesRouter
FN:67,(anonymous_2)
FN:122,(anonymous_3)
FN:133,(anonymous_4)
FN:187,(anonymous_5)
FNF:6
FNH:6
FNDA:12,computeEffectiveYieldBps
FNDA:42,createInvoicesRouter
FNDA:10,(anonymous_2)
FNDA:4,(anonymous_3)
FNDA:3,(anonymous_4)
FNDA:4,(anonymous_5)
DA:57,12
DA:58,12
DA:59,12
DA:60,12
DA:61,12
DA:65,42
DA:67,42
DA:68,10
DA:69,10
DA:70,1
DA:71,1
DA:74,9
DA:78,9
DA:79,1
DA:80,1
DA:83,8
DA:87,8
DA:92,8
DA:93,8
DA:95,8
DA:97,8
DA:98,8
DA:103,8
DA:122,4
DA:130,8
DA:133,42
DA:134,3
DA:136,3
DA:137,3
DA:138,3
DA:140,3
DA:141,3
DA:142,3
DA:144,3
DA:145,3
DA:147,3
DA:154,3
DA:155,3
DA:157,3
DA:158,3
DA:160,3
DA:161,1
DA:162,1
DA:164,3
DA:165,1
DA:166,1
DA:168,3
DA:169,1
DA:170,1
DA:173,3
DA:175,3
DA:176,3
DA:177,3
DA:179,3
DA:185,3
DA:187,3
DA:188,4
DA:192,4
DA:193,4
DA:195,4
DA:196,4
DA:197,4
DA:202,4
DA:224,3
DA:232,42
LF:65
LH:65
BRDA:59,0,0,0
BRDA:69,1,0,1
BRDA:78,2,0,1
BRDA:92,3,0,8
BRDA:92,3,1,0
BRDA:93,4,0,8
BRDA:93,4,1,0
BRDA:95,5,0,0
BRDA:95,5,1,8
BRDA:126,6,0,4
BRDA:126,6,1,0
BRDA:140,7,0,3
BRDA:140,7,1,2
BRDA:141,8,0,3
BRDA:141,8,1,2
BRDA:144,9,0,3
BRDA:144,9,1,2
BRDA:145,10,0,3
BRDA:145,10,1,2
BRDA:154,11,0,3
BRDA:154,11,1,0
BRDA:155,12,0,1
BRDA:155,12,1,2
BRDA:160,13,0,1
BRDA:164,14,0,1
BRDA:168,15,0,1
BRDA:173,16,0,1
BRDA:173,16,1,2
BRDA:177,17,0,3
BRDA:177,17,1,0
BRDA:192,18,0,4
BRDA:192,18,1,0
BRDA:193,19,0,4
BRDA:193,19,1,0
BRDA:195,20,0,0
BRDA:195,20,1,4
BRF:36
BRH:26
end_of_record
TN:
SF:src/api/routes/leaderboard.ts
FN:5,createLeaderboardRouter
FN:8,(anonymous_1)
FNF:2
FNH:2
FNDA:42,createLeaderboardRouter
FNDA:8,(anonymous_1)
DA:6,42
DA:8,42
DA:9,8
DA:10,8
DA:12,8
DA:13,8
DA:14,3
DA:15,3
DA:16,1
DA:17,1
DA:19,2
DA:22,7
DA:23,7
DA:26,42
LF:14
LH:14
BRDA:13,0,0,3
BRDA:15,1,0,1
BRDA:15,2,0,3
BRDA:15,2,1,2
BRF:4
BRH:4
end_of_record
TN:
SF:src/api/routes/reputation.ts
FN:30,createReputationRouter
FN:33,(anonymous_1)
FN:97,(anonymous_2)
FNF:3
FNH:3
FNDA:42,createReputationRouter
FNDA:9,(anonymous_1)
FNDA:13,(anonymous_2)
DA:31,42
DA:33,42
DA:34,9
DA:35,9
DA:37,9
DA:49,9
DA:50,1
DA:58,1
DA:61,8
DA:62,8
DA:63,1
DA:64,7
DA:65,1
DA:68,8
DA:69,8
DA:70,1
DA:71,7
DA:72,1
DA:75,8
DA:91,8
DA:97,13
DA:105,8
DA:108,42
LF:23
LH:23
BRDA:35,0,0,9
BRDA:35,0,1,6
BRDA:49,1,0,1
BRDA:62,2,0,1
BRDA:62,2,1,7
BRDA:64,3,0,1
BRDA:69,4,0,1
BRDA:69,4,1,7
BRDA:71,5,0,1
BRF:9
BRH:9
end_of_record
TN:
SF:src/api/routes/stats.ts
FN:10,createStatsRouter
FN:13,(anonymous_1)
FN:18,(anonymous_2)
FNF:3
FNH:3
FNDA:42,createStatsRouter
FNDA:7,(anonymous_1)
FNDA:3,(anonymous_2)
DA:11,42
DA:13,42
DA:14,7
DA:15,7
DA:18,42
DA:19,3
DA:20,3
DA:21,1
DA:22,1
DA:24,2
DA:25,2
DA:28,42
LF:12
LH:12
BRDA:19,0,0,3
BRDA:19,0,1,0
BRDA:20,1,0,1
BRF:3
BRH:2
end_of_record
TN:
SF:src/database/db.ts
FN:6,getDb
FN:16,closeDb
FN:23,resetDb
FNF:3
FNH:0
FNDA:0,getDb
FNDA:0,closeDb
FNDA:0,resetDb
DA:4,0
DA:7,0
DA:8,0
DA:9,0
DA:10,0
DA:11,0
DA:13,0
DA:17,0
DA:18,0
DA:19,0
DA:24,0
LF:11
LH:0
BRDA:7,0,0,0
BRDA:8,1,0,0
BRDA:8,1,1,0
BRDA:17,2,0,0
BRF:4
BRH:0
end_of_record
TN:
SF:src/database/schema.ts
FN:3,initializeSchema
FNF:1
FNH:1
FNDA:42,initializeSchema
DA:4,42
LF:1
LH:1
BRF:0
BRH:0
end_of_record
TN:
SF:src/services/leaderboardService.ts
FN:19,getLeaderboard
FN:77,(anonymous_1)
FNF:2
FNH:2
FNDA:7,getLeaderboard
FNDA:16,(anonymous_1)
DA:24,7
DA:28,7
DA:29,0
DA:50,7
DA:69,7
DA:77,7
DA:78,16
DA:79,16
LF:8
LH:7
BRDA:21,0,0,0
BRDA:28,1,0,0
BRDA:28,1,1,7
BRDA:85,2,0,16
BRDA:85,2,1,16
BRF:5
BRH:3
end_of_record
TN:
SF:src/services/statsService.ts
FN:32,getProtocolStats
FN:101,getStatsHistory
FN:132,refreshStats
FN:137,clearStatsCache
FNF:4
FNH:3
FNDA:7,getProtocolStats
FNDA:2,getStatsHistory
FNDA:0,refreshStats
FNDA:9,clearStatsCache
DA:30,5
DA:36,7
DA:38,7
DA:39,1
DA:42,6
DA:66,6
DA:77,6
DA:78,6
DA:79,6
DA:82,6
DA:84,6
DA:97,6
DA:98,6
DA:105,2
DA:106,2
DA:107,1
DA:108,1
DA:109,0
DA:112,2
DA:129,2
DA:133,0
DA:134,0
DA:138,9
LF:23
LH:20
BRDA:34,0,0,7
BRDA:38,1,0,1
BRDA:38,2,0,7
BRDA:38,2,1,1
BRDA:82,3,0,4
BRDA:82,3,1,2
BRDA:85,4,0,6
BRDA:85,4,1,2
BRDA:86,5,0,6
BRDA:86,5,1,2
BRDA:87,6,0,6
BRDA:87,6,1,2
BRDA:88,7,0,6
BRDA:88,7,1,5
BRDA:89,8,0,6
BRDA:89,8,1,5
BRDA:90,9,0,6
BRDA:90,9,1,4
BRDA:92,10,0,6
BRDA:92,10,1,2
BRDA:103,11,0,0
BRDA:106,12,0,1
BRDA:106,12,1,1
BRDA:108,13,0,0
BRF:24
BRH:22
end_of_record
