{"/Users/ucheekezie/myworks/web3work/drips/burner8/ILN-Smart-Contract/sdk/src/client.d.ts": {"path":"/Users/ucheekezie/myworks/web3work/drips/burner8/ILN-Smart-Contract/sdk/src/client.d.ts","statementMap":{},"fnMap":{},"branchMap":{},"s":{},"f":{},"b":{}}
,"/Users/ucheekezie/myworks/web3work/drips/burner8/ILN-Smart-Contract/sdk/src/client.test.d.ts": {"path":"/Users/ucheekezie/myworks/web3work/drips/burner8/ILN-Smart-Contract/sdk/src/client.test.d.ts","statementMap":{},"fnMap":{},"branchMap":{},"s":{},"f":{},"b":{}}
,"/Users/ucheekezie/myworks/web3work/drips/burner8/ILN-Smart-Contract/sdk/src/client.ts": {"path":"/Users/ucheekezie/myworks/web3work/drips/burner8/ILN-Smart-Contract/sdk/src/client.ts","statementMap":{"0":{"start":{"line":31,"column":31},"end":{"line":31,"column":68}},"1":{"start":{"line":36,"column":31},"end":{"line":36,"column":60}},"2":{"start":{"line":93,"column":4},"end":{"line":93,"column":52}},"3":{"start":{"line":94,"column":4},"end":{"line":94,"column":54}},"4":{"start":{"line":95,"column":4},"end":{"line":95,"column":40}},"5":{"start":{"line":96,"column":4},"end":{"line":96,"column":32}},"6":{"start":{"line":118,"column":4},"end":{"line":128,"column":7}},"7":{"start":{"line":148,"column":4},"end":{"line":156,"column":7}},"8":{"start":{"line":168,"column":4},"end":{"line":168,"column":33}},"9":{"start":{"line":186,"column":4},"end":{"line":189,"column":5}},"10":{"start":{"line":187,"column":6},"end":{"line":188,"column":23}},"11":{"start":{"line":190,"column":4},"end":{"line":190,"column":91}},"12":{"start":{"line":203,"column":4},"end":{"line":206,"column":5}},"13":{"start":{"line":204,"column":6},"end":{"line":205,"column":26}},"14":{"start":{"line":207,"column":4},"end":{"line":207,"column":85}},"15":{"start":{"line":229,"column":10},"end":{"line":229,"column":43}},"16":{"start":{"line":232,"column":4},"end":{"line":232,"column":41}},"17":{"start":{"line":237,"column":4},"end":{"line":241,"column":5}},"18":{"start":{"line":238,"column":6},"end":{"line":240,"column":8}},"19":{"start":{"line":242,"column":4},"end":{"line":242,"column":24}},"20":{"start":{"line":246,"column":4},"end":{"line":246,"column":46}},"21":{"start":{"line":250,"column":4},"end":{"line":250,"column":42}},"22":{"start":{"line":254,"column":19},"end":{"line":254,"column":37}}},"fnMap":{"0":{"name":"(anonymous_0)","decl":{"start":{"line":92,"column":2},"end":{"line":92,"column":14}},"loc":{"start":{"line":92,"column":37},"end":{"line":97,"column":3}}},"1":{"name":"(anonymous_1)","decl":{"start":{"line":114,"column":2},"end":{"line":114,"column":8}},"loc":{"start":{"line":116,"column":54},"end":{"line":129,"column":3}}},"2":{"name":"(anonymous_2)","decl":{"start":{"line":142,"column":2},"end":{"line":142,"column":8}},"loc":{"start":{"line":144,"column":54},"end":{"line":157,"column":3}}},"3":{"name":"(anonymous_3)","decl":{"start":{"line":167,"column":2},"end":{"line":167,"column":8}},"loc":{"start":{"line":167,"column":39},"end":{"line":169,"column":3}}},"4":{"name":"(anonymous_4)","decl":{"start":{"line":183,"column":2},"end":{"line":183,"column":7}},"loc":{"start":{"line":184,"column":19},"end":{"line":191,"column":3}}},"5":{"name":"(anonymous_5)","decl":{"start":{"line":200,"column":2},"end":{"line":200,"column":7}},"loc":{"start":{"line":200,"column":24},"end":{"line":208,"column":3}}},"6":{"name":"(anonymous_6)","decl":{"start":{"line":228,"column":0},"end":{"line":228,"column":6}},"loc":{"start":{"line":228,"column":0},"end":{"line":252,"column":1}}},"7":{"name":"(anonymous_7)","decl":{"start":{"line":231,"column":2},"end":{"line":231,"column":11}},"loc":{"start":{"line":231,"column":35},"end":{"line":233,"column":3}}},"8":{"name":"(anonymous_8)","decl":{"start":{"line":236,"column":2},"end":{"line":236,"column":6}},"loc":{"start":{"line":236,"column":12},"end":{"line":243,"column":3}}},"9":{"name":"(anonymous_9)","decl":{"start":{"line":245,"column":2},"end":{"line":245,"column":7}},"loc":{"start":{"line":245,"column":37},"end":{"line":247,"column":3}}},"10":{"name":"(anonymous_10)","decl":{"start":{"line":249,"column":2},"end":{"line":249,"column":7}},"loc":{"start":{"line":249,"column":24},"end":{"line":251,"column":3}}}},"branchMap":{"0":{"loc":{"start":{"line":119,"column":14},"end":{"line":119,"column":48}},"type":"binary-expr","locations":[{"start":{"line":119,"column":14},"end":{"line":119,"column":29}},{"start":{"line":119,"column":33},"end":{"line":119,"column":48}}]},"1":{"loc":{"start":{"line":122,"column":8},"end":{"line":126,"column":66}},"type":"binary-expr","locations":[{"start":{"line":122,"column":8},"end":{"line":122,"column":27}},{"start":{"line":126,"column":8},"end":{"line":126,"column":66}}]},"2":{"loc":{"start":{"line":149,"column":14},"end":{"line":149,"column":48}},"type":"binary-expr","locations":[{"start":{"line":149,"column":14},"end":{"line":149,"column":29}},{"start":{"line":149,"column":33},"end":{"line":149,"column":48}}]},"3":{"loc":{"start":{"line":152,"column":8},"end":{"line":154,"column":10}},"type":"binary-expr","locations":[{"start":{"line":152,"column":8},"end":{"line":152,"column":27}},{"start":{"line":154,"column":8},"end":{"line":154,"column":10}}]},"4":{"loc":{"start":{"line":186,"column":4},"end":{"line":189,"column":5}},"type":"if","locations":[{"start":{"line":186,"column":4},"end":{"line":189,"column":5}}]},"5":{"loc":{"start":{"line":203,"column":4},"end":{"line":206,"column":5}},"type":"if","locations":[{"start":{"line":203,"column":4},"end":{"line":206,"column":5}}]},"6":{"loc":{"start":{"line":237,"column":4},"end":{"line":241,"column":5}},"type":"if","locations":[{"start":{"line":237,"column":4},"end":{"line":241,"column":5}}]}},"s":{"0":0,"1":0,"2":0,"3":0,"4":0,"5":0,"6":0,"7":0,"8":0,"9":0,"10":0,"11":0,"12":0,"13":0,"14":0,"15":0,"16":0,"17":0,"18":0,"19":0,"20":0,"21":0,"22":0},"f":{"0":0,"1":0,"2":0,"3":0,"4":0,"5":0,"6":0,"7":0,"8":0,"9":0,"10":0},"b":{"0":[0,0],"1":[0,0],"2":[0,0],"3":[0,0],"4":[0],"5":[0],"6":[0]}}
,"/Users/ucheekezie/myworks/web3work/drips/burner8/ILN-Smart-Contract/sdk/src/errors.ts": {"path":"/Users/ucheekezie/myworks/web3work/drips/burner8/ILN-Smart-Contract/sdk/src/errors.ts","statementMap":{"0":{"start":{"line":3,"column":4},"end":{"line":3,"column":19}},"1":{"start":{"line":2,"column":47},"end":{"line":2,"column":60}},"2":{"start":{"line":4,"column":4},"end":{"line":4,"column":38}},"3":{"start":{"line":49,"column":24},"end":{"line":49,"column":37}},"4":{"start":{"line":50,"column":18},"end":{"line":50,"column":63}},"5":{"start":{"line":51,"column":4},"end":{"line":92,"column":5}},"6":{"start":{"line":52,"column":19},"end":{"line":52,"column":41}},"7":{"start":{"line":53,"column":6},"end":{"line":91,"column":7}},"8":{"start":{"line":54,"column":16},"end":{"line":54,"column":54}},"9":{"start":{"line":55,"column":16},"end":{"line":55,"column":52}},"10":{"start":{"line":56,"column":16},"end":{"line":56,"column":50}},"11":{"start":{"line":57,"column":16},"end":{"line":57,"column":48}},"12":{"start":{"line":58,"column":16},"end":{"line":58,"column":51}},"13":{"start":{"line":59,"column":16},"end":{"line":59,"column":52}},"14":{"start":{"line":60,"column":16},"end":{"line":60,"column":58}},"15":{"start":{"line":61,"column":16},"end":{"line":61,"column":53}},"16":{"start":{"line":62,"column":16},"end":{"line":62,"column":55}},"17":{"start":{"line":63,"column":17},"end":{"line":63,"column":54}},"18":{"start":{"line":64,"column":17},"end":{"line":64,"column":55}},"19":{"start":{"line":65,"column":17},"end":{"line":65,"column":59}},"20":{"start":{"line":66,"column":17},"end":{"line":66,"column":54}},"21":{"start":{"line":67,"column":17},"end":{"line":67,"column":53}},"22":{"start":{"line":68,"column":17},"end":{"line":68,"column":56}},"23":{"start":{"line":69,"column":17},"end":{"line":69,"column":58}},"24":{"start":{"line":70,"column":17},"end":{"line":70,"column":55}},"25":{"start":{"line":71,"column":17},"end":{"line":71,"column":58}},"26":{"start":{"line":72,"column":17},"end":{"line":72,"column":52}},"27":{"start":{"line":73,"column":17},"end":{"line":73,"column":54}},"28":{"start":{"line":74,"column":17},"end":{"line":74,"column":57}},"29":{"start":{"line":75,"column":17},"end":{"line":75,"column":55}},"30":{"start":{"line":76,"column":17},"end":{"line":76,"column":55}},"31":{"start":{"line":77,"column":17},"end":{"line":77,"column":51}},"32":{"start":{"line":78,"column":17},"end":{"line":78,"column":55}},"33":{"start":{"line":79,"column":17},"end":{"line":79,"column":54}},"34":{"start":{"line":80,"column":17},"end":{"line":80,"column":54}},"35":{"start":{"line":81,"column":17},"end":{"line":81,"column":53}},"36":{"start":{"line":82,"column":17},"end":{"line":82,"column":51}},"37":{"start":{"line":83,"column":17},"end":{"line":83,"column":59}},"38":{"start":{"line":84,"column":17},"end":{"line":84,"column":61}},"39":{"start":{"line":85,"column":17},"end":{"line":85,"column":58}},"40":{"start":{"line":86,"column":17},"end":{"line":86,"column":58}},"41":{"start":{"line":87,"column":17},"end":{"line":87,"column":55}},"42":{"start":{"line":88,"column":17},"end":{"line":88,"column":55}},"43":{"start":{"line":89,"column":17},"end":{"line":89,"column":54}},"44":{"start":{"line":90,"column":17},"end":{"line":90,"column":61}},"45":{"start":{"line":93,"column":4},"end":{"line":93,"column":34}},"46":{"start":{"line":7,"column":9},"end":{"line":7,"column":112}},"47":{"start":{"line":7,"column":93},"end":{"line":7,"column":107}},"48":{"start":{"line":8,"column":9},"end":{"line":8,"column":115}},"49":{"start":{"line":8,"column":96},"end":{"line":8,"column":110}},"50":{"start":{"line":9,"column":9},"end":{"line":9,"column":111}},"51":{"start":{"line":9,"column":92},"end":{"line":9,"column":106}},"52":{"start":{"line":10,"column":9},"end":{"line":10,"column":107}},"53":{"start":{"line":10,"column":88},"end":{"line":10,"column":102}},"54":{"start":{"line":11,"column":9},"end":{"line":11,"column":104}},"55":{"start":{"line":11,"column":85},"end":{"line":11,"column":99}},"56":{"start":{"line":12,"column":9},"end":{"line":12,"column":107}},"57":{"start":{"line":12,"column":88},"end":{"line":12,"column":102}},"58":{"start":{"line":13,"column":9},"end":{"line":13,"column":120}},"59":{"start":{"line":13,"column":101},"end":{"line":13,"column":115}},"60":{"start":{"line":14,"column":9},"end":{"line":14,"column":110}},"61":{"start":{"line":14,"column":91},"end":{"line":14,"column":105}},"62":{"start":{"line":15,"column":9},"end":{"line":15,"column":113}},"63":{"start":{"line":15,"column":94},"end":{"line":15,"column":108}},"64":{"start":{"line":16,"column":9},"end":{"line":16,"column":111}},"65":{"start":{"line":16,"column":91},"end":{"line":16,"column":106}},"66":{"start":{"line":17,"column":9},"end":{"line":17,"column":113}},"67":{"start":{"line":17,"column":93},"end":{"line":17,"column":108}},"68":{"start":{"line":18,"column":9},"end":{"line":18,"column":120}},"69":{"start":{"line":18,"column":100},"end":{"line":18,"column":115}},"70":{"start":{"line":19,"column":9},"end":{"line":19,"column":110}},"71":{"start":{"line":19,"column":90},"end":{"line":19,"column":105}},"72":{"start":{"line":20,"column":9},"end":{"line":20,"column":109}},"73":{"start":{"line":20,"column":89},"end":{"line":20,"column":104}},"74":{"start":{"line":21,"column":9},"end":{"line":21,"column":114}},"75":{"start":{"line":21,"column":94},"end":{"line":21,"column":109}},"76":{"start":{"line":22,"column":9},"end":{"line":22,"column":118}},"77":{"start":{"line":22,"column":98},"end":{"line":22,"column":113}},"78":{"start":{"line":23,"column":9},"end":{"line":23,"column":112}},"79":{"start":{"line":23,"column":92},"end":{"line":23,"column":107}},"80":{"start":{"line":24,"column":9},"end":{"line":24,"column":119}},"81":{"start":{"line":24,"column":99},"end":{"line":24,"column":114}},"82":{"start":{"line":25,"column":9},"end":{"line":25,"column":106}},"83":{"start":{"line":25,"column":86},"end":{"line":25,"column":101}},"84":{"start":{"line":26,"column":9},"end":{"line":26,"column":111}},"85":{"start":{"line":26,"column":91},"end":{"line":26,"column":106}},"86":{"start":{"line":27,"column":9},"end":{"line":27,"column":117}},"87":{"start":{"line":27,"column":97},"end":{"line":27,"column":112}},"88":{"start":{"line":28,"column":9},"end":{"line":28,"column":112}},"89":{"start":{"line":28,"column":92},"end":{"line":28,"column":107}},"90":{"start":{"line":29,"column":9},"end":{"line":29,"column":112}},"91":{"start":{"line":29,"column":92},"end":{"line":29,"column":107}},"92":{"start":{"line":30,"column":9},"end":{"line":30,"column":104}},"93":{"start":{"line":30,"column":84},"end":{"line":30,"column":99}},"94":{"start":{"line":31,"column":9},"end":{"line":31,"column":112}},"95":{"start":{"line":31,"column":92},"end":{"line":31,"column":107}},"96":{"start":{"line":32,"column":9},"end":{"line":32,"column":110}},"97":{"start":{"line":32,"column":90},"end":{"line":32,"column":105}},"98":{"start":{"line":33,"column":9},"end":{"line":33,"column":112}},"99":{"start":{"line":33,"column":92},"end":{"line":33,"column":107}},"100":{"start":{"line":34,"column":9},"end":{"line":34,"column":110}},"101":{"start":{"line":34,"column":90},"end":{"line":34,"column":105}},"102":{"start":{"line":35,"column":9},"end":{"line":35,"column":104}},"103":{"start":{"line":35,"column":84},"end":{"line":35,"column":99}},"104":{"start":{"line":36,"column":9},"end":{"line":36,"column":120}},"105":{"start":{"line":36,"column":100},"end":{"line":36,"column":115}},"106":{"start":{"line":37,"column":9},"end":{"line":37,"column":126}},"107":{"start":{"line":37,"column":106},"end":{"line":37,"column":121}},"108":{"start":{"line":38,"column":9},"end":{"line":38,"column":118}},"109":{"start":{"line":38,"column":98},"end":{"line":38,"column":113}},"110":{"start":{"line":39,"column":9},"end":{"line":39,"column":120}},"111":{"start":{"line":39,"column":100},"end":{"line":39,"column":115}},"112":{"start":{"line":40,"column":9},"end":{"line":40,"column":112}},"113":{"start":{"line":40,"column":92},"end":{"line":40,"column":107}},"114":{"start":{"line":41,"column":9},"end":{"line":41,"column":113}},"115":{"start":{"line":41,"column":93},"end":{"line":41,"column":108}},"116":{"start":{"line":42,"column":9},"end":{"line":42,"column":111}},"117":{"start":{"line":42,"column":91},"end":{"line":42,"column":106}},"118":{"start":{"line":43,"column":9},"end":{"line":43,"column":125}},"119":{"start":{"line":43,"column":105},"end":{"line":43,"column":120}},"120":{"start":{"line":44,"column":9},"end":{"line":44,"column":110}},"121":{"start":{"line":44,"column":90},"end":{"line":44,"column":105}},"122":{"start":{"line":45,"column":9},"end":{"line":45,"column":112}},"123":{"start":{"line":45,"column":92},"end":{"line":45,"column":107}},"124":{"start":{"line":46,"column":9},"end":{"line":46,"column":119}},"125":{"start":{"line":46,"column":98},"end":{"line":46,"column":114}}},"fnMap":{"0":{"name":"(anonymous_0)","decl":{"start":{"line":2,"column":2},"end":{"line":2,"column":14}},"loc":{"start":{"line":2,"column":60},"end":{"line":5,"column":3}}},"1":{"name":"(anonymous_1)","decl":{"start":{"line":48,"column":2},"end":{"line":48,"column":8}},"loc":{"start":{"line":48,"column":29},"end":{"line":94,"column":3}}},"2":{"name":"(anonymous_2)","decl":{"start":{"line":7,"column":52},"end":{"line":7,"column":64}},"loc":{"start":{"line":7,"column":89},"end":{"line":7,"column":109}}},"3":{"name":"(anonymous_3)","decl":{"start":{"line":8,"column":50},"end":{"line":8,"column":62}},"loc":{"start":{"line":8,"column":92},"end":{"line":8,"column":112}}},"4":{"name":"(anonymous_4)","decl":{"start":{"line":9,"column":48},"end":{"line":9,"column":60}},"loc":{"start":{"line":9,"column":88},"end":{"line":9,"column":108}}},"5":{"name":"(anonymous_5)","decl":{"start":{"line":10,"column":46},"end":{"line":10,"column":58}},"loc":{"start":{"line":10,"column":84},"end":{"line":10,"column":104}}},"6":{"name":"(anonymous_6)","decl":{"start":{"line":11,"column":49},"end":{"line":11,"column":61}},"loc":{"start":{"line":11,"column":81},"end":{"line":11,"column":101}}},"7":{"name":"(anonymous_7)","decl":{"start":{"line":12,"column":50},"end":{"line":12,"column":62}},"loc":{"start":{"line":12,"column":84},"end":{"line":12,"column":104}}},"8":{"name":"(anonymous_8)","decl":{"start":{"line":13,"column":56},"end":{"line":13,"column":68}},"loc":{"start":{"line":13,"column":97},"end":{"line":13,"column":117}}},"9":{"name":"(anonymous_9)","decl":{"start":{"line":14,"column":51},"end":{"line":14,"column":63}},"loc":{"start":{"line":14,"column":87},"end":{"line":14,"column":107}}},"10":{"name":"(anonymous_10)","decl":{"start":{"line":15,"column":53},"end":{"line":15,"column":65}},"loc":{"start":{"line":15,"column":90},"end":{"line":15,"column":110}}},"11":{"name":"(anonymous_11)","decl":{"start":{"line":16,"column":51},"end":{"line":16,"column":63}},"loc":{"start":{"line":16,"column":87},"end":{"line":16,"column":108}}},"12":{"name":"(anonymous_12)","decl":{"start":{"line":17,"column":52},"end":{"line":17,"column":64}},"loc":{"start":{"line":17,"column":89},"end":{"line":17,"column":110}}},"13":{"name":"(anonymous_13)","decl":{"start":{"line":18,"column":56},"end":{"line":18,"column":68}},"loc":{"start":{"line":18,"column":96},"end":{"line":18,"column":117}}},"14":{"name":"(anonymous_14)","decl":{"start":{"line":19,"column":51},"end":{"line":19,"column":63}},"loc":{"start":{"line":19,"column":86},"end":{"line":19,"column":107}}},"15":{"name":"(anonymous_15)","decl":{"start":{"line":20,"column":50},"end":{"line":20,"column":62}},"loc":{"start":{"line":20,"column":85},"end":{"line":20,"column":106}}},"16":{"name":"(anonymous_16)","decl":{"start":{"line":21,"column":53},"end":{"line":21,"column":65}},"loc":{"start":{"line":21,"column":90},"end":{"line":21,"column":111}}},"17":{"name":"(anonymous_17)","decl":{"start":{"line":22,"column":55},"end":{"line":22,"column":67}},"loc":{"start":{"line":22,"column":94},"end":{"line":22,"column":115}}},"18":{"name":"(anonymous_18)","decl":{"start":{"line":23,"column":52},"end":{"line":23,"column":64}},"loc":{"start":{"line":23,"column":88},"end":{"line":23,"column":109}}},"19":{"name":"(anonymous_19)","decl":{"start":{"line":24,"column":55},"end":{"line":24,"column":67}},"loc":{"start":{"line":24,"column":95},"end":{"line":24,"column":116}}},"20":{"name":"(anonymous_20)","decl":{"start":{"line":25,"column":49},"end":{"line":25,"column":61}},"loc":{"start":{"line":25,"column":82},"end":{"line":25,"column":103}}},"21":{"name":"(anonymous_21)","decl":{"start":{"line":26,"column":51},"end":{"line":26,"column":63}},"loc":{"start":{"line":26,"column":87},"end":{"line":26,"column":108}}},"22":{"name":"(anonymous_22)","decl":{"start":{"line":27,"column":54},"end":{"line":27,"column":66}},"loc":{"start":{"line":27,"column":93},"end":{"line":27,"column":114}}},"23":{"name":"(anonymous_23)","decl":{"start":{"line":28,"column":52},"end":{"line":28,"column":64}},"loc":{"start":{"line":28,"column":88},"end":{"line":28,"column":109}}},"24":{"name":"(anonymous_24)","decl":{"start":{"line":29,"column":52},"end":{"line":29,"column":64}},"loc":{"start":{"line":29,"column":88},"end":{"line":29,"column":109}}},"25":{"name":"(anonymous_25)","decl":{"start":{"line":30,"column":48},"end":{"line":30,"column":60}},"loc":{"start":{"line":30,"column":80},"end":{"line":30,"column":101}}},"26":{"name":"(anonymous_26)","decl":{"start":{"line":31,"column":52},"end":{"line":31,"column":64}},"loc":{"start":{"line":31,"column":88},"end":{"line":31,"column":109}}},"27":{"name":"(anonymous_27)","decl":{"start":{"line":32,"column":51},"end":{"line":32,"column":63}},"loc":{"start":{"line":32,"column":86},"end":{"line":32,"column":107}}},"28":{"name":"(anonymous_28)","decl":{"start":{"line":33,"column":51},"end":{"line":33,"column":63}},"loc":{"start":{"line":33,"column":88},"end":{"line":33,"column":109}}},"29":{"name":"(anonymous_29)","decl":{"start":{"line":34,"column":50},"end":{"line":34,"column":62}},"loc":{"start":{"line":34,"column":86},"end":{"line":34,"column":107}}},"30":{"name":"(anonymous_30)","decl":{"start":{"line":35,"column":48},"end":{"line":35,"column":60}},"loc":{"start":{"line":35,"column":80},"end":{"line":35,"column":101}}},"31":{"name":"(anonymous_31)","decl":{"start":{"line":36,"column":56},"end":{"line":36,"column":68}},"loc":{"start":{"line":36,"column":96},"end":{"line":36,"column":117}}},"32":{"name":"(anonymous_32)","decl":{"start":{"line":37,"column":58},"end":{"line":37,"column":70}},"loc":{"start":{"line":37,"column":102},"end":{"line":37,"column":123}}},"33":{"name":"(anonymous_33)","decl":{"start":{"line":38,"column":55},"end":{"line":38,"column":67}},"loc":{"start":{"line":38,"column":94},"end":{"line":38,"column":115}}},"34":{"name":"(anonymous_34)","decl":{"start":{"line":39,"column":55},"end":{"line":39,"column":67}},"loc":{"start":{"line":39,"column":96},"end":{"line":39,"column":117}}},"35":{"name":"(anonymous_35)","decl":{"start":{"line":40,"column":52},"end":{"line":40,"column":64}},"loc":{"start":{"line":40,"column":88},"end":{"line":40,"column":109}}},"36":{"name":"(anonymous_36)","decl":{"start":{"line":41,"column":52},"end":{"line":41,"column":64}},"loc":{"start":{"line":41,"column":89},"end":{"line":41,"column":110}}},"37":{"name":"(anonymous_37)","decl":{"start":{"line":42,"column":51},"end":{"line":42,"column":63}},"loc":{"start":{"line":42,"column":87},"end":{"line":42,"column":108}}},"38":{"name":"(anonymous_38)","decl":{"start":{"line":43,"column":58},"end":{"line":43,"column":70}},"loc":{"start":{"line":43,"column":101},"end":{"line":43,"column":122}}},"39":{"name":"(anonymous_39)","decl":{"start":{"line":44,"column":51},"end":{"line":44,"column":63}},"loc":{"start":{"line":44,"column":86},"end":{"line":44,"column":107}}},"40":{"name":"(anonymous_40)","decl":{"start":{"line":45,"column":52},"end":{"line":45,"column":64}},"loc":{"start":{"line":45,"column":88},"end":{"line":45,"column":109}}},"41":{"name":"(anonymous_41)","decl":{"start":{"line":46,"column":55},"end":{"line":46,"column":67}},"loc":{"start":{"line":46,"column":94},"end":{"line":46,"column":116}}}},"branchMap":{"0":{"loc":{"start":{"line":51,"column":4},"end":{"line":92,"column":5}},"type":"if","locations":[{"start":{"line":51,"column":4},"end":{"line":92,"column":5}}]},"1":{"loc":{"start":{"line":53,"column":6},"end":{"line":91,"column":7}},"type":"switch","locations":[{"start":{"line":54,"column":8},"end":{"line":54,"column":54}},{"start":{"line":55,"column":8},"end":{"line":55,"column":52}},{"start":{"line":56,"column":8},"end":{"line":56,"column":50}},{"start":{"line":57,"column":8},"end":{"line":57,"column":48}},{"start":{"line":58,"column":8},"end":{"line":58,"column":51}},{"start":{"line":59,"column":8},"end":{"line":59,"column":52}},{"start":{"line":60,"column":8},"end":{"line":60,"column":58}},{"start":{"line":61,"column":8},"end":{"line":61,"column":53}},{"start":{"line":62,"column":8},"end":{"line":62,"column":55}},{"start":{"line":63,"column":8},"end":{"line":63,"column":54}},{"start":{"line":64,"column":8},"end":{"line":64,"column":55}},{"start":{"line":65,"column":8},"end":{"line":65,"column":59}},{"start":{"line":66,"column":8},"end":{"line":66,"column":54}},{"start":{"line":67,"column":8},"end":{"line":67,"column":53}},{"start":{"line":68,"column":8},"end":{"line":68,"column":56}},{"start":{"line":69,"column":8},"end":{"line":69,"column":58}},{"start":{"line":70,"column":8},"end":{"line":70,"column":55}},{"start":{"line":71,"column":8},"end":{"line":71,"column":58}},{"start":{"line":72,"column":8},"end":{"line":72,"column":52}},{"start":{"line":73,"column":8},"end":{"line":73,"column":54}},{"start":{"line":74,"column":8},"end":{"line":74,"column":57}},{"start":{"line":75,"column":8},"end":{"line":75,"column":55}},{"start":{"line":76,"column":8},"end":{"line":76,"column":55}},{"start":{"line":77,"column":8},"end":{"line":77,"column":51}},{"start":{"line":78,"column":8},"end":{"line":78,"column":55}},{"start":{"line":79,"column":8},"end":{"line":79,"column":54}},{"start":{"line":80,"column":8},"end":{"line":80,"column":54}},{"start":{"line":81,"column":8},"end":{"line":81,"column":53}},{"start":{"line":82,"column":8},"end":{"line":82,"column":51}},{"start":{"line":83,"column":8},"end":{"line":83,"column":59}},{"start":{"line":84,"column":8},"end":{"line":84,"column":61}},{"start":{"line":85,"column":8},"end":{"line":85,"column":58}},{"start":{"line":86,"column":8},"end":{"line":86,"column":58}},{"start":{"line":87,"column":8},"end":{"line":87,"column":55}},{"start":{"line":88,"column":8},"end":{"line":88,"column":55}},{"start":{"line":89,"column":8},"end":{"line":89,"column":54}},{"start":{"line":90,"column":8},"end":{"line":90,"column":61}}]},"2":{"loc":{"start":{"line":7,"column":64},"end":{"line":7,"column":89}},"type":"default-arg","locations":[{"start":{"line":7,"column":70},"end":{"line":7,"column":89}}]},"3":{"loc":{"start":{"line":8,"column":62},"end":{"line":8,"column":92}},"type":"default-arg","locations":[{"start":{"line":8,"column":68},"end":{"line":8,"column":92}}]},"4":{"loc":{"start":{"line":9,"column":60},"end":{"line":9,"column":88}},"type":"default-arg","locations":[{"start":{"line":9,"column":66},"end":{"line":9,"column":88}}]},"5":{"loc":{"start":{"line":10,"column":58},"end":{"line":10,"column":84}},"type":"default-arg","locations":[{"start":{"line":10,"column":64},"end":{"line":10,"column":84}}]},"6":{"loc":{"start":{"line":11,"column":61},"end":{"line":11,"column":81}},"type":"default-arg","locations":[{"start":{"line":11,"column":67},"end":{"line":11,"column":81}}]},"7":{"loc":{"start":{"line":12,"column":62},"end":{"line":12,"column":84}},"type":"default-arg","locations":[{"start":{"line":12,"column":68},"end":{"line":12,"column":84}}]},"8":{"loc":{"start":{"line":13,"column":68},"end":{"line":13,"column":97}},"type":"default-arg","locations":[{"start":{"line":13,"column":74},"end":{"line":13,"column":97}}]},"9":{"loc":{"start":{"line":14,"column":63},"end":{"line":14,"column":87}},"type":"default-arg","locations":[{"start":{"line":14,"column":69},"end":{"line":14,"column":87}}]},"10":{"loc":{"start":{"line":15,"column":65},"end":{"line":15,"column":90}},"type":"default-arg","locations":[{"start":{"line":15,"column":71},"end":{"line":15,"column":90}}]},"11":{"loc":{"start":{"line":16,"column":63},"end":{"line":16,"column":87}},"type":"default-arg","locations":[{"start":{"line":16,"column":69},"end":{"line":16,"column":87}}]},"12":{"loc":{"start":{"line":17,"column":64},"end":{"line":17,"column":89}},"type":"default-arg","locations":[{"start":{"line":17,"column":70},"end":{"line":17,"column":89}}]},"13":{"loc":{"start":{"line":18,"column":68},"end":{"line":18,"column":96}},"type":"default-arg","locations":[{"start":{"line":18,"column":74},"end":{"line":18,"column":96}}]},"14":{"loc":{"start":{"line":19,"column":63},"end":{"line":19,"column":86}},"type":"default-arg","locations":[{"start":{"line":19,"column":69},"end":{"line":19,"column":86}}]},"15":{"loc":{"start":{"line":20,"column":62},"end":{"line":20,"column":85}},"type":"default-arg","locations":[{"start":{"line":20,"column":68},"end":{"line":20,"column":85}}]},"16":{"loc":{"start":{"line":21,"column":65},"end":{"line":21,"column":90}},"type":"default-arg","locations":[{"start":{"line":21,"column":71},"end":{"line":21,"column":90}}]},"17":{"loc":{"start":{"line":22,"column":67},"end":{"line":22,"column":94}},"type":"default-arg","locations":[{"start":{"line":22,"column":73},"end":{"line":22,"column":94}}]},"18":{"loc":{"start":{"line":23,"column":64},"end":{"line":23,"column":88}},"type":"default-arg","locations":[{"start":{"line":23,"column":70},"end":{"line":23,"column":88}}]},"19":{"loc":{"start":{"line":24,"column":67},"end":{"line":24,"column":95}},"type":"default-arg","locations":[{"start":{"line":24,"column":73},"end":{"line":24,"column":95}}]},"20":{"loc":{"start":{"line":25,"column":61},"end":{"line":25,"column":82}},"type":"default-arg","locations":[{"start":{"line":25,"column":67},"end":{"line":25,"column":82}}]},"21":{"loc":{"start":{"line":26,"column":63},"end":{"line":26,"column":87}},"type":"default-arg","locations":[{"start":{"line":26,"column":69},"end":{"line":26,"column":87}}]},"22":{"loc":{"start":{"line":27,"column":66},"end":{"line":27,"column":93}},"type":"default-arg","locations":[{"start":{"line":27,"column":72},"end":{"line":27,"column":93}}]},"23":{"loc":{"start":{"line":28,"column":64},"end":{"line":28,"column":88}},"type":"default-arg","locations":[{"start":{"line":28,"column":70},"end":{"line":28,"column":88}}]},"24":{"loc":{"start":{"line":29,"column":64},"end":{"line":29,"column":88}},"type":"default-arg","locations":[{"start":{"line":29,"column":70},"end":{"line":29,"column":88}}]},"25":{"loc":{"start":{"line":30,"column":60},"end":{"line":30,"column":80}},"type":"default-arg","locations":[{"start":{"line":30,"column":66},"end":{"line":30,"column":80}}]},"26":{"loc":{"start":{"line":31,"column":64},"end":{"line":31,"column":88}},"type":"default-arg","locations":[{"start":{"line":31,"column":70},"end":{"line":31,"column":88}}]},"27":{"loc":{"start":{"line":32,"column":63},"end":{"line":32,"column":86}},"type":"default-arg","locations":[{"start":{"line":32,"column":69},"end":{"line":32,"column":86}}]},"28":{"loc":{"start":{"line":33,"column":63},"end":{"line":33,"column":88}},"type":"default-arg","locations":[{"start":{"line":33,"column":69},"end":{"line":33,"column":88}}]},"29":{"loc":{"start":{"line":34,"column":62},"end":{"line":34,"column":86}},"type":"default-arg","locations":[{"start":{"line":34,"column":68},"end":{"line":34,"column":86}}]},"30":{"loc":{"start":{"line":35,"column":60},"end":{"line":35,"column":80}},"type":"default-arg","locations":[{"start":{"line":35,"column":66},"end":{"line":35,"column":80}}]},"31":{"loc":{"start":{"line":36,"column":68},"end":{"line":36,"column":96}},"type":"default-arg","locations":[{"start":{"line":36,"column":74},"end":{"line":36,"column":96}}]},"32":{"loc":{"start":{"line":37,"column":70},"end":{"line":37,"column":102}},"type":"default-arg","locations":[{"start":{"line":37,"column":76},"end":{"line":37,"column":102}}]},"33":{"loc":{"start":{"line":38,"column":67},"end":{"line":38,"column":94}},"type":"default-arg","locations":[{"start":{"line":38,"column":73},"end":{"line":38,"column":94}}]},"34":{"loc":{"start":{"line":39,"column":67},"end":{"line":39,"column":96}},"type":"default-arg","locations":[{"start":{"line":39,"column":73},"end":{"line":39,"column":96}}]},"35":{"loc":{"start":{"line":40,"column":64},"end":{"line":40,"column":88}},"type":"default-arg","locations":[{"start":{"line":40,"column":70},"end":{"line":40,"column":88}}]},"36":{"loc":{"start":{"line":41,"column":64},"end":{"line":41,"column":89}},"type":"default-arg","locations":[{"start":{"line":41,"column":70},"end":{"line":41,"column":89}}]},"37":{"loc":{"start":{"line":42,"column":63},"end":{"line":42,"column":87}},"type":"default-arg","locations":[{"start":{"line":42,"column":69},"end":{"line":42,"column":87}}]},"38":{"loc":{"start":{"line":43,"column":70},"end":{"line":43,"column":101}},"type":"default-arg","locations":[{"start":{"line":43,"column":76},"end":{"line":43,"column":101}}]},"39":{"loc":{"start":{"line":44,"column":63},"end":{"line":44,"column":86}},"type":"default-arg","locations":[{"start":{"line":44,"column":69},"end":{"line":44,"column":86}}]},"40":{"loc":{"start":{"line":45,"column":64},"end":{"line":45,"column":88}},"type":"default-arg","locations":[{"start":{"line":45,"column":70},"end":{"line":45,"column":88}}]},"41":{"loc":{"start":{"line":46,"column":67},"end":{"line":46,"column":94}},"type":"default-arg","locations":[{"start":{"line":46,"column":73},"end":{"line":46,"column":94}}]}},"s":{"0":0,"1":0,"2":0,"3":0,"4":0,"5":0,"6":0,"7":0,"8":0,"9":0,"10":0,"11":0,"12":0,"13":0,"14":0,"15":0,"16":0,"17":0,"18":0,"19":0,"20":0,"21":0,"22":0,"23":0,"24":0,"25":0,"26":0,"27":0,"28":0,"29":0,"30":0,"31":0,"32":0,"33":0,"34":0,"35":0,"36":0,"37":0,"38":0,"39":0,"40":0,"41":0,"42":0,"43":0,"44":0,"45":0,"46":0,"47":0,"48":0,"49":0,"50":0,"51":0,"52":0,"53":0,"54":0,"55":0,"56":0,"57":0,"58":0,"59":0,"60":0,"61":0,"62":0,"63":0,"64":0,"65":0,"66":0,"67":0,"68":0,"69":0,"70":0,"71":0,"72":0,"73":0,"74":0,"75":0,"76":0,"77":0,"78":0,"79":0,"80":0,"81":0,"82":0,"83":0,"84":0,"85":0,"86":0,"87":0,"88":0,"89":0,"90":0,"91":0,"92":0,"93":0,"94":0,"95":0,"96":0,"97":0,"98":0,"99":0,"100":0,"101":0,"102":0,"103":0,"104":0,"105":0,"106":0,"107":0,"108":0,"109":0,"110":0,"111":0,"112":0,"113":0,"114":0,"115":0,"116":0,"117":0,"118":0,"119":0,"120":0,"121":0,"122":0,"123":0,"124":0,"125":0},"f":{"0":0,"1":0,"2":0,"3":0,"4":0,"5":0,"6":0,"7":0,"8":0,"9":0,"10":0,"11":0,"12":0,"13":0,"14":0,"15":0,"16":0,"17":0,"18":0,"19":0,"20":0,"21":0,"22":0,"23":0,"24":0,"25":0,"26":0,"27":0,"28":0,"29":0,"30":0,"31":0,"32":0,"33":0,"34":0,"35":0,"36":0,"37":0,"38":0,"39":0,"40":0,"41":0},"b":{"0":[0],"1":[0,0,0,0,0,0,0,0,0,0,0,0,0,0,0,0,0,0,0,0,0,0,0,0,0,0,0,0,0,0,0,0,0,0,0,0,0],"2":[0],"3":[0],"4":[0],"5":[0],"6":[0],"7":[0],"8":[0],"9":[0],"10":[0],"11":[0],"12":[0],"13":[0],"14":[0],"15":[0],"16":[0],"17":[0],"18":[0],"19":[0],"20":[0],"21":[0],"22":[0],"23":[0],"24":[0],"25":[0],"26":[0],"27":[0],"28":[0],"29":[0],"30":[0],"31":[0],"32":[0],"33":[0],"34":[0],"35":[0],"36":[0],"37":[0],"38":[0],"39":[0],"40":[0],"41":[0]}}
,"/Users/ucheekezie/myworks/web3work/drips/burner8/ILN-Smart-Contract/sdk/src/index.d.ts": {"path":"/Users/ucheekezie/myworks/web3work/drips/burner8/ILN-Smart-Contract/sdk/src/index.d.ts","statementMap":{},"fnMap":{},"branchMap":{},"s":{},"f":{},"b":{}}
,"/Users/ucheekezie/myworks/web3work/drips/burner8/ILN-Smart-Contract/sdk/src/types.d.ts": {"path":"/Users/ucheekezie/myworks/web3work/drips/burner8/ILN-Smart-Contract/sdk/src/types.d.ts","statementMap":{},"fnMap":{},"branchMap":{},"s":{},"f":{},"b":{}}
,"/Users/ucheekezie/myworks/web3work/drips/burner8/ILN-Smart-Contract/sdk/src/events/subscribe.d.ts": {"path":"/Users/ucheekezie/myworks/web3work/drips/burner8/ILN-Smart-Contract/sdk/src/events/subscribe.d.ts","statementMap":{},"fnMap":{},"branchMap":{},"s":{},"f":{},"b":{}}
,"/Users/ucheekezie/myworks/web3work/drips/burner8/ILN-Smart-Contract/sdk/src/events/types.d.ts": {"path":"/Users/ucheekezie/myworks/web3work/drips/burner8/ILN-Smart-Contract/sdk/src/events/types.d.ts","statementMap":{},"fnMap":{},"branchMap":{},"s":{},"f":{},"b":{}}
,"/Users/ucheekezie/myworks/web3work/drips/burner8/ILN-Smart-Contract/sdk/src/methods/cancelInvoice.d.ts": {"path":"/Users/ucheekezie/myworks/web3work/drips/burner8/ILN-Smart-Contract/sdk/src/methods/cancelInvoice.d.ts","statementMap":{},"fnMap":{},"branchMap":{},"s":{},"f":{},"b":{}}
,"/Users/ucheekezie/myworks/web3work/drips/burner8/ILN-Smart-Contract/sdk/src/methods/fundInvoice.d.ts": {"path":"/Users/ucheekezie/myworks/web3work/drips/burner8/ILN-Smart-Contract/sdk/src/methods/fundInvoice.d.ts","statementMap":{},"fnMap":{},"branchMap":{},"s":{},"f":{},"b":{}}
,"/Users/ucheekezie/myworks/web3work/drips/burner8/ILN-Smart-Contract/sdk/src/methods/governance.d.ts": {"path":"/Users/ucheekezie/myworks/web3work/drips/burner8/ILN-Smart-Contract/sdk/src/methods/governance.d.ts","statementMap":{},"fnMap":{},"branchMap":{},"s":{},"f":{},"b":{}}
,"/Users/ucheekezie/myworks/web3work/drips/burner8/ILN-Smart-Contract/sdk/src/methods/markPaid.d.ts": {"path":"/Users/ucheekezie/myworks/web3work/drips/burner8/ILN-Smart-Contract/sdk/src/methods/markPaid.d.ts","statementMap":{},"fnMap":{},"branchMap":{},"s":{},"f":{},"b":{}}
,"/Users/ucheekezie/myworks/web3work/drips/burner8/ILN-Smart-Contract/sdk/src/methods/queries.d.ts": {"path":"/Users/ucheekezie/myworks/web3work/drips/burner8/ILN-Smart-Contract/sdk/src/methods/queries.d.ts","statementMap":{},"fnMap":{},"branchMap":{},"s":{},"f":{},"b":{}}
,"/Users/ucheekezie/myworks/web3work/drips/burner8/ILN-Smart-Contract/sdk/src/methods/queries.ts": {"path":"/Users/ucheekezie/myworks/web3work/drips/burner8/ILN-Smart-Contract/sdk/src/methods/queries.ts","statementMap":{"0":{"start":{"line":37,"column":19},"end":{"line":37,"column":48}},"1":{"start":{"line":38,"column":13},"end":{"line":40,"column":null}},"2":{"start":{"line":43,"column":13},"end":{"line":49,"column":12}},"3":{"start":{"line":51,"column":14},"end":{"line":51,"column":50}},"4":{"start":{"line":53,"column":2},"end":{"line":58,"column":3}},"5":{"start":{"line":54,"column":4},"end":{"line":56,"column":5}},"6":{"start":{"line":55,"column":6},"end":{"line":55,"column":75}},"7":{"start":{"line":57,"column":4},"end":{"line":57,"column":40}},"8":{"start":{"line":59,"column":2},"end":{"line":61,"column":3}},"9":{"start":{"line":60,"column":4},"end":{"line":60,"column":73}},"10":{"start":{"line":63,"column":14},"end":{"line":63,"column":73}},"11":{"start":{"line":64,"column":18},"end":{"line":64,"column":41}},"12":{"start":{"line":65,"column":23},"end":{"line":65,"column":51}},"13":{"start":{"line":67,"column":2},"end":{"line":83,"column":4}},"14":{"start":{"line":111,"column":19},"end":{"line":111,"column":48}},"15":{"start":{"line":112,"column":13},"end":{"line":116,"column":null}},"16":{"start":{"line":119,"column":13},"end":{"line":125,"column":12}},"17":{"start":{"line":127,"column":14},"end":{"line":127,"column":50}},"18":{"start":{"line":129,"column":2},"end":{"line":131,"column":3}},"19":{"start":{"line":130,"column":4},"end":{"line":130,"column":40}},"20":{"start":{"line":132,"column":2},"end":{"line":134,"column":3}},"21":{"start":{"line":133,"column":4},"end":{"line":133,"column":14}},"22":{"start":{"line":136,"column":17},"end":{"line":136,"column":78}},"23":{"start":{"line":137,"column":2},"end":{"line":157,"column":5}},"24":{"start":{"line":138,"column":20},"end":{"line":138,"column":43}},"25":{"start":{"line":139,"column":25},"end":{"line":139,"column":53}},"26":{"start":{"line":140,"column":4},"end":{"line":156,"column":6}},"27":{"start":{"line":185,"column":19},"end":{"line":185,"column":48}},"28":{"start":{"line":186,"column":13},"end":{"line":190,"column":null}},"29":{"start":{"line":193,"column":13},"end":{"line":199,"column":12}},"30":{"start":{"line":201,"column":14},"end":{"line":201,"column":50}},"31":{"start":{"line":203,"column":2},"end":{"line":205,"column":3}},"32":{"start":{"line":204,"column":4},"end":{"line":204,"column":40}},"33":{"start":{"line":206,"column":2},"end":{"line":208,"column":3}},"34":{"start":{"line":207,"column":4},"end":{"line":207,"column":14}},"35":{"start":{"line":210,"column":17},"end":{"line":210,"column":78}},"36":{"start":{"line":211,"column":2},"end":{"line":231,"column":5}},"37":{"start":{"line":212,"column":20},"end":{"line":212,"column":43}},"38":{"start":{"line":213,"column":25},"end":{"line":213,"column":53}},"39":{"start":{"line":214,"column":4},"end":{"line":230,"column":6}}},"fnMap":{"0":{"name":"getInvoice","decl":{"start":{"line":30,"column":22},"end":{"line":30,"column":32}},"loc":{"start":{"line":35,"column":27},"end":{"line":84,"column":1}}},"1":{"name":"listInvoicesBySubmitter","decl":{"start":{"line":102,"column":22},"end":{"line":102,"column":45}},"loc":{"start":{"line":109,"column":23},"end":{"line":158,"column":1}}},"2":{"name":"(anonymous_2)","decl":{"start":{"line":137,"column":20},"end":{"line":137,"column":23}},"loc":{"start":{"line":137,"column":26},"end":{"line":157,"column":3}}},"3":{"name":"listInvoicesByLP","decl":{"start":{"line":176,"column":22},"end":{"line":176,"column":38}},"loc":{"start":{"line":183,"column":23},"end":{"line":232,"column":1}}},"4":{"name":"(anonymous_4)","decl":{"start":{"line":211,"column":20},"end":{"line":211,"column":23}},"loc":{"start":{"line":211,"column":26},"end":{"line":231,"column":3}}}},"branchMap":{"0":{"loc":{"start":{"line":53,"column":2},"end":{"line":58,"column":3}},"type":"if","locations":[{"start":{"line":53,"column":2},"end":{"line":58,"column":3}}]},"1":{"loc":{"start":{"line":54,"column":4},"end":{"line":56,"column":5}},"type":"if","locations":[{"start":{"line":54,"column":4},"end":{"line":56,"column":5}}]},"2":{"loc":{"start":{"line":54,"column":8},"end":{"line":54,"column":98}},"type":"binary-expr","locations":[{"start":{"line":54,"column":8},"end":{"line":54,"column":46}},{"start":{"line":54,"column":50},"end":{"line":54,"column":98}}]},"3":{"loc":{"start":{"line":59,"column":2},"end":{"line":61,"column":3}},"type":"if","locations":[{"start":{"line":59,"column":2},"end":{"line":61,"column":3}}]},"4":{"loc":{"start":{"line":75,"column":13},"end":{"line":75,"column":71}},"type":"binary-expr","locations":[{"start":{"line":75,"column":13},"end":{"line":75,"column":39}},{"start":{"line":75,"column":43},"end":{"line":75,"column":71}}]},"5":{"loc":{"start":{"line":76,"column":12},"end":{"line":76,"column":61}},"type":"cond-expr","locations":[{"start":{"line":76,"column":28},"end":{"line":76,"column":49}},{"start":{"line":76,"column":52},"end":{"line":76,"column":61}}]},"6":{"loc":{"start":{"line":77,"column":14},"end":{"line":77,"column":69}},"type":"cond-expr","locations":[{"start":{"line":77,"column":33},"end":{"line":77,"column":57}},{"start":{"line":77,"column":60},"end":{"line":77,"column":69}}]},"7":{"loc":{"start":{"line":80,"column":18},"end":{"line":80,"column":109}},"type":"cond-expr","locations":[{"start":{"line":80,"column":41},"end":{"line":80,"column":97}},{"start":{"line":80,"column":100},"end":{"line":80,"column":109}}]},"8":{"loc":{"start":{"line":108,"column":2},"end":{"line":108,"column":18}},"type":"default-arg","locations":[{"start":{"line":108,"column":17},"end":{"line":108,"column":18}}]},"9":{"loc":{"start":{"line":109,"column":2},"end":{"line":109,"column":23}},"type":"default-arg","locations":[{"start":{"line":109,"column":21},"end":{"line":109,"column":23}}]},"10":{"loc":{"start":{"line":129,"column":2},"end":{"line":131,"column":3}},"type":"if","locations":[{"start":{"line":129,"column":2},"end":{"line":131,"column":3}}]},"11":{"loc":{"start":{"line":132,"column":2},"end":{"line":134,"column":3}},"type":"if","locations":[{"start":{"line":132,"column":2},"end":{"line":134,"column":3}}]},"12":{"loc":{"start":{"line":148,"column":15},"end":{"line":148,"column":73}},"type":"binary-expr","locations":[{"start":{"line":148,"column":15},"end":{"line":148,"column":41}},{"start":{"line":148,"column":45},"end":{"line":148,"column":73}}]},"13":{"loc":{"start":{"line":149,"column":14},"end":{"line":149,"column":63}},"type":"cond-expr","locations":[{"start":{"line":149,"column":30},"end":{"line":149,"column":51}},{"start":{"line":149,"column":54},"end":{"line":149,"column":63}}]},"14":{"loc":{"start":{"line":150,"column":16},"end":{"line":150,"column":71}},"type":"cond-expr","locations":[{"start":{"line":150,"column":35},"end":{"line":150,"column":59}},{"start":{"line":150,"column":62},"end":{"line":150,"column":71}}]},"15":{"loc":{"start":{"line":153,"column":20},"end":{"line":153,"column":111}},"type":"cond-expr","locations":[{"start":{"line":153,"column":43},"end":{"line":153,"column":99}},{"start":{"line":153,"column":102},"end":{"line":153,"column":111}}]},"16":{"loc":{"start":{"line":182,"column":2},"end":{"line":182,"column":18}},"type":"default-arg","locations":[{"start":{"line":182,"column":17},"end":{"line":182,"column":18}}]},"17":{"loc":{"start":{"line":183,"column":2},"end":{"line":183,"column":23}},"type":"default-arg","locations":[{"start":{"line":183,"column":21},"end":{"line":183,"column":23}}]},"18":{"loc":{"start":{"line":203,"column":2},"end":{"line":205,"column":3}},"type":"if","locations":[{"start":{"line":203,"column":2},"end":{"line":205,"column":3}}]},"19":{"loc":{"start":{"line":206,"column":2},"end":{"line":208,"column":3}},"type":"if","locations":[{"start":{"line":206,"column":2},"end":{"line":208,"column":3}}]},"20":{"loc":{"start":{"line":222,"column":15},"end":{"line":222,"column":73}},"type":"binary-expr","locations":[{"start":{"line":222,"column":15},"end":{"line":222,"column":41}},{"start":{"line":222,"column":45},"end":{"line":222,"column":73}}]},"21":{"loc":{"start":{"line":223,"column":14},"end":{"line":223,"column":63}},"type":"cond-expr","locations":[{"start":{"line":223,"column":30},"end":{"line":223,"column":51}},{"start":{"line":223,"column":54},"end":{"line":223,"column":63}}]},"22":{"loc":{"start":{"line":224,"column":16},"end":{"line":224,"column":71}},"type":"cond-expr","locations":[{"start":{"line":224,"column":35},"end":{"line":224,"column":59}},{"start":{"line":224,"column":62},"end":{"line":224,"column":71}}]},"23":{"loc":{"start":{"line":227,"column":20},"end":{"line":227,"column":111}},"type":"cond-expr","locations":[{"start":{"line":227,"column":43},"end":{"line":227,"column":99}},{"start":{"line":227,"column":102},"end":{"line":227,"column":111}}]}},"s":{"0":0,"1":0,"2":0,"3":0,"4":0,"5":0,"6":0,"7":0,"8":0,"9":0,"10":0,"11":0,"12":0,"13":0,"14":0,"15":0,"16":0,"17":0,"18":0,"19":0,"20":0,"21":0,"22":0,"23":0,"24":0,"25":0,"26":0,"27":0,"28":0,"29":0,"30":0,"31":0,"32":0,"33":0,"34":0,"35":0,"36":0,"37":0,"38":0,"39":0},"f":{"0":0,"1":0,"2":0,"3":0,"4":0},"b":{"0":[0],"1":[0],"2":[0,0],"3":[0],"4":[0,0],"5":[0,0],"6":[0,0],"7":[0,0],"8":[0],"9":[0],"10":[0],"11":[0],"12":[0,0],"13":[0,0],"14":[0,0],"15":[0,0],"16":[0],"17":[0],"18":[0],"19":[0],"20":[0,0],"21":[0,0],"22":[0,0],"23":[0,0]}}
,"/Users/ucheekezie/myworks/web3work/drips/burner8/ILN-Smart-Contract/sdk/src/methods/reputation.d.ts": {"path":"/Users/ucheekezie/myworks/web3work/drips/burner8/ILN-Smart-Contract/sdk/src/methods/reputation.d.ts","statementMap":{},"fnMap":{},"branchMap":{},"s":{},"f":{},"b":{}}
,"/Users/ucheekezie/myworks/web3work/drips/burner8/ILN-Smart-Contract/sdk/src/methods/reputation.ts": {"path":"/Users/ucheekezie/myworks/web3work/drips/burner8/ILN-Smart-Contract/sdk/src/methods/reputation.ts","statementMap":{"0":{"start":{"line":47,"column":21},"end":{"line":47,"column":38}},"1":{"start":{"line":50,"column":2},"end":{"line":50,"column":36}},"2":{"start":{"line":84,"column":2},"end":{"line":88,"column":3}},"3":{"start":{"line":85,"column":4},"end":{"line":87,"column":6}},"4":{"start":{"line":90,"column":19},"end":{"line":90,"column":43}},"5":{"start":{"line":91,"column":13},"end":{"line":93,"column":null}},"6":{"start":{"line":96,"column":24},"end":{"line":98,"column":null}},"7":{"start":{"line":101,"column":16},"end":{"line":107,"column":12}},"8":{"start":{"line":109,"column":14},"end":{"line":109,"column":53}},"9":{"start":{"line":111,"column":2},"end":{"line":113,"column":3}},"10":{"start":{"line":112,"column":4},"end":{"line":112,"column":70}},"11":{"start":{"line":116,"column":2},"end":{"line":124,"column":3}},"12":{"start":{"line":117,"column":4},"end":{"line":123,"column":6}},"13":{"start":{"line":126,"column":14},"end":{"line":126,"column":73}},"14":{"start":{"line":128,"column":2},"end":{"line":134,"column":4}}},"fnMap":{"0":{"name":"isValidGAddress","decl":{"start":{"line":49,"column":9},"end":{"line":49,"column":24}},"loc":{"start":{"line":49,"column":40},"end":{"line":51,"column":1}}},"1":{"name":"getReputation","decl":{"start":{"line":78,"column":22},"end":{"line":78,"column":35}},"loc":{"start":{"line":82,"column":46},"end":{"line":135,"column":1}}}},"branchMap":{"0":{"loc":{"start":{"line":82,"column":2},"end":{"line":82,"column":46}},"type":"default-arg","locations":[{"start":{"line":82,"column":30},"end":{"line":82,"column":46}}]},"1":{"loc":{"start":{"line":84,"column":2},"end":{"line":88,"column":3}},"type":"if","locations":[{"start":{"line":84,"column":2},"end":{"line":88,"column":3}}]},"2":{"loc":{"start":{"line":111,"column":2},"end":{"line":113,"column":3}},"type":"if","locations":[{"start":{"line":111,"column":2},"end":{"line":113,"column":3}}]},"3":{"loc":{"start":{"line":116,"column":2},"end":{"line":124,"column":3}},"type":"if","locations":[{"start":{"line":116,"column":2},"end":{"line":124,"column":3}}]},"4":{"loc":{"start":{"line":129,"column":20},"end":{"line":129,"column":45}},"type":"binary-expr","locations":[{"start":{"line":129,"column":20},"end":{"line":129,"column":34}},{"start":{"line":129,"column":38},"end":{"line":129,"column":45}}]},"5":{"loc":{"start":{"line":130,"column":18},"end":{"line":130,"column":35}},"type":"binary-expr","locations":[{"start":{"line":130,"column":18},"end":{"line":130,"column":30}},{"start":{"line":130,"column":34},"end":{"line":130,"column":35}}]},"6":{"loc":{"start":{"line":131,"column":30},"end":{"line":131,"column":60}},"type":"binary-expr","locations":[{"start":{"line":131,"column":30},"end":{"line":131,"column":55}},{"start":{"line":131,"column":59},"end":{"line":131,"column":60}}]},"7":{"loc":{"start":{"line":132,"column":25},"end":{"line":132,"column":50}},"type":"binary-expr","locations":[{"start":{"line":132,"column":25},"end":{"line":132,"column":45}},{"start":{"line":132,"column":49},"end":{"line":132,"column":50}}]},"8":{"loc":{"start":{"line":133,"column":30},"end":{"line":133,"column":60}},"type":"binary-expr","locations":[{"start":{"line":133,"column":30},"end":{"line":133,"column":55}},{"start":{"line":133,"column":59},"end":{"line":133,"column":60}}]}},"s":{"0":0,"1":0,"2":0,"3":0,"4":0,"5":0,"6":0,"7":0,"8":0,"9":0,"10":0,"11":0,"12":0,"13":0,"14":0},"f":{"0":0,"1":0},"b":{"0":[0],"1":[0],"2":[0],"3":[0],"4":[0,0],"5":[0,0],"6":[0,0],"7":[0,0],"8":[0,0]}}
,"/Users/ucheekezie/myworks/web3work/drips/burner8/ILN-Smart-Contract/sdk/src/methods/stats.d.ts": {"path":"/Users/ucheekezie/myworks/web3work/drips/burner8/ILN-Smart-Contract/sdk/src/methods/stats.d.ts","statementMap":{},"fnMap":{},"branchMap":{},"s":{},"f":{},"b":{}}
,"/Users/ucheekezie/myworks/web3work/drips/burner8/ILN-Smart-Contract/sdk/src/methods/stats.ts": {"path":"/Users/ucheekezie/myworks/web3work/drips/burner8/ILN-Smart-Contract/sdk/src/methods/stats.ts","statementMap":{"0":{"start":{"line":74,"column":19},"end":{"line":74,"column":43}},"1":{"start":{"line":75,"column":13},"end":{"line":75,"column":48}},"2":{"start":{"line":77,"column":24},"end":{"line":79,"column":null}},"3":{"start":{"line":82,"column":16},"end":{"line":88,"column":12}},"4":{"start":{"line":90,"column":14},"end":{"line":90,"column":53}},"5":{"start":{"line":92,"column":2},"end":{"line":94,"column":3}},"6":{"start":{"line":93,"column":4},"end":{"line":93,"column":74}},"7":{"start":{"line":96,"column":2},"end":{"line":107,"column":3}},"8":{"start":{"line":97,"column":4},"end":{"line":106,"column":6}},"9":{"start":{"line":109,"column":14},"end":{"line":109,"column":73}},"10":{"start":{"line":112,"column":48},"end":{"line":112,"column":50}},"11":{"start":{"line":113,"column":26},"end":{"line":113,"column":85}},"12":{"start":{"line":114,"column":2},"end":{"line":118,"column":3}},"13":{"start":{"line":115,"column":4},"end":{"line":117,"column":5}},"14":{"start":{"line":116,"column":6},"end":{"line":116,"column":44}},"15":{"start":{"line":120,"column":2},"end":{"line":131,"column":4}}},"fnMap":{"0":{"name":"getContractStats","decl":{"start":{"line":69,"column":22},"end":{"line":69,"column":38}},"loc":{"start":{"line":72,"column":46},"end":{"line":132,"column":1}}}},"branchMap":{"0":{"loc":{"start":{"line":72,"column":2},"end":{"line":72,"column":46}},"type":"default-arg","locations":[{"start":{"line":72,"column":30},"end":{"line":72,"column":46}}]},"1":{"loc":{"start":{"line":92,"column":2},"end":{"line":94,"column":3}},"type":"if","locations":[{"start":{"line":92,"column":2},"end":{"line":94,"column":3}}]},"2":{"loc":{"start":{"line":96,"column":2},"end":{"line":107,"column":3}},"type":"if","locations":[{"start":{"line":96,"column":2},"end":{"line":107,"column":3}}]},"3":{"loc":{"start":{"line":114,"column":2},"end":{"line":118,"column":3}},"type":"if","locations":[{"start":{"line":114,"column":2},"end":{"line":118,"column":3}}]},"4":{"loc":{"start":{"line":121,"column":33},"end":{"line":121,"column":61}},"type":"binary-expr","locations":[{"start":{"line":121,"column":33},"end":{"line":121,"column":54}},{"start":{"line":121,"column":58},"end":{"line":121,"column":61}}]},"5":{"loc":{"start":{"line":122,"column":31},"end":{"line":122,"column":57}},"type":"binary-expr","locations":[{"start":{"line":122,"column":31},"end":{"line":122,"column":50}},{"start":{"line":122,"column":54},"end":{"line":122,"column":57}}]},"6":{"loc":{"start":{"line":123,"column":29},"end":{"line":123,"column":53}},"type":"binary-expr","locations":[{"start":{"line":123,"column":29},"end":{"line":123,"column":46}},{"start":{"line":123,"column":50},"end":{"line":123,"column":53}}]},"7":{"loc":{"start":{"line":124,"column":35},"end":{"line":124,"column":66}},"type":"binary-expr","locations":[{"start":{"line":124,"column":35},"end":{"line":124,"column":59}},{"start":{"line":124,"column":63},"end":{"line":124,"column":66}}]},"8":{"loc":{"start":{"line":125,"column":35},"end":{"line":125,"column":66}},"type":"binary-expr","locations":[{"start":{"line":125,"column":35},"end":{"line":125,"column":59}},{"start":{"line":125,"column":63},"end":{"line":125,"column":66}}]},"9":{"loc":{"start":{"line":126,"column":34},"end":{"line":126,"column":64}},"type":"binary-expr","locations":[{"start":{"line":126,"column":34},"end":{"line":126,"column":57}},{"start":{"line":126,"column":61},"end":{"line":126,"column":64}}]},"10":{"loc":{"start":{"line":129,"column":13},"end":{"line":129,"column":54}},"type":"binary-expr","locations":[{"start":{"line":129,"column":13},"end":{"line":129,"column":47}},{"start":{"line":129,"column":51},"end":{"line":129,"column":54}}]}},"s":{"0":0,"1":0,"2":0,"3":0,"4":0,"5":0,"6":0,"7":0,"8":0,"9":0,"10":0,"11":0,"12":0,"13":0,"14":0,"15":0},"f":{"0":0},"b":{"0":[0],"1":[0],"2":[0],"3":[0],"4":[0,0],"5":[0,0],"6":[0,0],"7":[0,0],"8":[0,0],"9":[0,0],"10":[0,0]}}
,"/Users/ucheekezie/myworks/web3work/drips/burner8/ILN-Smart-Contract/sdk/src/methods/submitInvoice.d.ts": {"path":"/Users/ucheekezie/myworks/web3work/drips/burner8/ILN-Smart-Contract/sdk/src/methods/submitInvoice.d.ts","statementMap":{},"fnMap":{},"branchMap":{},"s":{},"f":{},"b":{}}
,"/Users/ucheekezie/myworks/web3work/drips/burner8/ILN-Smart-Contract/sdk/src/methods/transferLPPosition.d.ts": {"path":"/Users/ucheekezie/myworks/web3work/drips/burner8/ILN-Smart-Contract/sdk/src/methods/transferLPPosition.d.ts","statementMap":{},"fnMap":{},"branchMap":{},"s":{},"f":{},"b":{}}
,"/Users/ucheekezie/myworks/web3work/drips/burner8/ILN-Smart-Contract/sdk/src/signers/FreighterSigner.d.ts": {"path":"/Users/ucheekezie/myworks/web3work/drips/burner8/ILN-Smart-Contract/sdk/src/signers/FreighterSigner.d.ts","statementMap":{},"fnMap":{},"branchMap":{},"s":{},"f":{},"b":{}}
,"/Users/ucheekezie/myworks/web3work/drips/burner8/ILN-Smart-Contract/sdk/src/signers/FreighterSigner.ts": {"path":"/Users/ucheekezie/myworks/web3work/drips/burner8/ILN-Smart-Contract/sdk/src/signers/FreighterSigner.ts","statementMap":{"0":{"start":{"line":64,"column":4},"end":{"line":64,"column":19}},"1":{"start":{"line":65,"column":4},"end":{"line":65,"column":27}},"2":{"start":{"line":66,"column":4},"end":{"line":66,"column":21}},"3":{"start":{"line":70,"column":4},"end":{"line":73,"column":6}},"4":{"start":{"line":77,"column":4},"end":{"line":80,"column":6}},"5":{"start":{"line":84,"column":4},"end":{"line":87,"column":6}},"6":{"start":{"line":91,"column":4},"end":{"line":94,"column":6}},"7":{"start":{"line":99,"column":0},"end":{"line":99,"column":null}},"8":{"start":{"line":100,"column":2},"end":{"line":100,"column":null}},"9":{"start":{"line":101,"column":2},"end":{"line":101,"column":null}},"10":{"start":{"line":102,"column":2},"end":{"line":102,"column":null}},"11":{"start":{"line":103,"column":2},"end":{"line":103,"column":null}},"12":{"start":{"line":104,"column":2},"end":{"line":104,"column":null}},"13":{"start":{"line":111,"column":56},"end":{"line":114,"column":2}},"14":{"start":{"line":116,"column":56},"end":{"line":120,"column":2}},"15":{"start":{"line":144,"column":10},"end":{"line":144,"column":43}},"16":{"start":{"line":145,"column":10},"end":{"line":145,"column":35}},"17":{"start":{"line":153,"column":4},"end":{"line":153,"column":53}},"18":{"start":{"line":169,"column":4},"end":{"line":169,"column":33}},"19":{"start":{"line":182,"column":4},"end":{"line":182,"column":28}},"20":{"start":{"line":184,"column":4},"end":{"line":187,"column":5}},"21":{"start":{"line":186,"column":6},"end":{"line":186,"column":36}},"22":{"start":{"line":191,"column":15},"end":{"line":191,"column":47}},"23":{"start":{"line":193,"column":4},"end":{"line":195,"column":5}},"24":{"start":{"line":194,"column":6},"end":{"line":194,"column":36}},"25":{"start":{"line":198,"column":4},"end":{"line":198,"column":32}},"26":{"start":{"line":200,"column":4},"end":{"line":200,"column":25}},"27":{"start":{"line":201,"column":4},"end":{"line":201,"column":33}},"28":{"start":{"line":202,"column":4},"end":{"line":202,"column":14}},"29":{"start":{"line":225,"column":4},"end":{"line":227,"column":5}},"30":{"start":{"line":226,"column":6},"end":{"line":226,"column":27}},"31":{"start":{"line":230,"column":23},"end":{"line":230,"column":58}},"32":{"start":{"line":232,"column":4},"end":{"line":236,"column":5}},"33":{"start":{"line":233,"column":6},"end":{"line":235,"column":8}},"34":{"start":{"line":239,"column":25},"end":{"line":241,"column":32}},"35":{"start":{"line":244,"column":29},"end":{"line":244,"column":77}},"36":{"start":{"line":245,"column":4},"end":{"line":249,"column":5}},"37":{"start":{"line":246,"column":6},"end":{"line":248,"column":8}},"38":{"start":{"line":252,"column":4},"end":{"line":258,"column":5}},"39":{"start":{"line":253,"column":6},"end":{"line":255,"column":9}},"40":{"start":{"line":257,"column":6},"end":{"line":257,"column":41}},"41":{"start":{"line":260,"column":4},"end":{"line":262,"column":5}},"42":{"start":{"line":261,"column":6},"end":{"line":261,"column":36}},"43":{"start":{"line":264,"column":4},"end":{"line":264,"column":21}},"44":{"start":{"line":273,"column":4},"end":{"line":273,"column":35}},"45":{"start":{"line":278,"column":4},"end":{"line":278,"column":61}},"46":{"start":{"line":289,"column":14},"end":{"line":289,"column":31}},"47":{"start":{"line":290,"column":4},"end":{"line":292,"column":5}},"48":{"start":{"line":291,"column":6},"end":{"line":291,"column":42}},"49":{"start":{"line":297,"column":4},"end":{"line":297,"column":28}},"50":{"start":{"line":299,"column":4},"end":{"line":299,"column":52}},"51":{"start":{"line":308,"column":4},"end":{"line":313,"column":5}},"52":{"start":{"line":309,"column":6},"end":{"line":309,"column":53}},"53":{"start":{"line":312,"column":6},"end":{"line":312,"column":13}},"54":{"start":{"line":315,"column":31},"end":{"line":315,"column":69}},"55":{"start":{"line":316,"column":4},"end":{"line":316,"column":36}},"56":{"start":{"line":316,"column":29},"end":{"line":316,"column":36}},"57":{"start":{"line":318,"column":4},"end":{"line":323,"column":5}},"58":{"start":{"line":319,"column":6},"end":{"line":322,"column":8}},"59":{"start":{"line":328,"column":16},"end":{"line":328,"column":77}},"60":{"start":{"line":330,"column":20},"end":{"line":330,"column":37}},"61":{"start":{"line":332,"column":4},"end":{"line":339,"column":5}},"62":{"start":{"line":338,"column":6},"end":{"line":338,"column":37}},"63":{"start":{"line":341,"column":4},"end":{"line":346,"column":5}},"64":{"start":{"line":345,"column":6},"end":{"line":345,"column":74}},"65":{"start":{"line":348,"column":4},"end":{"line":348,"column":87}}},"fnMap":{"0":{"name":"(anonymous_0)","decl":{"start":{"line":63,"column":2},"end":{"line":63,"column":14}},"loc":{"start":{"line":63,"column":49},"end":{"line":67,"column":3}}},"1":{"name":"(anonymous_1)","decl":{"start":{"line":69,"column":2},"end":{"line":69,"column":8}},"loc":{"start":{"line":69,"column":27},"end":{"line":74,"column":3}}},"2":{"name":"(anonymous_2)","decl":{"start":{"line":76,"column":2},"end":{"line":76,"column":8}},"loc":{"start":{"line":76,"column":21},"end":{"line":81,"column":3}}},"3":{"name":"(anonymous_3)","decl":{"start":{"line":83,"column":2},"end":{"line":83,"column":8}},"loc":{"start":{"line":83,"column":57},"end":{"line":88,"column":3}}},"4":{"name":"(anonymous_4)","decl":{"start":{"line":90,"column":2},"end":{"line":90,"column":8}},"loc":{"start":{"line":90,"column":21},"end":{"line":95,"column":3}}},"5":{"name":"(anonymous_5)","decl":{"start":{"line":99,"column":0},"end":{"line":99,"column":6}},"loc":{"start":{"line":99,"column":24},"end":{"line":105,"column":1}}},"6":{"name":"(anonymous_6)","decl":{"start":{"line":152,"column":2},"end":{"line":152,"column":14}},"loc":{"start":{"line":152,"column":49},"end":{"line":154,"column":3}}},"7":{"name":"(anonymous_7)","decl":{"start":{"line":168,"column":2},"end":{"line":168,"column":6}},"loc":{"start":{"line":168,"column":15},"end":{"line":170,"column":3}}},"8":{"name":"(anonymous_8)","decl":{"start":{"line":181,"column":2},"end":{"line":181,"column":7}},"loc":{"start":{"line":181,"column":15},"end":{"line":203,"column":3}}},"9":{"name":"(anonymous_9)","decl":{"start":{"line":220,"column":2},"end":{"line":220,"column":7}},"loc":{"start":{"line":222,"column":29},"end":{"line":265,"column":3}}},"10":{"name":"(anonymous_10)","decl":{"start":{"line":272,"column":2},"end":{"line":272,"column":6}},"loc":{"start":{"line":272,"column":23},"end":{"line":274,"column":3}}},"11":{"name":"(anonymous_11)","decl":{"start":{"line":277,"column":2},"end":{"line":277,"column":6}},"loc":{"start":{"line":277,"column":17},"end":{"line":279,"column":3}}},"12":{"name":"(anonymous_12)","decl":{"start":{"line":286,"column":10},"end":{"line":286,"column":26}},"loc":{"start":{"line":286,"column":26},"end":{"line":293,"column":3}}},"13":{"name":"(anonymous_13)","decl":{"start":{"line":296,"column":10},"end":{"line":296,"column":14}},"loc":{"start":{"line":296,"column":14},"end":{"line":300,"column":3}}},"14":{"name":"(anonymous_14)","decl":{"start":{"line":306,"column":10},"end":{"line":306,"column":15}},"loc":{"start":{"line":306,"column":30},"end":{"line":324,"column":3}}},"15":{"name":"(anonymous_15)","decl":{"start":{"line":327,"column":10},"end":{"line":327,"column":28}},"loc":{"start":{"line":327,"column":41},"end":{"line":349,"column":3}}}},"branchMap":{"0":{"loc":{"start":{"line":99,"column":12},"end":{"line":99,"column":null}},"type":"binary-expr","locations":[{"start":{"line":99,"column":12},"end":{"line":99,"column":24}},{"start":{"line":99,"column":12},"end":{"line":99,"column":null}}]},"1":{"loc":{"start":{"line":169,"column":11},"end":{"line":169,"column":32}},"type":"binary-expr","locations":[{"start":{"line":169,"column":11},"end":{"line":169,"column":26}},{"start":{"line":169,"column":30},"end":{"line":169,"column":32}}]},"2":{"loc":{"start":{"line":184,"column":4},"end":{"line":187,"column":5}},"type":"if","locations":[{"start":{"line":184,"column":4},"end":{"line":187,"column":5}}]},"3":{"loc":{"start":{"line":193,"column":4},"end":{"line":195,"column":5}},"type":"if","locations":[{"start":{"line":193,"column":4},"end":{"line":195,"column":5}}]},"4":{"loc":{"start":{"line":193,"column":8},"end":{"line":193,"column":30}},"type":"binary-expr","locations":[{"start":{"line":193,"column":8},"end":{"line":193,"column":11}},{"start":{"line":193,"column":15},"end":{"line":193,"column":30}}]},"5":{"loc":{"start":{"line":225,"column":4},"end":{"line":227,"column":5}},"type":"if","locations":[{"start":{"line":225,"column":4},"end":{"line":227,"column":5}}]},"6":{"loc":{"start":{"line":232,"column":4},"end":{"line":236,"column":5}},"type":"if","locations":[{"start":{"line":232,"column":4},"end":{"line":236,"column":5}}]},"7":{"loc":{"start":{"line":245,"column":4},"end":{"line":249,"column":5}},"type":"if","locations":[{"start":{"line":245,"column":4},"end":{"line":249,"column":5}}]},"8":{"loc":{"start":{"line":260,"column":4},"end":{"line":262,"column":5}},"type":"if","locations":[{"start":{"line":260,"column":4},"end":{"line":262,"column":5}}]},"9":{"loc":{"start":{"line":260,"column":8},"end":{"line":260,"column":44}},"type":"binary-expr","locations":[{"start":{"line":260,"column":8},"end":{"line":260,"column":18}},{"start":{"line":260,"column":22},"end":{"line":260,"column":44}}]},"10":{"loc":{"start":{"line":278,"column":11},"end":{"line":278,"column":60}},"type":"binary-expr","locations":[{"start":{"line":278,"column":11},"end":{"line":278,"column":32}},{"start":{"line":278,"column":36},"end":{"line":278,"column":60}}]},"11":{"loc":{"start":{"line":290,"column":4},"end":{"line":292,"column":5}},"type":"if","locations":[{"start":{"line":290,"column":4},"end":{"line":292,"column":5}}]},"12":{"loc":{"start":{"line":290,"column":8},"end":{"line":290,"column":65}},"type":"binary-expr","locations":[{"start":{"line":290,"column":8},"end":{"line":290,"column":39}},{"start":{"line":290,"column":43},"end":{"line":290,"column":65}}]},"13":{"loc":{"start":{"line":316,"column":4},"end":{"line":316,"column":36}},"type":"if","locations":[{"start":{"line":316,"column":4},"end":{"line":316,"column":36}}]},"14":{"loc":{"start":{"line":318,"column":4},"end":{"line":323,"column":5}},"type":"if","locations":[{"start":{"line":318,"column":4},"end":{"line":323,"column":5}}]},"15":{"loc":{"start":{"line":328,"column":16},"end":{"line":328,"column":77}},"type":"cond-expr","locations":[{"start":{"line":328,"column":42},"end":{"line":328,"column":45}},{"start":{"line":328,"column":49},"end":{"line":328,"column":77}}]},"16":{"loc":{"start":{"line":328,"column":49},"end":{"line":328,"column":77}},"type":"binary-expr","locations":[{"start":{"line":328,"column":49},"end":{"line":328,"column":71}},{"start":{"line":328,"column":75},"end":{"line":328,"column":77}}]},"17":{"loc":{"start":{"line":332,"column":4},"end":{"line":339,"column":5}},"type":"if","locations":[{"start":{"line":332,"column":4},"end":{"line":339,"column":5}}]},"18":{"loc":{"start":{"line":333,"column":6},"end":{"line":336,"column":34}},"type":"binary-expr","locations":[{"start":{"line":333,"column":6},"end":{"line":333,"column":34}},{"start":{"line":334,"column":6},"end":{"line":334,"column":32}},{"start":{"line":335,"column":6},"end":{"line":335,"column":35}},{"start":{"line":336,"column":6},"end":{"line":336,"column":34}}]},"19":{"loc":{"start":{"line":341,"column":4},"end":{"line":346,"column":5}},"type":"if","locations":[{"start":{"line":341,"column":4},"end":{"line":346,"column":5}}]},"20":{"loc":{"start":{"line":342,"column":6},"end":{"line":343,"column":65}},"type":"binary-expr","locations":[{"start":{"line":342,"column":6},"end":{"line":342,"column":42}},{"start":{"line":343,"column":7},"end":{"line":343,"column":34}},{"start":{"line":343,"column":38},"end":{"line":343,"column":64}}]},"21":{"loc":{"start":{"line":348,"column":52},"end":{"line":348,"column":85}},"type":"binary-expr","locations":[{"start":{"line":348,"column":52},"end":{"line":348,"column":55}},{"start":{"line":348,"column":59},"end":{"line":348,"column":85}}]}},"s":{"0":0,"1":0,"2":0,"3":0,"4":0,"5":0,"6":0,"7":0,"8":0,"9":0,"10":0,"11":0,"12":0,"13":0,"14":0,"15":0,"16":0,"17":0,"18":0,"19":0,"20":0,"21":0,"22":0,"23":0,"24":0,"25":0,"26":0,"27":0,"28":0,"29":0,"30":0,"31":0,"32":0,"33":0,"34":0,"35":0,"36":0,"37":0,"38":0,"39":0,"40":0,"41":0,"42":0,"43":0,"44":0,"45":0,"46":0,"47":0,"48":0,"49":0,"50":0,"51":0,"52":0,"53":0,"54":0,"55":0,"56":0,"57":0,"58":0,"59":0,"60":0,"61":0,"62":0,"63":0,"64":0,"65":0},"f":{"0":0,"1":0,"2":0,"3":0,"4":0,"5":0,"6":0,"7":0,"8":0,"9":0,"10":0,"11":0,"12":0,"13":0,"14":0,"15":0},"b":{"0":[0,0],"1":[0,0],"2":[0],"3":[0],"4":[0,0],"5":[0],"6":[0],"7":[0],"8":[0],"9":[0,0],"10":[0,0],"11":[0],"12":[0,0],"13":[0],"14":[0],"15":[0,0],"16":[0,0],"17":[0],"18":[0,0,0,0],"19":[0],"20":[0,0,0],"21":[0,0]}}
,"/Users/ucheekezie/myworks/web3work/drips/burner8/ILN-Smart-Contract/sdk/src/signers/ISigner.d.ts": {"path":"/Users/ucheekezie/myworks/web3work/drips/burner8/ILN-Smart-Contract/sdk/src/signers/ISigner.d.ts","statementMap":{},"fnMap":{},"branchMap":{},"s":{},"f":{},"b":{}}
,"/Users/ucheekezie/myworks/web3work/drips/burner8/ILN-Smart-Contract/sdk/src/signers/KeypairSigner.d.ts": {"path":"/Users/ucheekezie/myworks/web3work/drips/burner8/ILN-Smart-Contract/sdk/src/signers/KeypairSigner.d.ts","statementMap":{},"fnMap":{},"branchMap":{},"s":{},"f":{},"b":{}}
,"/Users/ucheekezie/myworks/web3work/drips/burner8/ILN-Smart-Contract/sdk/src/signers/KeypairSigner.ts": {"path":"/Users/ucheekezie/myworks/web3work/drips/burner8/ILN-Smart-Contract/sdk/src/signers/KeypairSigner.ts","statementMap":{"0":{"start":{"line":34,"column":2},"end":{"line":38,"column":4}},"1":{"start":{"line":49,"column":2},"end":{"line":49,"column":34}},"2":{"start":{"line":49,"column":27},"end":{"line":49,"column":34}},"3":{"start":{"line":52,"column":24},"end":{"line":55,"column":4}},"4":{"start":{"line":57,"column":2},"end":{"line":63,"column":3}},"5":{"start":{"line":58,"column":4},"end":{"line":61,"column":6}},"6":{"start":{"line":62,"column":4},"end":{"line":62,"column":11}},"7":{"start":{"line":66,"column":2},"end":{"line":70,"column":4}},"8":{"start":{"line":102,"column":4},"end":{"line":107,"column":5}},"9":{"start":{"line":103,"column":6},"end":{"line":103,"column":45}},"10":{"start":{"line":104,"column":6},"end":{"line":104,"column":58}},"11":{"start":{"line":106,"column":6},"end":{"line":106,"column":38}},"12":{"start":{"line":116,"column":4},"end":{"line":116,"column":37}},"13":{"start":{"line":140,"column":23},"end":{"line":140,"column":58}},"14":{"start":{"line":142,"column":4},"end":{"line":146,"column":5}},"15":{"start":{"line":143,"column":6},"end":{"line":145,"column":8}},"16":{"start":{"line":149,"column":5},"end":{"line":149,"column":52}},"17":{"start":{"line":152,"column":4},"end":{"line":152,"column":68}},"18":{"start":{"line":168,"column":4},"end":{"line":168,"column":25}},"19":{"start":{"line":183,"column":19},"end":{"line":183,"column":38}},"20":{"start":{"line":184,"column":4},"end":{"line":188,"column":5}},"21":{"start":{"line":185,"column":6},"end":{"line":187,"column":8}},"22":{"start":{"line":190,"column":15},"end":{"line":190,"column":41}},"23":{"start":{"line":191,"column":4},"end":{"line":191,"column":33}}},"fnMap":{"0":{"name":"isTestEnvironment","decl":{"start":{"line":33,"column":9},"end":{"line":33,"column":26}},"loc":{"start":{"line":33,"column":26},"end":{"line":39,"column":1}}},"1":{"name":"warnIfHardcodedSecret","decl":{"start":{"line":48,"column":9},"end":{"line":48,"column":30}},"loc":{"start":{"line":48,"column":45},"end":{"line":71,"column":1}}},"2":{"name":"(anonymous_2)","decl":{"start":{"line":101,"column":2},"end":{"line":101,"column":14}},"loc":{"start":{"line":101,"column":47},"end":{"line":108,"column":3}}},"3":{"name":"(anonymous_3)","decl":{"start":{"line":115,"column":2},"end":{"line":115,"column":6}},"loc":{"start":{"line":115,"column":15},"end":{"line":117,"column":3}}},"4":{"name":"(anonymous_4)","decl":{"start":{"line":135,"column":2},"end":{"line":135,"column":7}},"loc":{"start":{"line":137,"column":29},"end":{"line":153,"column":3}}},"5":{"name":"(anonymous_5)","decl":{"start":{"line":167,"column":2},"end":{"line":167,"column":6}},"loc":{"start":{"line":167,"column":13},"end":{"line":169,"column":3}}},"6":{"name":"(anonymous_6)","decl":{"start":{"line":182,"column":2},"end":{"line":182,"column":8}},"loc":{"start":{"line":182,"column":31},"end":{"line":192,"column":3}}}},"branchMap":{"0":{"loc":{"start":{"line":35,"column":4},"end":{"line":37,"column":39}},"type":"binary-expr","locations":[{"start":{"line":35,"column":4},"end":{"line":35,"column":38}},{"start":{"line":36,"column":4},"end":{"line":36,"column":47}},{"start":{"line":37,"column":4},"end":{"line":37,"column":39}}]},"1":{"loc":{"start":{"line":49,"column":2},"end":{"line":49,"column":34}},"type":"if","locations":[{"start":{"line":49,"column":2},"end":{"line":49,"column":34}}]},"2":{"loc":{"start":{"line":57,"column":2},"end":{"line":63,"column":3}},"type":"if","locations":[{"start":{"line":57,"column":2},"end":{"line":63,"column":3}}]},"3":{"loc":{"start":{"line":102,"column":4},"end":{"line":107,"column":5}},"type":"if","locations":[{"start":{"line":102,"column":4},"end":{"line":107,"column":5}},{"start":{"line":105,"column":11},"end":{"line":107,"column":5}}]},"4":{"loc":{"start":{"line":142,"column":4},"end":{"line":146,"column":5}},"type":"if","locations":[{"start":{"line":142,"column":4},"end":{"line":146,"column":5}}]},"5":{"loc":{"start":{"line":184,"column":4},"end":{"line":188,"column":5}},"type":"if","locations":[{"start":{"line":184,"column":4},"end":{"line":188,"column":5}}]}},"s":{"0":0,"1":0,"2":0,"3":0,"4":0,"5":0,"6":0,"7":0,"8":0,"9":0,"10":0,"11":0,"12":0,"13":0,"14":0,"15":0,"16":0,"17":0,"18":0,"19":0,"20":0,"21":0,"22":0,"23":0},"f":{"0":0,"1":0,"2":0,"3":0,"4":0,"5":0,"6":0},"b":{"0":[0,0,0],"1":[0],"2":[0],"3":[0,0],"4":[0],"5":[0]}}
,"/Users/ucheekezie/myworks/web3work/drips/burner8/ILN-Smart-Contract/sdk/src/types/governance.d.ts": {"path":"/Users/ucheekezie/myworks/web3work/drips/burner8/ILN-Smart-Contract/sdk/src/types/governance.d.ts","statementMap":{},"fnMap":{},"branchMap":{},"s":{},"f":{},"b":{}}
,"/Users/ucheekezie/myworks/web3work/drips/burner8/ILN-Smart-Contract/sdk/src/types/governance.ts": {"path":"/Users/ucheekezie/myworks/web3work/drips/burner8/ILN-Smart-Contract/sdk/src/types/governance.ts","statementMap":{"0":{"start":{"line":15,"column":0},"end":{"line":15,"column":null}},"1":{"start":{"line":17,"column":2},"end":{"line":17,"column":null}},"2":{"start":{"line":19,"column":2},"end":{"line":19,"column":null}},"3":{"start":{"line":21,"column":2},"end":{"line":21,"column":null}},"4":{"start":{"line":23,"column":2},"end":{"line":23,"column":null}},"5":{"start":{"line":25,"column":2},"end":{"line":25,"column":null}},"6":{"start":{"line":27,"column":2},"end":{"line":27,"column":null}},"7":{"start":{"line":31,"column":0},"end":{"line":31,"column":null}},"8":{"start":{"line":32,"column":2},"end":{"line":32,"column":null}},"9":{"start":{"line":33,"column":2},"end":{"line":33,"column":null}},"10":{"start":{"line":34,"column":2},"end":{"line":34,"column":null}},"11":{"start":{"line":35,"column":2},"end":{"line":35,"column":null}}},"fnMap":{"0":{"name":"(anonymous_0)","decl":{"start":{"line":15,"column":0},"end":{"line":15,"column":6}},"loc":{"start":{"line":15,"column":26},"end":{"line":28,"column":1}}},"1":{"name":"(anonymous_1)","decl":{"start":{"line":31,"column":0},"end":{"line":31,"column":6}},"loc":{"start":{"line":31,"column":26},"end":{"line":36,"column":1}}}},"branchMap":{"0":{"loc":{"start":{"line":15,"column":12},"end":{"line":15,"column":null}},"type":"binary-expr","locations":[{"start":{"line":15,"column":12},"end":{"line":15,"column":26}},{"start":{"line":15,"column":12},"end":{"line":15,"column":null}}]},"1":{"loc":{"start":{"line":31,"column":12},"end":{"line":31,"column":null}},"type":"binary-expr","locations":[{"start":{"line":31,"column":12},"end":{"line":31,"column":26}},{"start":{"line":31,"column":12},"end":{"line":31,"column":null}}]}},"s":{"0":0,"1":0,"2":0,"3":0,"4":0,"5":0,"6":0,"7":0,"8":0,"9":0,"10":0,"11":0},"f":{"0":0,"1":0},"b":{"0":[0,0],"1":[0,0]}}
,"/Users/ucheekezie/myworks/web3work/drips/burner8/ILN-Smart-Contract/sdk/src/types/invoice.d.ts": {"path":"/Users/ucheekezie/myworks/web3work/drips/burner8/ILN-Smart-Contract/sdk/src/types/invoice.d.ts","statementMap":{},"fnMap":{},"branchMap":{},"s":{},"f":{},"b":{}}
,"/Users/ucheekezie/myworks/web3work/drips/burner8/ILN-Smart-Contract/sdk/src/types/params.d.ts": {"path":"/Users/ucheekezie/myworks/web3work/drips/burner8/ILN-Smart-Contract/sdk/src/types/params.d.ts","statementMap":{},"fnMap":{},"branchMap":{},"s":{},"f":{},"b":{}}
,"/Users/ucheekezie/myworks/web3work/drips/burner8/ILN-Smart-Contract/sdk/src/utils/allowance.d.ts": {"path":"/Users/ucheekezie/myworks/web3work/drips/burner8/ILN-Smart-Contract/sdk/src/utils/allowance.d.ts","statementMap":{},"fnMap":{},"branchMap":{},"s":{},"f":{},"b":{}}
,"/Users/ucheekezie/myworks/web3work/drips/burner8/ILN-Smart-Contract/sdk/src/utils/allowance.ts": {"path":"/Users/ucheekezie/myworks/web3work/drips/burner8/ILN-Smart-Contract/sdk/src/utils/allowance.ts","statementMap":{"0":{"start":{"line":45,"column":24},"end":{"line":45,"column":57}},"1":{"start":{"line":47,"column":13},"end":{"line":50,"column":null}},"2":{"start":{"line":53,"column":13},"end":{"line":59,"column":12}},"3":{"start":{"line":61,"column":20},"end":{"line":61,"column":56}},"4":{"start":{"line":63,"column":2},"end":{"line":65,"column":3}},"5":{"start":{"line":64,"column":4},"end":{"line":64,"column":71}},"6":{"start":{"line":67,"column":2},"end":{"line":69,"column":3}},"7":{"start":{"line":68,"column":4},"end":{"line":68,"column":47}},"8":{"start":{"line":71,"column":17},"end":{"line":71,"column":55}},"9":{"start":{"line":74,"column":2},"end":{"line":80,"column":3}},"10":{"start":{"line":75,"column":16},"end":{"line":75,"column":49}},"11":{"start":{"line":76,"column":4},"end":{"line":79,"column":6}},"12":{"start":{"line":83,"column":2},"end":{"line":86,"column":4}},"13":{"start":{"line":120,"column":24},"end":{"line":120,"column":50}},"14":{"start":{"line":123,"column":21},"end":{"line":123,"column":51}},"15":{"start":{"line":124,"column":27},"end":{"line":124,"column":52}},"16":{"start":{"line":126,"column":13},"end":{"line":131,"column":null}},"17":{"start":{"line":134,"column":13},"end":{"line":140,"column":12}},"18":{"start":{"line":142,"column":21},"end":{"line":142,"column":56}},"19":{"start":{"line":143,"column":2},"end":{"line":143,"column":58}},"20":{"start":{"line":167,"column":2},"end":{"line":167,"column":48}},"21":{"start":{"line":167,"column":35},"end":{"line":167,"column":48}},"22":{"start":{"line":169,"column":2},"end":{"line":175,"column":3}},"23":{"start":{"line":174,"column":4},"end":{"line":174,"column":17}},"24":{"start":{"line":177,"column":2},"end":{"line":177,"column":14}}},"fnMap":{"0":{"name":"getAllowance","decl":{"start":{"line":40,"column":22},"end":{"line":40,"column":34}},"loc":{"start":{"line":43,"column":24},"end":{"line":87,"column":1}}},"1":{"name":"buildApproveTransaction","decl":{"start":{"line":112,"column":22},"end":{"line":112,"column":45}},"loc":{"start":{"line":118,"column":46},"end":{"line":144,"column":1}}},"2":{"name":"isAllowanceSufficient","decl":{"start":{"line":162,"column":16},"end":{"line":162,"column":37}},"loc":{"start":{"line":165,"column":30},"end":{"line":178,"column":1}}}},"branchMap":{"0":{"loc":{"start":{"line":63,"column":2},"end":{"line":65,"column":3}},"type":"if","locations":[{"start":{"line":63,"column":2},"end":{"line":65,"column":3}}]},"1":{"loc":{"start":{"line":67,"column":2},"end":{"line":69,"column":3}},"type":"if","locations":[{"start":{"line":67,"column":2},"end":{"line":69,"column":3}}]},"2":{"loc":{"start":{"line":74,"column":2},"end":{"line":80,"column":3}},"type":"if","locations":[{"start":{"line":74,"column":2},"end":{"line":80,"column":3}}]},"3":{"loc":{"start":{"line":74,"column":6},"end":{"line":74,"column":73}},"type":"binary-expr","locations":[{"start":{"line":74,"column":6},"end":{"line":74,"column":32}},{"start":{"line":74,"column":36},"end":{"line":74,"column":51}},{"start":{"line":74,"column":55},"end":{"line":74,"column":73}}]},"4":{"loc":{"start":{"line":78,"column":31},"end":{"line":78,"column":60}},"type":"binary-expr","locations":[{"start":{"line":78,"column":31},"end":{"line":78,"column":55}},{"start":{"line":78,"column":59},"end":{"line":78,"column":60}}]},"5":{"loc":{"start":{"line":118,"column":2},"end":{"line":118,"column":46}},"type":"default-arg","locations":[{"start":{"line":118,"column":30},"end":{"line":118,"column":46}}]},"6":{"loc":{"start":{"line":167,"column":2},"end":{"line":167,"column":48}},"type":"if","locations":[{"start":{"line":167,"column":2},"end":{"line":167,"column":48}}]},"7":{"loc":{"start":{"line":169,"column":2},"end":{"line":175,"column":3}},"type":"if","locations":[{"start":{"line":169,"column":2},"end":{"line":175,"column":3}}]},"8":{"loc":{"start":{"line":170,"column":4},"end":{"line":172,"column":52}},"type":"binary-expr","locations":[{"start":{"line":170,"column":4},"end":{"line":170,"column":37}},{"start":{"line":171,"column":4},"end":{"line":171,"column":34}},{"start":{"line":172,"column":4},"end":{"line":172,"column":52}}]}},"s":{"0":0,"1":0,"2":0,"3":0,"4":0,"5":0,"6":0,"7":0,"8":0,"9":0,"10":0,"11":0,"12":0,"13":0,"14":0,"15":0,"16":0,"17":0,"18":0,"19":0,"20":0,"21":0,"22":0,"23":0,"24":0},"f":{"0":0,"1":0,"2":0},"b":{"0":[0],"1":[0],"2":[0],"3":[0,0,0],"4":[0,0],"5":[0],"6":[0],"7":[0],"8":[0,0,0]}}
,"/Users/ucheekezie/myworks/web3work/drips/burner8/ILN-Smart-Contract/sdk/src/utils/tokenRegistry.ts": {"path":"/Users/ucheekezie/myworks/web3work/drips/burner8/ILN-Smart-Contract/sdk/src/utils/tokenRegistry.ts","statementMap":{"0":{"start":{"line":22,"column":65},"end":{"line":63,"column":2}},"1":{"start":{"line":69,"column":4},"end":{"line":69,"column":27}},"2":{"start":{"line":77,"column":18},"end":{"line":77,"column":62}},"3":{"start":{"line":78,"column":4},"end":{"line":83,"column":5}},"4":{"start":{"line":79,"column":6},"end":{"line":82,"column":8}},"5":{"start":{"line":84,"column":4},"end":{"line":84,"column":17}},"6":{"start":{"line":89,"column":4},"end":{"line":89,"column":49}},"7":{"start":{"line":97,"column":4},"end":{"line":97,"column":61}},"8":{"start":{"line":105,"column":25},"end":{"line":105,"column":41}},"9":{"start":{"line":106,"column":4},"end":{"line":106,"column":60}},"10":{"start":{"line":114,"column":25},"end":{"line":114,"column":41}},"11":{"start":{"line":115,"column":4},"end":{"line":115,"column":47}},"12":{"start":{"line":120,"column":29},"end":{"line":120,"column":57}}},"fnMap":{"0":{"name":"(anonymous_0)","decl":{"start":{"line":68,"column":2},"end":{"line":68,"column":14}},"loc":{"start":{"line":68,"column":46},"end":{"line":70,"column":3}}},"1":{"name":"(anonymous_1)","decl":{"start":{"line":76,"column":2},"end":{"line":76,"column":5}},"loc":{"start":{"line":76,"column":20},"end":{"line":85,"column":3}}},"2":{"name":"(anonymous_2)","decl":{"start":{"line":88,"column":2},"end":{"line":88,"column":6}},"loc":{"start":{"line":88,"column":6},"end":{"line":90,"column":3}}},"3":{"name":"(anonymous_3)","decl":{"start":{"line":96,"column":2},"end":{"line":96,"column":10}},"loc":{"start":{"line":96,"column":26},"end":{"line":98,"column":3}}},"4":{"name":"(anonymous_4)","decl":{"start":{"line":104,"column":2},"end":{"line":104,"column":13}},"loc":{"start":{"line":104,"column":49},"end":{"line":107,"column":3}}},"5":{"name":"(anonymous_5)","decl":{"start":{"line":113,"column":2},"end":{"line":113,"column":15}},"loc":{"start":{"line":113,"column":50},"end":{"line":116,"column":3}}}},"branchMap":{"0":{"loc":{"start":{"line":68,"column":14},"end":{"line":68,"column":46}},"type":"default-arg","locations":[{"start":{"line":68,"column":37},"end":{"line":68,"column":46}}]},"1":{"loc":{"start":{"line":78,"column":4},"end":{"line":83,"column":5}},"type":"if","locations":[{"start":{"line":78,"column":4},"end":{"line":83,"column":5}}]}},"s":{"0":0,"1":0,"2":0,"3":0,"4":0,"5":0,"6":0,"7":0,"8":0,"9":0,"10":0,"11":0,"12":0},"f":{"0":0,"1":0,"2":0,"3":0,"4":0,"5":0},"b":{"0":[0],"1":[0]}}
,"/Users/ucheekezie/myworks/web3work/drips/burner8/ILN-Smart-Contract/sdk/src/utils/validate.d.ts": {"path":"/Users/ucheekezie/myworks/web3work/drips/burner8/ILN-Smart-Contract/sdk/src/utils/validate.d.ts","statementMap":{},"fnMap":{},"branchMap":{},"s":{},"f":{},"b":{}}
,"/Users/ucheekezie/myworks/web3work/drips/burner8/ILN-Smart-Contract/sdk/src/utils/validate.ts": {"path":"/Users/ucheekezie/myworks/web3work/drips/burner8/ILN-Smart-Contract/sdk/src/utils/validate.ts","statementMap":{"0":{"start":{"line":16,"column":25},"end":{"line":16,"column":27}},"1":{"start":{"line":18,"column":25},"end":{"line":18,"column":27}},"2":{"start":{"line":21,"column":32},"end":{"line":21,"column":33}},"3":{"start":{"line":23,"column":32},"end":{"line":23,"column":36}},"4":{"start":{"line":26,"column":31},"end":{"line":26,"column":50}},"5":{"start":{"line":28,"column":31},"end":{"line":28,"column":56}},"6":{"start":{"line":31,"column":47},"end":{"line":35,"column":2}},"7":{"start":{"line":45,"column":2},"end":{"line":47,"column":3}},"8":{"start":{"line":46,"column":4},"end":{"line":46,"column":76}},"9":{"start":{"line":48,"column":2},"end":{"line":52,"column":3}},"10":{"start":{"line":49,"column":4},"end":{"line":51,"column":6}},"11":{"start":{"line":53,"column":2},"end":{"line":57,"column":3}},"12":{"start":{"line":54,"column":4},"end":{"line":56,"column":6}},"13":{"start":{"line":67,"column":2},"end":{"line":69,"column":3}},"14":{"start":{"line":68,"column":4},"end":{"line":68,"column":80}},"15":{"start":{"line":70,"column":2},"end":{"line":74,"column":3}},"16":{"start":{"line":71,"column":4},"end":{"line":73,"column":6}},"17":{"start":{"line":91,"column":2},"end":{"line":93,"column":3}},"18":{"start":{"line":92,"column":4},"end":{"line":92,"column":83}},"19":{"start":{"line":94,"column":2},"end":{"line":96,"column":3}},"20":{"start":{"line":95,"column":4},"end":{"line":95,"column":70}},"21":{"start":{"line":97,"column":2},"end":{"line":101,"column":3}},"22":{"start":{"line":98,"column":4},"end":{"line":100,"column":6}},"23":{"start":{"line":105,"column":19},"end":{"line":105,"column":40}},"24":{"start":{"line":106,"column":2},"end":{"line":110,"column":3}},"25":{"start":{"line":107,"column":4},"end":{"line":109,"column":6}},"26":{"start":{"line":120,"column":2},"end":{"line":122,"column":3}},"27":{"start":{"line":121,"column":4},"end":{"line":121,"column":85}},"28":{"start":{"line":123,"column":2},"end":{"line":127,"column":3}},"29":{"start":{"line":124,"column":4},"end":{"line":126,"column":6}},"30":{"start":{"line":139,"column":2},"end":{"line":141,"column":3}},"31":{"start":{"line":140,"column":4},"end":{"line":140,"column":71}},"32":{"start":{"line":142,"column":16},"end":{"line":142,"column":43}},"33":{"start":{"line":143,"column":2},"end":{"line":145,"column":3}},"34":{"start":{"line":144,"column":4},"end":{"line":144,"column":85}},"35":{"start":{"line":146,"column":2},"end":{"line":148,"column":3}},"36":{"start":{"line":147,"column":4},"end":{"line":147,"column":82}}},"fnMap":{"0":{"name":"validateGAddress","decl":{"start":{"line":44,"column":16},"end":{"line":44,"column":32}},"loc":{"start":{"line":44,"column":48},"end":{"line":58,"column":1}}},"1":{"name":"validateContractId","decl":{"start":{"line":66,"column":16},"end":{"line":66,"column":34}},"loc":{"start":{"line":66,"column":53},"end":{"line":75,"column":1}}},"2":{"name":"validateAmount","decl":{"start":{"line":86,"column":16},"end":{"line":86,"column":30}},"loc":{"start":{"line":89,"column":23},"end":{"line":111,"column":1}}},"3":{"name":"validateDiscountRate","decl":{"start":{"line":119,"column":16},"end":{"line":119,"column":36}},"loc":{"start":{"line":119,"column":49},"end":{"line":128,"column":1}}},"4":{"name":"validateDueDate","decl":{"start":{"line":138,"column":16},"end":{"line":138,"column":31}},"loc":{"start":{"line":138,"column":42},"end":{"line":149,"column":1}}}},"branchMap":{"0":{"loc":{"start":{"line":45,"column":2},"end":{"line":47,"column":3}},"type":"if","locations":[{"start":{"line":45,"column":2},"end":{"line":47,"column":3}}]},"1":{"loc":{"start":{"line":45,"column":6},"end":{"line":45,"column":57}},"type":"binary-expr","locations":[{"start":{"line":45,"column":6},"end":{"line":45,"column":33}},{"start":{"line":45,"column":37},"end":{"line":45,"column":57}}]},"2":{"loc":{"start":{"line":48,"column":2},"end":{"line":52,"column":3}},"type":"if","locations":[{"start":{"line":48,"column":2},"end":{"line":52,"column":3}}]},"3":{"loc":{"start":{"line":53,"column":2},"end":{"line":57,"column":3}},"type":"if","locations":[{"start":{"line":53,"column":2},"end":{"line":57,"column":3}}]},"4":{"loc":{"start":{"line":67,"column":2},"end":{"line":69,"column":3}},"type":"if","locations":[{"start":{"line":67,"column":2},"end":{"line":69,"column":3}}]},"5":{"loc":{"start":{"line":67,"column":6},"end":{"line":67,"column":63}},"type":"binary-expr","locations":[{"start":{"line":67,"column":6},"end":{"line":67,"column":36}},{"start":{"line":67,"column":40},"end":{"line":67,"column":63}}]},"6":{"loc":{"start":{"line":70,"column":2},"end":{"line":74,"column":3}},"type":"if","locations":[{"start":{"line":70,"column":2},"end":{"line":74,"column":3}}]},"7":{"loc":{"start":{"line":70,"column":6},"end":{"line":70,"column":75}},"type":"binary-expr","locations":[{"start":{"line":70,"column":6},"end":{"line":70,"column":33}},{"start":{"line":70,"column":37},"end":{"line":70,"column":75}}]},"8":{"loc":{"start":{"line":91,"column":2},"end":{"line":93,"column":3}},"type":"if","locations":[{"start":{"line":91,"column":2},"end":{"line":93,"column":3}}]},"9":{"loc":{"start":{"line":94,"column":2},"end":{"line":96,"column":3}},"type":"if","locations":[{"start":{"line":94,"column":2},"end":{"line":96,"column":3}}]},"10":{"loc":{"start":{"line":97,"column":2},"end":{"line":101,"column":3}},"type":"if","locations":[{"start":{"line":97,"column":2},"end":{"line":101,"column":3}}]},"11":{"loc":{"start":{"line":106,"column":2},"end":{"line":110,"column":3}},"type":"if","locations":[{"start":{"line":106,"column":2},"end":{"line":110,"column":3}}]},"12":{"loc":{"start":{"line":106,"column":6},"end":{"line":106,"column":54}},"type":"binary-expr","locations":[{"start":{"line":106,"column":6},"end":{"line":106,"column":28}},{"start":{"line":106,"column":32},"end":{"line":106,"column":54}}]},"13":{"loc":{"start":{"line":120,"column":2},"end":{"line":122,"column":3}},"type":"if","locations":[{"start":{"line":120,"column":2},"end":{"line":122,"column":3}}]},"14":{"loc":{"start":{"line":123,"column":2},"end":{"line":127,"column":3}},"type":"if","locations":[{"start":{"line":123,"column":2},"end":{"line":127,"column":3}}]},"15":{"loc":{"start":{"line":123,"column":6},"end":{"line":123,"column":56}},"type":"binary-expr","locations":[{"start":{"line":123,"column":6},"end":{"line":123,"column":29}},{"start":{"line":123,"column":33},"end":{"line":123,"column":56}}]},"16":{"loc":{"start":{"line":139,"column":2},"end":{"line":141,"column":3}},"type":"if","locations":[{"start":{"line":139,"column":2},"end":{"line":141,"column":3}}]},"17":{"loc":{"start":{"line":139,"column":6},"end":{"line":139,"column":61}},"type":"binary-expr","locations":[{"start":{"line":139,"column":6},"end":{"line":139,"column":29}},{"start":{"line":139,"column":33},"end":{"line":139,"column":61}}]},"18":{"loc":{"start":{"line":143,"column":2},"end":{"line":145,"column":3}},"type":"if","locations":[{"start":{"line":143,"column":2},"end":{"line":145,"column":3}}]},"19":{"loc":{"start":{"line":146,"column":2},"end":{"line":148,"column":3}},"type":"if","locations":[{"start":{"line":146,"column":2},"end":{"line":148,"column":3}}]}},"s":{"0":0,"1":0,"2":0,"3":0,"4":0,"5":0,"6":0,"7":0,"8":0,"9":0,"10":0,"11":0,"12":0,"13":0,"14":0,"15":0,"16":0,"17":0,"18":0,"19":0,"20":0,"21":0,"22":0,"23":0,"24":0,"25":0,"26":0,"27":0,"28":0,"29":0,"30":0,"31":0,"32":0,"33":0,"34":0,"35":0,"36":0},"f":{"0":0,"1":0,"2":0,"3":0,"4":0},"b":{"0":[0],"1":[0,0],"2":[0],"3":[0],"4":[0],"5":[0,0],"6":[0],"7":[0,0],"8":[0],"9":[0],"10":[0],"11":[0],"12":[0,0],"13":[0],"14":[0],"15":[0,0],"16":[0],"17":[0,0],"18":[0],"19":[0]}}
}
