TN:
SF:src/client.ts
FN:92,ILNClient
FN:114,testnet
FN:141,mainnet
FN:166,custom
FN:182,getReputation
FN:199,getContractStats
FN:227,ILNSingleton
FN:230,configure
FN:235,get client
FN:244,getReputation
FN:248,getContractStats
FNF:11
FNH:8
FNDA:11,ILNClient
FNDA:6,testnet
FNDA:3,mainnet
FNDA:2,custom
FNDA:0,getReputation
FNDA:0,getContractStats
FNDA:20,ILNSingleton
FNDA:0,configure
FNDA:2,get client
FNDA:1,getReputation
FNDA:1,getContractStats
DA:1,1
DA:2,1
DA:3,1
DA:4,1
DA:5,1
DA:6,1
DA:7,1
DA:8,1
DA:9,1
DA:10,1
DA:11,1
DA:12,1
DA:13,1
DA:14,1
DA:15,1
DA:16,1
DA:17,1
DA:18,1
DA:19,1
DA:20,1
DA:21,1
DA:22,1
DA:23,1
DA:24,1
DA:25,1
DA:26,1
DA:27,1
DA:28,1
DA:29,1
DA:30,1
DA:31,1
DA:32,1
DA:33,1
DA:34,1
DA:35,1
DA:36,1
DA:37,1
DA:38,1
DA:39,1
DA:40,1
DA:41,1
DA:42,1
DA:43,1
DA:44,1
DA:45,1
DA:46,1
DA:47,1
DA:48,1
DA:49,1
DA:50,1
DA:51,1
DA:52,1
DA:53,1
DA:54,1
DA:55,1
DA:56,1
DA:57,1
DA:58,1
DA:59,1
DA:60,1
DA:61,1
DA:62,1
DA:63,1
DA:64,1
DA:65,1
DA:66,1
DA:67,1
DA:68,1
DA:69,1
DA:70,1
DA:71,1
DA:72,1
DA:73,1
DA:74,1
DA:75,1
DA:76,1
DA:77,1
DA:78,1
DA:79,1
DA:80,1
DA:81,1
DA:82,1
DA:83,1
DA:84,1
DA:85,1
DA:86,1
DA:87,1
DA:88,1
DA:89,1
DA:90,1
DA:91,1
DA:92,1
DA:93,11
DA:94,11
DA:95,11
DA:96,11
DA:97,11
DA:98,1
DA:99,1
DA:100,1
DA:101,1
DA:102,1
DA:103,1
DA:104,1
DA:105,1
DA:106,1
DA:107,1
DA:108,1
DA:109,1
DA:110,1
DA:111,1
DA:112,1
DA:113,1
DA:114,1
DA:115,6
DA:116,6
DA:117,6
DA:118,6
DA:119,6
DA:120,6
DA:121,6
DA:122,6
DA:123,5
DA:124,5
DA:125,5
DA:126,6
DA:127,6
DA:128,6
DA:129,1
DA:130,1
DA:131,1
DA:132,1
DA:133,1
DA:134,1
DA:135,1
DA:136,1
DA:137,1
DA:138,1
DA:139,1
DA:140,1
DA:141,1
DA:142,3
DA:143,3
DA:144,3
DA:145,3
DA:146,3
DA:147,3
DA:148,3
DA:149,3
DA:150,3
DA:151,3
DA:152,2
DA:153,2
DA:154,3
DA:155,3
DA:156,3
DA:157,1
DA:158,1
DA:159,1
DA:160,1
DA:161,1
DA:162,1
DA:163,1
DA:164,1
DA:165,1
DA:166,1
DA:167,2
DA:168,2
DA:169,1
DA:170,1
DA:171,1
DA:172,1
DA:173,1
DA:174,1
DA:175,1
DA:176,1
DA:177,1
DA:178,1
DA:179,1
DA:180,1
DA:181,1
DA:182,1
DA:183,0
DA:184,0
DA:185,0
DA:186,0
DA:187,0
DA:188,0
DA:189,0
DA:190,0
DA:191,1
DA:192,1
DA:193,1
DA:194,1
DA:195,1
DA:196,1
DA:197,1
DA:198,1
DA:199,1
DA:200,0
DA:201,0
DA:202,0
DA:203,0
DA:204,0
DA:205,0
DA:206,0
DA:207,0
DA:208,1
DA:209,1
DA:210,1
DA:211,1
DA:212,1
DA:213,1
DA:214,1
DA:215,1
DA:216,1
DA:217,1
DA:218,1
DA:219,1
DA:220,1
DA:221,1
DA:222,1
DA:223,1
DA:224,1
DA:225,1
DA:226,1
DA:227,20
DA:228,20
DA:229,1
DA:230,1
DA:231,0
DA:232,0
DA:233,1
DA:234,1
DA:235,1
DA:236,2
DA:237,2
DA:238,2
DA:239,2
DA:240,2
DA:241,0
DA:242,2
DA:243,1
DA:244,1
DA:245,1
DA:246,1
DA:247,1
DA:248,1
DA:249,1
DA:250,1
DA:251,1
DA:252,1
DA:253,1
LF:253
LH:234
BRDA:92,0,0,11
BRDA:114,1,0,6
BRDA:119,2,0,1
BRDA:119,3,0,5
BRDA:122,4,0,1
BRDA:122,5,0,5
BRDA:126,6,0,1
BRDA:126,7,0,5
BRDA:141,8,0,3
BRDA:148,9,0,1
BRDA:148,10,0,2
BRDA:151,11,0,1
BRDA:151,12,0,2
BRDA:154,13,0,1
BRDA:154,14,0,2
BRDA:166,15,0,2
BRDA:227,16,0,20
BRDA:235,17,0,2
BRDA:240,18,0,0
BRDA:244,19,0,1
BRDA:248,20,0,1
BRF:21
BRH:20
end_of_record
TN:
SF:src/errors.ts
FN:3,ILNError
FN:8,<static_initializer>
FN:8,InvoiceNotFound
FN:9,AlreadyFunded
FN:10,AlreadyPaid
FN:11,NotFunded
FN:12,Unauthorized
FN:13,InvalidAmount
FN:14,InvalidDiscountRate
FN:15,InvalidDueDate
FN:16,InvoiceDefaulted
FN:17,NothingToClaim
FN:18,NotYetDefaulted
FN:19,OverfundingRejected
FN:20,InvoiceExpired
FN:21,BatchTooLarge
FN:22,AlreadyCancelled
FN:23,AlreadyInitialized
FN:24,AlreadyAppealed
FN:25,AppealWindowClosed
FN:26,NotDefaulted
FN:27,AlreadyInQueue
FN:28,NotApprovedFunder
FN:29,InvoiceAppealed
FN:30,AlreadyDisputed
FN:31,NotDisputed
FN:32,InvoiceDisputed
FN:33,ContractPaused
FN:34,DueDateTooSoon
FN:35,DueDateTooFar
FN:36,SelfInvoice
FN:37,OverpaymentRejected
FN:38,PayerReputationTooLow
FN:39,ArithmeticOverflow
FN:40,FeeOnTransferToken
FN:41,PayerUnverified
FN:42,OracleDataStale
FN:43,AmountTooSmall
FN:44,InvoiceNotCancellable
FN:45,InvalidAddress
FN:46,InvalidTransfer
FN:47,InsufficientAmount
FN:49,fromError
FNF:43
FNH:13
FNDA:25,ILNError
FNDA:8,<static_initializer>
FNDA:1,InvoiceNotFound
FNDA:0,AlreadyFunded
FNDA:0,AlreadyPaid
FNDA:0,NotFunded
FNDA:1,Unauthorized
FNDA:5,InvalidAmount
FNDA:4,InvalidDiscountRate
FNDA:1,InvalidDueDate
FNDA:0,InvoiceDefaulted
FNDA:0,NothingToClaim
FNDA:0,NotYetDefaulted
FNDA:0,OverfundingRejected
FNDA:0,InvoiceExpired
FNDA:0,BatchTooLarge
FNDA:0,AlreadyCancelled
FNDA:0,AlreadyInitialized
FNDA:0,AlreadyAppealed
FNDA:0,AppealWindowClosed
FNDA:0,NotDefaulted
FNDA:0,AlreadyInQueue
FNDA:0,NotApprovedFunder
FNDA:0,InvoiceAppealed
FNDA:0,AlreadyDisputed
FNDA:0,NotDisputed
FNDA:0,InvoiceDisputed
FNDA:0,ContractPaused
FNDA:2,DueDateTooSoon
FNDA:1,DueDateTooFar
FNDA:0,SelfInvoice
FNDA:0,OverpaymentRejected
FNDA:0,PayerReputationTooLow
FNDA:0,ArithmeticOverflow
FNDA:0,FeeOnTransferToken
FNDA:0,PayerUnverified
FNDA:0,OracleDataStale
FNDA:0,AmountTooSmall
FNDA:1,InvoiceNotCancellable
FNDA:6,InvalidAddress
FNDA:1,InvalidTransfer
FNDA:2,InsufficientAmount
FNDA:0,fromError
DA:1,1
DA:2,1
DA:3,1
DA:4,25
DA:5,25
DA:6,25
DA:7,1
DA:8,1
DA:9,8
DA:10,8
DA:11,8
DA:12,8
DA:13,8
DA:14,8
DA:15,8
DA:16,8
DA:17,8
DA:18,8
DA:19,8
DA:20,8
DA:21,8
DA:22,8
DA:23,8
DA:24,8
DA:25,8
DA:26,8
DA:27,8
DA:28,8
DA:29,8
DA:30,8
DA:31,8
DA:32,8
DA:33,8
DA:34,8
DA:35,8
DA:36,8
DA:37,8
DA:38,8
DA:39,8
DA:40,8
DA:41,8
DA:42,8
DA:43,8
DA:44,8
DA:45,8
DA:46,8
DA:47,8
DA:48,1
DA:49,1
DA:50,0
DA:51,0
DA:52,0
DA:53,0
DA:54,0
DA:55,0
DA:56,0
DA:57,0
DA:58,0
DA:59,0
DA:60,0
DA:61,0
DA:62,0
DA:63,0
DA:64,0
DA:65,0
DA:66,0
DA:67,0
DA:68,0
DA:69,0
DA:70,0
DA:71,0
DA:72,0
DA:73,0
DA:74,0
DA:75,0
DA:76,0
DA:77,0
DA:78,0
DA:79,0
DA:80,0
DA:81,0
DA:82,0
DA:83,0
DA:84,0
DA:85,0
DA:86,0
DA:87,0
DA:88,0
DA:89,0
DA:90,0
DA:91,0
DA:92,0
DA:93,0
DA:94,0
DA:95,0
DA:96,1
LF:96
LH:50
BRDA:3,0,0,25
BRDA:8,1,0,8
BRDA:8,2,0,1
BRDA:12,3,0,1
BRDA:13,4,0,5
BRDA:14,5,0,4
BRDA:15,6,0,1
BRDA:34,7,0,2
BRDA:35,8,0,1
BRDA:44,9,0,1
BRDA:45,10,0,6
BRDA:46,11,0,1
BRDA:47,12,0,2
BRF:13
BRH:13
end_of_record
TN:
SF:src/events/subscribe.ts
FN:57,decodeScVal
FN:67,extractEventType
FN:84,parseContractEvent
FN:95,big
FN:98,num
FN:99,str
FN:100,bool
FN:340,matchesFilter
FN:388,subscribe
FN:400,connect
FN:412,onmessage
FN:423,onerror
FN:441,scheduleReconnect
FN:453,unsubscribe
FNF:14
FNH:14
FNDA:86,decodeScVal
FNDA:28,extractEventType
FNDA:28,parseContractEvent
FNDA:47,big
FNDA:35,num
FNDA:54,str
FNDA:2,bool
FNDA:15,matchesFilter
FNDA:12,subscribe
FNDA:16,connect
FNDA:5,onmessage
FNDA:5,onerror
FNDA:6,scheduleReconnect
FNDA:5,unsubscribe
DA:1,1
DA:2,1
DA:3,1
DA:4,1
DA:5,1
DA:6,1
DA:7,1
DA:8,1
DA:9,1
DA:10,1
DA:11,1
DA:12,1
DA:13,1
DA:14,1
DA:15,1
DA:16,1
DA:17,1
DA:18,1
DA:19,1
DA:20,1
DA:21,1
DA:22,1
DA:23,1
DA:24,1
DA:25,1
DA:26,1
DA:27,1
DA:28,1
DA:29,1
DA:30,1
DA:31,1
DA:32,1
DA:33,1
DA:34,1
DA:35,1
DA:36,1
DA:37,1
DA:38,1
DA:39,1
DA:40,1
DA:41,1
DA:42,1
DA:43,1
DA:44,1
DA:45,1
DA:46,1
DA:47,1
DA:48,1
DA:49,1
DA:50,1
DA:51,1
DA:52,1
DA:53,1
DA:54,1
DA:55,1
DA:56,1
DA:57,86
DA:58,86
DA:59,86
DA:60,86
DA:61,86
DA:62,1
DA:63,1
DA:64,86
DA:65,1
DA:66,1
DA:67,28
DA:68,28
DA:69,28
DA:70,28
DA:71,28
DA:72,1
DA:73,1
DA:74,1
DA:75,1
DA:76,1
DA:77,1
DA:78,1
DA:79,1
DA:80,1
DA:81,1
DA:82,1
DA:83,1
DA:84,1
DA:85,28
DA:86,28
DA:87,28
DA:88,28
DA:89,25
DA:90,25
DA:91,28
DA:92,28
DA:93,28
DA:94,28
DA:95,28
DA:96,47
DA:97,47
DA:98,28
DA:99,28
DA:100,28
DA:101,28
DA:102,28
DA:103,28
DA:104,1
DA:105,1
DA:106,1
DA:107,1
DA:108,1
DA:109,1
DA:110,1
DA:111,1
DA:112,1
DA:113,1
DA:114,1
DA:115,1
DA:116,1
DA:117,1
DA:118,28
DA:119,28
DA:120,3
DA:121,3
DA:122,3
DA:123,3
DA:124,3
DA:125,3
DA:126,3
DA:127,3
DA:128,3
DA:129,3
DA:130,3
DA:131,3
DA:132,3
DA:133,3
DA:134,3
DA:135,3
DA:136,3
DA:137,3
DA:138,3
DA:139,3
DA:140,28
DA:141,28
DA:142,1
DA:143,1
DA:144,1
DA:145,1
DA:146,1
DA:147,1
DA:148,1
DA:149,1
DA:150,1
DA:151,1
DA:152,1
DA:153,1
DA:154,1
DA:155,1
DA:156,1
DA:157,1
DA:158,28
DA:159,28
DA:160,1
DA:161,1
DA:162,1
DA:163,1
DA:164,1
DA:165,1
DA:166,1
DA:167,1
DA:168,1
DA:169,1
DA:170,28
DA:171,28
DA:172,1
DA:173,1
DA:174,1
DA:175,1
DA:176,1
DA:177,1
DA:178,1
DA:179,1
DA:180,1
DA:181,1
DA:182,1
DA:183,1
DA:184,1
DA:185,1
DA:186,1
DA:187,28
DA:188,28
DA:189,28
DA:190,1
DA:191,1
DA:192,1
DA:193,1
DA:194,1
DA:195,1
DA:196,1
DA:197,1
DA:198,1
DA:199,28
DA:200,28
DA:201,1
DA:202,1
DA:203,1
DA:204,1
DA:205,1
DA:206,1
DA:207,1
DA:208,1
DA:209,1
DA:210,28
DA:211,28
DA:212,1
DA:213,1
DA:214,1
DA:215,1
DA:216,1
DA:217,1
DA:218,1
DA:219,1
DA:220,1
DA:221,28
DA:222,28
DA:223,1
DA:224,1
DA:225,1
DA:226,1
DA:227,1
DA:228,1
DA:229,1
DA:230,1
DA:231,1
DA:232,28
DA:233,28
DA:234,1
DA:235,1
DA:236,1
DA:237,1
DA:238,1
DA:239,1
DA:240,1
DA:241,28
DA:242,28
DA:243,1
DA:244,1
DA:245,1
DA:246,1
DA:247,1
DA:248,1
DA:249,28
DA:250,28
DA:251,1
DA:252,1
DA:253,1
DA:254,1
DA:255,1
DA:256,1
DA:257,1
DA:258,1
DA:259,1
DA:260,28
DA:261,28
DA:262,1
DA:263,1
DA:264,1
DA:265,1
DA:266,1
DA:267,1
DA:268,1
DA:269,1
DA:270,28
DA:271,28
DA:272,3
DA:273,28
DA:274,28
DA:275,1
DA:276,28
DA:277,28
DA:278,1
DA:279,1
DA:280,1
DA:281,1
DA:282,1
DA:283,1
DA:284,1
DA:285,1
DA:286,28
DA:287,28
DA:288,1
DA:289,1
DA:290,1
DA:291,1
DA:292,1
DA:293,1
DA:294,1
DA:295,1
DA:296,28
DA:297,28
DA:298,1
DA:299,1
DA:300,1
DA:301,1
DA:302,1
DA:303,1
DA:304,1
DA:305,1
DA:306,1
DA:307,28
DA:308,28
DA:309,1
DA:310,1
DA:311,1
DA:312,1
DA:313,1
DA:314,1
DA:315,1
DA:316,1
DA:317,28
DA:318,28
DA:319,1
DA:320,1
DA:321,1
DA:322,1
DA:323,1
DA:324,1
DA:325,1
DA:326,1
DA:327,28
DA:328,28
DA:329,1
DA:330,28
DA:331,28
DA:332,1
DA:333,1
DA:334,1
DA:335,1
DA:336,1
DA:337,1
DA:338,1
DA:339,1
DA:340,1
DA:341,15
DA:342,2
DA:343,2
DA:344,13
DA:345,15
DA:346,5
DA:347,5
DA:348,5
DA:349,11
DA:350,15
DA:351,5
DA:352,5
DA:353,5
DA:354,5
DA:355,5
DA:356,5
DA:357,5
DA:358,9
DA:359,9
DA:360,9
DA:361,1
DA:362,1
DA:363,1
DA:364,1
DA:365,1
DA:366,1
DA:367,1
DA:368,1
DA:369,1
DA:370,1
DA:371,1
DA:372,1
DA:373,1
DA:374,1
DA:375,1
DA:376,1
DA:377,1
DA:378,1
DA:379,1
DA:380,1
DA:381,1
DA:382,1
DA:383,1
DA:384,1
DA:385,1
DA:386,1
DA:387,1
DA:388,1
DA:389,12
DA:390,12
DA:391,12
DA:392,12
DA:393,12
DA:394,12
DA:395,12
DA:396,12
DA:397,12
DA:398,12
DA:399,12
DA:400,12
DA:401,16
DA:402,16
DA:403,16
DA:404,16
DA:405,16
DA:406,16
DA:407,16
DA:408,16
DA:409,16
DA:410,16
DA:411,16
DA:412,16
DA:413,5
DA:414,4
DA:415,4
DA:416,5
DA:417,2
DA:418,2
DA:419,5
DA:420,0
DA:421,0
DA:422,5
DA:423,16
DA:424,5
DA:425,5
DA:426,5
DA:427,5
DA:428,5
DA:429,5
DA:430,5
DA:431,16
DA:432,16
DA:433,16
DA:434,16
DA:435,16
DA:436,2
DA:437,2
DA:438,2
DA:439,16
DA:440,12
DA:441,12
DA:442,6
DA:443,6
DA:444,4
DA:445,4
DA:446,6
DA:447,6
DA:448,6
DA:449,12
DA:450,12
DA:451,12
DA:452,12
DA:453,12
DA:454,5
DA:455,5
DA:456,0
DA:457,0
DA:458,0
DA:459,5
DA:460,5
DA:461,5
DA:462,12
LF:462
LH:457
BRDA:57,0,0,86
BRDA:61,1,0,1
BRDA:67,2,0,28
BRDA:68,3,0,0
BRDA:69,4,0,2
BRDA:69,5,0,26
BRDA:70,6,0,0
BRDA:71,7,0,25
BRDA:71,8,0,1
BRDA:84,9,0,28
BRDA:88,10,0,3
BRDA:88,11,0,25
BRDA:91,12,0,0
BRDA:92,13,0,0
BRDA:93,14,0,25
BRDA:93,15,0,25
BRDA:93,16,0,0
BRDA:103,17,0,1
BRDA:105,18,0,0
BRDA:108,19,0,0
BRDA:119,20,0,3
BRDA:121,21,0,0
BRDA:124,22,0,0
BRDA:134,23,0,1
BRDA:134,24,0,2
BRDA:141,25,0,1
BRDA:146,26,0,0
BRDA:159,27,0,1
BRDA:164,28,0,0
BRDA:171,29,0,1
BRDA:176,30,0,0
BRDA:188,31,0,1
BRDA:189,32,0,1
BRDA:194,33,0,0
BRDA:200,34,0,1
BRDA:205,35,0,0
BRDA:211,36,0,1
BRDA:216,37,0,0
BRDA:222,38,0,1
BRDA:227,39,0,0
BRDA:233,40,0,1
BRDA:238,41,0,0
BRDA:242,42,0,1
BRDA:250,43,0,1
BRDA:255,44,0,0
BRDA:261,45,0,1
BRDA:266,46,0,0
BRDA:271,47,0,3
BRDA:274,48,0,1
BRDA:277,49,0,1
BRDA:279,50,0,0
BRDA:282,51,0,0
BRDA:287,52,0,1
BRDA:289,53,0,0
BRDA:297,54,0,1
BRDA:308,55,0,1
BRDA:313,56,0,0
BRDA:318,57,0,1
BRDA:323,58,0,0
BRDA:328,59,0,1
BRDA:95,60,0,47
BRDA:96,61,0,0
BRDA:98,62,0,35
BRDA:98,63,0,14
BRDA:99,64,0,54
BRDA:99,65,0,0
BRDA:100,66,0,2
BRDA:340,67,0,15
BRDA:341,68,0,7
BRDA:341,69,0,7
BRDA:341,70,0,2
BRDA:343,71,0,13
BRDA:345,72,0,5
BRDA:347,73,0,4
BRDA:347,74,0,2
BRDA:348,75,0,11
BRDA:350,76,0,5
BRDA:356,77,0,2
BRDA:357,78,0,9
BRDA:354,79,0,41
BRDA:354,80,0,20
BRDA:388,81,0,12
BRDA:400,82,0,16
BRDA:401,83,0,0
BRDA:435,84,0,2
BRDA:412,85,0,5
BRDA:413,86,0,1
BRDA:413,87,0,4
BRDA:416,88,0,3
BRDA:416,89,0,2
BRDA:419,90,0,0
BRDA:423,91,0,5
BRDA:424,92,0,1
BRDA:424,93,0,4
BRDA:425,94,0,1
BRDA:427,95,0,4
BRDA:441,96,0,6
BRDA:442,97,0,0
BRDA:443,98,0,4
BRDA:453,99,0,5
BRDA:455,100,0,0
BRDA:459,101,0,4
BRF:102
BRH:72
end_of_record
TN:
SF:src/generated/cancelInvoice.generated.ts
FN:1,(empty-report)
FNF:1
FNH:0
FNDA:0,(empty-report)
DA:1,0
DA:2,0
DA:3,0
DA:4,0
DA:5,0
DA:6,0
DA:7,0
DA:8,0
DA:9,0
DA:10,0
DA:11,0
DA:12,0
DA:13,0
DA:14,0
DA:15,0
DA:16,0
DA:17,0
DA:18,0
DA:19,0
DA:20,0
DA:21,0
DA:22,0
DA:23,0
DA:24,0
DA:25,0
DA:26,0
DA:27,0
DA:28,0
DA:29,0
DA:30,0
DA:31,0
DA:32,0
DA:33,0
DA:34,0
DA:35,0
DA:36,0
DA:37,0
DA:38,0
DA:39,0
DA:40,0
DA:41,0
DA:42,0
DA:43,0
DA:44,0
DA:45,0
DA:46,0
DA:47,0
DA:48,0
DA:49,0
DA:50,0
DA:51,0
DA:52,0
DA:53,0
DA:54,0
DA:55,0
LF:55
LH:0
BRDA:1,0,0,0
BRF:1
BRH:0
end_of_record
TN:
SF:src/generated/getInvoice.generated.ts
FN:1,(empty-report)
FNF:1
FNH:0
FNDA:0,(empty-report)
DA:1,0
DA:2,0
DA:3,0
DA:4,0
DA:5,0
DA:6,0
DA:7,0
DA:8,0
DA:9,0
DA:10,0
DA:11,0
DA:12,0
DA:13,0
DA:14,0
DA:15,0
DA:16,0
DA:17,0
DA:18,0
DA:19,0
DA:20,0
DA:21,0
DA:22,0
DA:23,0
DA:24,0
DA:25,0
DA:26,0
DA:27,0
DA:28,0
DA:29,0
DA:30,0
DA:31,0
DA:32,0
DA:33,0
DA:34,0
DA:35,0
DA:36,0
DA:37,0
DA:38,0
DA:39,0
DA:40,0
DA:41,0
DA:42,0
DA:43,0
DA:44,0
DA:45,0
DA:46,0
DA:47,0
DA:48,0
DA:49,0
DA:50,0
DA:51,0
DA:52,0
LF:52
LH:0
BRDA:1,0,0,0
BRF:1
BRH:0
end_of_record
TN:
SF:src/generated/index.generated.ts
FN:1,(empty-report)
FNF:1
FNH:0
FNDA:0,(empty-report)
DA:1,0
DA:2,0
DA:3,0
DA:4,0
DA:5,0
DA:6,0
DA:7,0
LF:7
LH:0
BRDA:1,0,0,0
BRF:1
BRH:0
end_of_record
TN:
SF:src/generated/markPaid.generated.ts
FN:1,(empty-report)
FNF:1
FNH:0
FNDA:0,(empty-report)
DA:1,0
DA:2,0
DA:3,0
DA:4,0
DA:5,0
DA:6,0
DA:7,0
DA:8,0
DA:9,0
DA:10,0
DA:11,0
DA:12,0
DA:13,0
DA:14,0
DA:15,0
DA:16,0
DA:17,0
DA:18,0
DA:19,0
DA:20,0
DA:21,0
DA:22,0
DA:23,0
DA:24,0
DA:25,0
DA:26,0
DA:27,0
DA:28,0
DA:29,0
DA:30,0
DA:31,0
DA:32,0
DA:33,0
DA:34,0
DA:35,0
DA:36,0
DA:37,0
DA:38,0
DA:39,0
DA:40,0
DA:41,0
DA:42,0
DA:43,0
DA:44,0
DA:45,0
DA:46,0
DA:47,0
DA:48,0
DA:49,0
DA:50,0
DA:51,0
DA:52,0
DA:53,0
DA:54,0
DA:55,0
DA:56,0
DA:57,0
LF:57
LH:0
BRDA:1,0,0,0
BRF:1
BRH:0
end_of_record
TN:
SF:src/methods/cancelInvoice.ts
FN:32,cancelInvoice
FNF:1
FNH:1
FNDA:2,cancelInvoice
DA:1,1
DA:2,1
DA:3,1
DA:4,1
DA:5,1
DA:6,1
DA:7,1
DA:8,1
DA:9,1
DA:10,1
DA:11,1
DA:12,1
DA:13,1
DA:14,1
DA:15,1
DA:16,1
DA:17,1
DA:18,1
DA:19,1
DA:20,1
DA:21,1
DA:22,1
DA:23,1
DA:24,1
DA:25,1
DA:26,1
DA:27,1
DA:28,1
DA:29,1
DA:30,1
DA:31,1
DA:32,2
DA:33,2
DA:34,2
DA:35,2
DA:36,2
DA:37,2
DA:38,2
DA:39,2
DA:40,2
DA:41,2
DA:42,2
DA:43,2
DA:44,2
DA:45,2
DA:46,2
DA:47,2
DA:48,2
DA:49,2
DA:50,1
DA:51,1
DA:52,1
DA:53,1
DA:54,1
DA:55,1
DA:56,1
DA:57,0
DA:58,0
DA:59,0
DA:60,0
DA:61,0
DA:62,0
DA:63,0
DA:64,0
DA:65,0
DA:66,0
DA:67,0
DA:68,0
DA:69,0
DA:70,0
DA:71,0
DA:72,0
DA:73,0
DA:74,0
DA:75,0
DA:76,0
DA:77,0
DA:78,0
DA:79,0
DA:80,0
DA:81,0
DA:82,0
DA:83,0
DA:84,0
DA:85,0
DA:86,0
DA:87,0
DA:88,0
DA:89,0
DA:90,0
DA:91,0
DA:92,0
DA:93,0
DA:94,2
DA:95,0
DA:96,0
DA:97,0
DA:98,0
DA:99,0
DA:100,0
DA:101,0
DA:102,0
DA:103,0
DA:104,0
DA:105,0
LF:105
LH:57
BRDA:32,0,0,2
BRDA:49,1,0,1
BRDA:56,2,0,0
BRDA:94,3,0,0
BRF:4
BRH:2
end_of_record
TN:
SF:src/methods/disputeInvoice.ts
FN:1,(empty-report)
FNF:1
FNH:0
FNDA:0,(empty-report)
DA:1,0
DA:2,0
DA:3,0
DA:4,0
DA:5,0
DA:6,0
DA:7,0
DA:8,0
DA:9,0
DA:10,0
DA:11,0
DA:12,0
DA:13,0
DA:14,0
DA:15,0
DA:16,0
DA:17,0
DA:18,0
DA:19,0
DA:20,0
DA:21,0
DA:22,0
DA:23,0
DA:24,0
DA:25,0
DA:26,0
DA:27,0
DA:28,0
DA:29,0
DA:30,0
DA:31,0
DA:32,0
DA:33,0
DA:34,0
DA:35,0
DA:36,0
DA:37,0
DA:38,0
DA:39,0
DA:40,0
DA:41,0
DA:42,0
DA:43,0
DA:44,0
DA:45,0
DA:46,0
DA:47,0
DA:48,0
DA:49,0
DA:50,0
DA:51,0
DA:52,0
DA:53,0
DA:54,0
DA:55,0
DA:56,0
DA:57,0
DA:58,0
DA:59,0
DA:60,0
DA:61,0
DA:62,0
DA:63,0
DA:64,0
DA:65,0
DA:66,0
DA:67,0
DA:68,0
DA:69,0
DA:70,0
DA:71,0
DA:72,0
DA:73,0
DA:74,0
DA:75,0
DA:76,0
DA:77,0
DA:78,0
DA:79,0
DA:80,0
DA:81,0
DA:82,0
DA:83,0
DA:84,0
DA:85,0
DA:86,0
DA:87,0
DA:88,0
DA:89,0
DA:90,0
DA:91,0
DA:92,0
DA:93,0
DA:94,0
DA:95,0
DA:96,0
DA:97,0
DA:98,0
DA:99,0
DA:100,0
DA:101,0
DA:102,0
DA:103,0
DA:104,0
DA:105,0
DA:106,0
DA:107,0
DA:108,0
LF:108
LH:0
BRDA:1,0,0,0
BRF:1
BRH:0
end_of_record
TN:
SF:src/methods/fundInvoice.ts
FN:52,computeEffectiveYieldBps
FN:67,fetchInvoice
FN:114,signAndSubmit
FN:136,verifyOracle
FN:214,fundInvoice
FN:234,makeAccount
FNF:6
FNH:6
FNDA:16,computeEffectiveYieldBps
FNDA:17,fetchInvoice
FNDA:6,signAndSubmit
FNDA:2,verifyOracle
FNDA:18,fundInvoice
FNDA:50,makeAccount
DA:1,1
DA:2,1
DA:3,1
DA:4,1
DA:5,1
DA:6,1
DA:7,1
DA:8,1
DA:9,1
DA:10,1
DA:11,1
DA:12,1
DA:13,1
DA:14,1
DA:15,1
DA:16,1
DA:17,1
DA:18,1
DA:19,1
DA:20,1
DA:21,1
DA:22,1
DA:23,1
DA:24,1
DA:25,1
DA:26,1
DA:27,1
DA:28,1
DA:29,1
DA:30,1
DA:31,1
DA:32,1
DA:33,1
DA:34,1
DA:35,1
DA:36,1
DA:37,1
DA:38,1
DA:39,1
DA:40,1
DA:41,1
DA:42,1
DA:43,1
DA:44,1
DA:45,1
DA:46,1
DA:47,1
DA:48,1
DA:49,1
DA:50,1
DA:51,1
DA:52,1
DA:53,16
DA:54,16
DA:55,16
DA:56,16
DA:57,16
DA:58,16
DA:59,16
DA:60,16
DA:61,1
DA:62,1
DA:63,1
DA:64,1
DA:65,1
DA:66,1
DA:67,17
DA:68,17
DA:69,17
DA:70,17
DA:71,17
DA:72,17
DA:73,17
DA:74,17
DA:75,17
DA:76,17
DA:77,17
DA:78,17
DA:79,17
DA:80,17
DA:81,17
DA:82,17
DA:83,17
DA:84,17
DA:85,17
DA:86,17
DA:87,17
DA:88,17
DA:89,17
DA:90,17
DA:91,1
DA:92,1
DA:93,17
DA:94,0
DA:95,0
DA:96,16
DA:97,16
DA:98,16
DA:99,16
DA:100,16
DA:101,16
DA:102,16
DA:103,16
DA:104,16
DA:105,16
DA:106,16
DA:107,1
DA:108,1
DA:109,1
DA:110,1
DA:111,1
DA:112,1
DA:113,1
DA:114,6
DA:115,6
DA:116,6
DA:117,6
DA:118,6
DA:119,6
DA:120,6
DA:121,6
DA:122,6
DA:123,6
DA:124,1
DA:125,1
DA:126,1
DA:127,1
DA:128,5
DA:129,5
DA:130,1
DA:131,1
DA:132,1
DA:133,1
DA:134,1
DA:135,1
DA:136,2
DA:137,2
DA:138,2
DA:139,2
DA:140,2
DA:141,2
DA:142,2
DA:143,2
DA:144,2
DA:145,2
DA:146,2
DA:147,2
DA:148,2
DA:149,2
DA:150,2
DA:151,2
DA:152,2
DA:153,2
DA:154,2
DA:155,2
DA:156,1
DA:157,1
DA:158,2
DA:159,1
DA:160,1
DA:161,1
DA:162,1
DA:163,0
DA:164,0
DA:165,0
DA:166,0
DA:167,0
DA:168,0
DA:169,0
DA:170,2
DA:171,1
DA:172,1
DA:173,1
DA:174,1
DA:175,1
DA:176,1
DA:177,1
DA:178,1
DA:179,1
DA:180,1
DA:181,1
DA:182,1
DA:183,1
DA:184,1
DA:185,1
DA:186,1
DA:187,1
DA:188,1
DA:189,1
DA:190,1
DA:191,1
DA:192,1
DA:193,1
DA:194,1
DA:195,1
DA:196,1
DA:197,1
DA:198,1
DA:199,1
DA:200,1
DA:201,1
DA:202,1
DA:203,1
DA:204,1
DA:205,1
DA:206,1
DA:207,1
DA:208,1
DA:209,1
DA:210,1
DA:211,1
DA:212,1
DA:213,1
DA:214,18
DA:215,18
DA:216,18
DA:217,18
DA:218,18
DA:219,18
DA:220,18
DA:221,18
DA:222,18
DA:223,18
DA:224,18
DA:225,18
DA:226,18
DA:227,18
DA:228,18
DA:229,18
DA:230,18
DA:231,18
DA:232,17
DA:233,17
DA:234,17
DA:235,17
DA:236,17
DA:237,17
DA:238,17
DA:239,17
DA:240,17
DA:241,17
DA:242,17
DA:243,17
DA:244,16
DA:245,18
DA:246,1
DA:247,1
DA:248,1
DA:249,1
DA:250,15
DA:251,15
DA:252,18
DA:253,2
DA:254,2
DA:255,2
DA:256,2
DA:257,2
DA:258,2
DA:259,0
DA:260,13
DA:261,13
DA:262,13
DA:263,13
DA:264,13
DA:265,13
DA:266,13
DA:267,13
DA:268,13
DA:269,13
DA:270,13
DA:271,13
DA:272,13
DA:273,13
DA:274,13
DA:275,13
DA:276,13
DA:277,18
DA:278,6
DA:279,6
DA:280,1
DA:281,1
DA:282,1
DA:283,6
DA:284,6
DA:285,6
DA:286,6
DA:287,6
DA:288,6
DA:289,6
DA:290,6
DA:291,6
DA:292,6
DA:293,6
DA:294,6
DA:295,6
DA:296,6
DA:297,6
DA:298,6
DA:299,6
DA:300,5
DA:301,6
DA:302,6
DA:303,6
DA:304,6
DA:305,6
DA:306,12
DA:307,12
DA:308,12
DA:309,12
DA:310,12
DA:311,12
DA:312,12
DA:313,12
DA:314,12
DA:315,12
DA:316,12
DA:317,12
DA:318,12
DA:319,12
DA:320,12
DA:321,12
DA:322,12
DA:323,12
DA:324,12
DA:325,12
DA:326,12
DA:327,12
DA:328,12
DA:329,12
DA:330,12
DA:331,18
DA:332,1
DA:333,1
DA:334,1
DA:335,1
DA:336,11
DA:337,11
DA:338,11
DA:339,11
DA:340,11
DA:341,11
DA:342,11
DA:343,18
DA:344,18
DA:345,18
DA:346,18
LF:346
LH:336
BRDA:52,0,0,16
BRDA:67,1,0,17
BRDA:90,2,0,1
BRDA:92,3,0,16
BRDA:93,4,0,0
BRDA:95,5,0,16
BRDA:88,6,0,17
BRDA:114,7,0,6
BRDA:123,8,0,1
BRDA:127,9,0,5
BRDA:136,10,0,2
BRDA:155,11,0,1
BRDA:158,12,0,1
BRDA:162,13,0,0
BRDA:153,14,0,2
BRDA:214,15,0,18
BRDA:231,16,0,17
BRDA:243,17,0,16
BRDA:245,18,0,2
BRDA:245,19,0,1
BRDA:249,20,0,15
BRDA:252,21,0,2
BRDA:258,22,0,0
BRDA:259,23,0,13
BRDA:277,24,0,6
BRDA:279,25,0,1
BRDA:299,26,0,5
BRDA:301,27,0,1
BRDA:305,28,0,12
BRDA:331,29,0,1
BRDA:335,30,0,11
BRDA:343,31,0,2
BRDA:231,32,0,21
BRDA:234,33,0,50
BRDA:262,34,0,13
BRDA:324,35,0,12
BRDA:327,36,0,12
BRF:37
BRH:34
end_of_record
TN:
SF:src/methods/governance.ts
FN:27,sendGovernanceCall
FN:74,parseProposal
FN:106,createProposal
FN:144,castVote
FN:174,executeProposal
FN:202,getProposal
FN:235,listProposals
FNF:7
FNH:6
FNDA:3,sendGovernanceCall
FNDA:0,parseProposal
FNDA:1,createProposal
FNDA:1,castVote
FNDA:1,executeProposal
FNDA:1,getProposal
FNDA:1,listProposals
DA:1,1
DA:2,1
DA:3,1
DA:4,1
DA:5,1
DA:6,1
DA:7,1
DA:8,1
DA:9,1
DA:10,1
DA:11,1
DA:12,1
DA:13,1
DA:14,1
DA:15,1
DA:16,1
DA:17,1
DA:18,1
DA:19,1
DA:20,1
DA:21,1
DA:22,1
DA:23,1
DA:24,1
DA:25,1
DA:26,1
DA:27,3
DA:28,3
DA:29,3
DA:30,3
DA:31,3
DA:32,3
DA:33,3
DA:34,3
DA:35,3
DA:36,3
DA:37,3
DA:38,3
DA:39,3
DA:40,3
DA:41,3
DA:42,3
DA:43,3
DA:44,0
DA:45,0
DA:46,3
DA:47,3
DA:48,3
DA:49,3
DA:50,3
DA:51,0
DA:52,0
DA:53,3
DA:54,3
DA:55,3
DA:56,3
DA:57,0
DA:58,0
DA:59,0
DA:60,0
DA:61,3
DA:62,0
DA:63,0
DA:64,3
DA:65,3
DA:66,3
DA:67,3
DA:68,0
DA:69,3
DA:70,3
DA:71,3
DA:72,1
DA:73,1
DA:74,0
DA:75,0
DA:76,0
DA:77,0
DA:78,0
DA:79,0
DA:80,0
DA:81,0
DA:82,0
DA:83,0
DA:84,0
DA:85,0
DA:86,0
DA:87,0
DA:88,0
DA:89,0
DA:90,0
DA:91,1
DA:92,1
DA:93,1
DA:94,1
DA:95,1
DA:96,1
DA:97,1
DA:98,1
DA:99,1
DA:100,1
DA:101,1
DA:102,1
DA:103,1
DA:104,1
DA:105,1
DA:106,1
DA:107,1
DA:108,1
DA:109,1
DA:110,1
DA:111,1
DA:112,1
DA:113,1
DA:114,1
DA:115,1
DA:116,1
DA:117,1
DA:118,1
DA:119,1
DA:120,1
DA:121,1
DA:122,1
DA:123,1
DA:124,1
DA:125,1
DA:126,1
DA:127,1
DA:128,1
DA:129,1
DA:130,1
DA:131,1
DA:132,1
DA:133,1
DA:134,1
DA:135,1
DA:136,1
DA:137,1
DA:138,1
DA:139,1
DA:140,1
DA:141,1
DA:142,1
DA:143,1
DA:144,1
DA:145,1
DA:146,1
DA:147,1
DA:148,1
DA:149,1
DA:150,1
DA:151,1
DA:152,1
DA:153,1
DA:154,1
DA:155,1
DA:156,1
DA:157,1
DA:158,1
DA:159,1
DA:160,1
DA:161,1
DA:162,1
DA:163,1
DA:164,1
DA:165,1
DA:166,1
DA:167,1
DA:168,1
DA:169,1
DA:170,1
DA:171,1
DA:172,1
DA:173,1
DA:174,1
DA:175,1
DA:176,1
DA:177,1
DA:178,1
DA:179,1
DA:180,1
DA:181,1
DA:182,1
DA:183,1
DA:184,1
DA:185,1
DA:186,1
DA:187,1
DA:188,1
DA:189,1
DA:190,1
DA:191,1
DA:192,1
DA:193,1
DA:194,1
DA:195,1
DA:196,1
DA:197,1
DA:198,1
DA:199,1
DA:200,1
DA:201,1
DA:202,1
DA:203,1
DA:204,1
DA:205,1
DA:206,1
DA:207,1
DA:208,1
DA:209,1
DA:210,1
DA:211,1
DA:212,1
DA:213,1
DA:214,1
DA:215,1
DA:216,1
DA:217,1
DA:218,1
DA:219,1
DA:220,1
DA:221,1
DA:222,0
DA:223,0
DA:224,1
DA:225,0
DA:226,0
DA:227,1
DA:228,1
DA:229,1
DA:230,1
DA:231,1
DA:232,1
DA:233,1
DA:234,1
DA:235,1
DA:236,1
DA:237,1
DA:238,1
DA:239,1
DA:240,1
DA:241,1
DA:242,1
DA:243,1
DA:244,1
DA:245,1
DA:246,1
DA:247,1
DA:248,1
DA:249,1
DA:250,1
DA:251,1
DA:252,1
DA:253,1
DA:254,1
DA:255,0
DA:256,0
DA:257,1
DA:258,0
DA:259,0
DA:260,1
DA:261,1
DA:262,1
DA:263,1
DA:264,1
DA:265,1
DA:266,1
DA:267,1
DA:268,0
DA:269,0
DA:270,1
DA:271,1
LF:271
LH:233
BRDA:27,0,0,3
BRDA:43,1,0,0
BRDA:50,2,0,0
BRDA:56,3,0,0
BRDA:56,4,0,0
BRDA:61,5,0,0
BRDA:67,6,0,0
BRDA:42,7,0,3
BRDA:49,8,0,3
BRDA:54,9,0,3
BRDA:106,10,0,1
BRDA:134,11,0,0
BRDA:144,12,0,1
BRDA:174,13,0,1
BRDA:202,14,0,1
BRDA:221,15,0,0
BRDA:224,16,0,0
BRDA:220,17,0,1
BRDA:235,18,0,1
BRDA:254,19,0,0
BRDA:257,20,0,0
BRDA:267,21,0,0
BRDA:253,22,0,1
BRDA:262,23,0,2
BRDA:265,24,0,2
BRF:25
BRH:13
end_of_record
TN:
SF:src/methods/markPaid.ts
FN:33,markPaid
FNF:1
FNH:1
FNDA:2,markPaid
DA:1,1
DA:2,1
DA:3,1
DA:4,1
DA:5,1
DA:6,1
DA:7,1
DA:8,1
DA:9,1
DA:10,1
DA:11,1
DA:12,1
DA:13,1
DA:14,1
DA:15,1
DA:16,1
DA:17,1
DA:18,1
DA:19,1
DA:20,1
DA:21,1
DA:22,1
DA:23,1
DA:24,1
DA:25,1
DA:26,1
DA:27,1
DA:28,1
DA:29,1
DA:30,1
DA:31,1
DA:32,1
DA:33,2
DA:34,2
DA:35,2
DA:36,2
DA:37,2
DA:38,2
DA:39,2
DA:40,2
DA:41,2
DA:42,2
DA:43,2
DA:44,2
DA:45,2
DA:46,2
DA:47,2
DA:48,2
DA:49,1
DA:50,1
DA:51,1
DA:52,1
DA:53,1
DA:54,0
DA:55,0
DA:56,0
DA:57,0
DA:58,0
DA:59,0
DA:60,0
DA:61,0
DA:62,0
DA:63,0
DA:64,0
DA:65,0
DA:66,0
DA:67,0
DA:68,0
DA:69,0
DA:70,0
DA:71,0
DA:72,0
DA:73,0
DA:74,0
DA:75,0
DA:76,0
DA:77,0
DA:78,0
DA:79,0
DA:80,0
DA:81,0
DA:82,0
DA:83,0
DA:84,0
DA:85,0
DA:86,0
DA:87,0
DA:88,0
DA:89,2
DA:90,0
DA:91,0
DA:92,0
DA:93,0
DA:94,0
DA:95,0
DA:96,0
DA:97,0
DA:98,0
DA:99,0
DA:100,0
DA:101,0
DA:102,0
DA:103,0
DA:104,0
DA:105,0
LF:105
LH:54
BRDA:33,0,0,2
BRDA:46,1,0,0
BRDA:48,2,0,1
BRDA:53,3,0,0
BRDA:89,4,0,0
BRF:5
BRH:2
end_of_record
TN:
SF:src/methods/queries.ts
FN:31,getInvoice
FN:85,listInvoicesBySubmitter
FN:140,listInvoicesByLP
FNF:3
FNH:1
FNDA:1,getInvoice
FNDA:0,listInvoicesBySubmitter
FNDA:0,listInvoicesByLP
DA:1,1
DA:2,1
DA:3,1
DA:4,1
DA:5,1
DA:6,1
DA:7,1
DA:8,1
DA:9,1
DA:10,1
DA:11,1
DA:12,1
DA:13,1
DA:14,1
DA:15,1
DA:16,1
DA:17,1
DA:18,1
DA:19,1
DA:20,1
DA:21,1
DA:22,1
DA:23,1
DA:24,1
DA:25,1
DA:26,1
DA:27,1
DA:28,1
DA:29,1
DA:30,1
DA:31,1
DA:32,1
DA:33,1
DA:34,1
DA:35,1
DA:36,1
DA:37,1
DA:38,1
DA:39,1
DA:40,1
DA:41,1
DA:42,1
DA:43,1
DA:44,1
DA:45,1
DA:46,1
DA:47,1
DA:48,1
DA:49,1
DA:50,1
DA:51,1
DA:52,1
DA:53,1
DA:54,1
DA:55,1
DA:56,1
DA:57,1
DA:58,0
DA:59,0
DA:60,1
DA:61,0
DA:62,0
DA:63,0
DA:64,0
DA:65,0
DA:66,0
DA:67,0
DA:68,1
DA:69,1
DA:70,1
DA:71,1
DA:72,1
DA:73,1
DA:74,1
DA:75,1
DA:76,1
DA:77,1
DA:78,1
DA:79,1
DA:80,1
DA:81,1
DA:82,1
DA:83,1
DA:84,1
DA:85,0
DA:86,0
DA:87,0
DA:88,0
DA:89,0
DA:90,0
DA:91,0
DA:92,0
DA:93,0
DA:94,0
DA:95,0
DA:96,0
DA:97,0
DA:98,0
DA:99,0
DA:100,0
DA:101,0
DA:102,0
DA:103,0
DA:104,0
DA:105,0
DA:106,0
DA:107,0
DA:108,0
DA:109,0
DA:110,0
DA:111,0
DA:112,0
DA:113,0
DA:114,0
DA:115,0
DA:116,0
DA:117,0
DA:118,0
DA:119,0
DA:120,0
DA:121,0
DA:122,0
DA:123,1
DA:124,1
DA:125,1
DA:126,1
DA:127,1
DA:128,1
DA:129,1
DA:130,1
DA:131,1
DA:132,1
DA:133,1
DA:134,1
DA:135,1
DA:136,1
DA:137,1
DA:138,1
DA:139,1
DA:140,0
DA:141,0
DA:142,0
DA:143,0
DA:144,0
DA:145,0
DA:146,0
DA:147,0
DA:148,0
DA:149,0
DA:150,0
DA:151,0
DA:152,0
DA:153,0
DA:154,0
DA:155,0
DA:156,0
DA:157,0
DA:158,0
DA:159,0
DA:160,0
DA:161,0
DA:162,0
DA:163,0
DA:164,0
DA:165,0
DA:166,0
DA:167,0
DA:168,0
DA:169,0
DA:170,0
DA:171,0
DA:172,0
DA:173,0
DA:174,0
DA:175,0
DA:176,0
LF:176
LH:92
BRDA:31,0,0,1
BRDA:55,1,0,0
BRDA:57,2,0,0
BRDA:60,3,0,0
BRDA:52,4,0,1
BRF:5
BRH:2
end_of_record
TN:
SF:src/methods/reputation.ts
FN:29,isValidGAddress
FN:58,getReputation
FNF:2
FNH:2
FNDA:8,isValidGAddress
FNDA:8,getReputation
DA:1,1
DA:2,1
DA:3,1
DA:4,1
DA:5,1
DA:6,1
DA:7,1
DA:8,1
DA:9,1
DA:10,1
DA:11,1
DA:12,1
DA:13,1
DA:14,1
DA:15,1
DA:16,1
DA:17,1
DA:18,1
DA:19,1
DA:20,1
DA:21,1
DA:22,1
DA:23,1
DA:24,1
DA:25,1
DA:26,1
DA:27,1
DA:28,1
DA:29,8
DA:30,8
DA:31,8
DA:32,1
DA:33,1
DA:34,1
DA:35,1
DA:36,1
DA:37,1
DA:38,1
DA:39,1
DA:40,1
DA:41,1
DA:42,1
DA:43,1
DA:44,1
DA:45,1
DA:46,1
DA:47,1
DA:48,1
DA:49,1
DA:50,1
DA:51,1
DA:52,1
DA:53,1
DA:54,1
DA:55,1
DA:56,1
DA:57,1
DA:58,8
DA:59,8
DA:60,8
DA:61,8
DA:62,8
DA:63,8
DA:64,8
DA:65,3
DA:66,3
DA:67,3
DA:68,3
DA:69,5
DA:70,5
DA:71,5
DA:72,5
DA:73,5
DA:74,5
DA:75,5
DA:76,5
DA:77,5
DA:78,5
DA:79,5
DA:80,5
DA:81,5
DA:82,5
DA:83,5
DA:84,5
DA:85,5
DA:86,5
DA:87,5
DA:88,5
DA:89,5
DA:90,4
DA:91,8
DA:92,1
DA:93,1
DA:94,3
DA:95,3
DA:96,8
DA:97,1
DA:98,1
DA:99,2
DA:100,2
DA:101,2
DA:102,2
DA:103,1
DA:104,1
LF:104
LH:104
BRDA:29,0,0,8
BRDA:58,1,0,8
BRDA:64,2,0,3
BRDA:68,3,0,5
BRDA:89,4,0,4
BRDA:91,5,0,1
BRDA:93,6,0,3
BRDA:96,7,0,1
BRDA:98,8,0,2
BRDA:89,9,0,8
BRF:10
BRH:10
end_of_record
TN:
SF:src/methods/stats.ts
FN:44,getContractStats
FNF:1
FNH:1
FNDA:8,getContractStats
DA:1,1
DA:2,1
DA:3,1
DA:4,1
DA:5,1
DA:6,1
DA:7,1
DA:8,1
DA:9,1
DA:10,1
DA:11,1
DA:12,1
DA:13,1
DA:14,1
DA:15,1
DA:16,1
DA:17,1
DA:18,1
DA:19,1
DA:20,1
DA:21,1
DA:22,1
DA:23,1
DA:24,1
DA:25,1
DA:26,1
DA:27,1
DA:28,1
DA:29,1
DA:30,1
DA:31,1
DA:32,1
DA:33,1
DA:34,1
DA:35,1
DA:36,1
DA:37,1
DA:38,1
DA:39,1
DA:40,1
DA:41,1
DA:42,1
DA:43,1
DA:44,8
DA:45,8
DA:46,8
DA:47,8
DA:48,8
DA:49,8
DA:50,8
DA:51,8
DA:52,8
DA:53,8
DA:54,8
DA:55,8
DA:56,8
DA:57,8
DA:58,8
DA:59,8
DA:60,8
DA:61,8
DA:62,8
DA:63,8
DA:64,8
DA:65,8
DA:66,7
DA:67,8
DA:68,1
DA:69,1
DA:70,6
DA:71,8
DA:72,1
DA:73,1
DA:74,1
DA:75,1
DA:76,1
DA:77,1
DA:78,1
DA:79,1
DA:80,1
DA:81,1
DA:82,1
DA:83,5
DA:84,5
DA:85,5
DA:86,5
DA:87,1
DA:88,1
LF:88
LH:88
BRDA:44,0,0,8
BRDA:65,1,0,7
BRDA:67,2,0,1
BRDA:69,3,0,6
BRDA:71,4,0,1
BRDA:82,5,0,5
BRDA:65,6,0,8
BRF:7
BRH:7
end_of_record
TN:
SF:src/methods/submitInvoice.ts
FN:38,submitInvoice
FNF:1
FNH:1
FNDA:3,submitInvoice
DA:1,1
DA:2,1
DA:3,1
DA:4,1
DA:5,1
DA:6,1
DA:7,1
DA:8,1
DA:9,1
DA:10,1
DA:11,1
DA:12,1
DA:13,1
DA:14,1
DA:15,1
DA:16,1
DA:17,1
DA:18,1
DA:19,1
DA:20,1
DA:21,1
DA:22,1
DA:23,1
DA:24,1
DA:25,1
DA:26,1
DA:27,1
DA:28,1
DA:29,1
DA:30,1
DA:31,1
DA:32,1
DA:33,1
DA:34,1
DA:35,1
DA:36,1
DA:37,1
DA:38,3
DA:39,3
DA:40,3
DA:41,3
DA:42,3
DA:43,3
DA:44,3
DA:45,3
DA:46,3
DA:47,3
DA:48,1
DA:49,1
DA:50,2
DA:51,2
DA:52,3
DA:53,3
DA:54,3
DA:55,3
DA:56,3
DA:57,3
DA:58,1
DA:59,1
DA:60,0
DA:61,0
DA:62,0
DA:63,0
DA:64,0
DA:65,0
DA:66,0
DA:67,0
DA:68,0
DA:69,0
DA:70,0
DA:71,0
DA:72,0
DA:73,0
DA:74,0
DA:75,0
DA:76,0
DA:77,0
DA:78,0
DA:79,0
DA:80,0
DA:81,0
DA:82,0
DA:83,0
DA:84,0
DA:85,0
DA:86,0
DA:87,0
DA:88,0
DA:89,0
DA:90,0
DA:91,0
DA:92,0
DA:93,0
DA:94,0
DA:95,0
DA:96,0
DA:97,0
DA:98,0
DA:99,0
DA:100,0
DA:101,0
DA:102,0
DA:103,0
DA:104,0
DA:105,0
DA:106,0
DA:107,0
DA:108,0
DA:109,0
DA:110,0
DA:111,0
DA:112,0
DA:113,0
DA:114,0
DA:115,0
DA:116,0
DA:117,0
DA:118,0
DA:119,0
DA:120,0
DA:121,0
DA:122,0
DA:123,0
DA:124,3
DA:125,0
DA:126,0
DA:127,0
DA:128,0
DA:129,0
DA:130,0
DA:131,0
DA:132,0
DA:133,0
DA:134,0
DA:135,3
DA:136,0
DA:137,0
DA:138,0
DA:139,0
DA:140,0
LF:140
LH:61
BRDA:38,0,0,3
BRDA:47,1,0,1
BRDA:49,2,0,2
BRDA:52,3,0,0
BRDA:52,4,0,1
BRDA:57,5,0,1
BRDA:59,6,0,0
BRDA:124,7,0,0
BRDA:135,8,0,0
BRF:9
BRH:5
end_of_record
TN:
SF:src/methods/transferLPPosition.ts
FN:36,transferLPPosition
FNF:1
FNH:1
FNDA:3,transferLPPosition
DA:1,1
DA:2,1
DA:3,1
DA:4,1
DA:5,1
DA:6,1
DA:7,1
DA:8,1
DA:9,1
DA:10,1
DA:11,1
DA:12,1
DA:13,1
DA:14,1
DA:15,1
DA:16,1
DA:17,1
DA:18,1
DA:19,1
DA:20,1
DA:21,1
DA:22,1
DA:23,1
DA:24,1
DA:25,1
DA:26,1
DA:27,1
DA:28,1
DA:29,1
DA:30,1
DA:31,1
DA:32,1
DA:33,1
DA:34,1
DA:35,1
DA:36,3
DA:37,3
DA:38,3
DA:39,3
DA:40,3
DA:41,3
DA:42,3
DA:43,3
DA:44,3
DA:45,3
DA:46,3
DA:47,3
DA:48,3
DA:49,3
DA:50,1
DA:51,1
DA:52,1
DA:53,1
DA:54,1
DA:55,1
DA:56,1
DA:57,1
DA:58,1
DA:59,1
DA:60,1
DA:61,1
DA:62,1
DA:63,1
DA:64,1
DA:65,1
DA:66,1
DA:67,1
DA:68,1
DA:69,1
DA:70,1
DA:71,1
DA:72,1
DA:73,1
DA:74,3
DA:75,0
DA:76,0
DA:77,1
DA:78,1
DA:79,1
DA:80,1
DA:81,1
DA:82,1
DA:83,1
DA:84,1
DA:85,3
DA:86,0
DA:87,0
DA:88,1
DA:89,1
DA:90,1
DA:91,1
DA:92,3
DA:93,0
DA:94,0
DA:95,0
DA:96,0
DA:97,1
DA:98,3
DA:99,0
DA:100,0
DA:101,1
DA:102,1
DA:103,1
LF:103
LH:93
BRDA:36,0,0,3
BRDA:49,1,0,1
BRDA:74,2,0,0
BRDA:76,3,0,1
BRDA:85,4,0,0
BRDA:87,5,0,1
BRDA:92,6,0,0
BRDA:92,7,0,0
BRDA:96,8,0,1
BRDA:98,9,0,0
BRDA:100,10,0,1
BRF:11
BRH:6
end_of_record
TN:
SF:src/signers/FreighterSigner.ts
FN:63,ILNError
FN:69,WalletNotInstalled
FN:76,UserRejected
FN:83,NetworkMismatch
FN:90,NotConnected
FN:152,FreighterSigner
FN:168,get publicKey
FN:181,connect
FN:220,signTransaction
FN:271,get networkPassphrase
FN:276,get isConnected
FN:285,_ensureInstalled
FN:295,_api
FN:305,_verifyNetwork
FN:326,_classifySignError
FNF:15
FNH:15
FNDA:16,ILNError
FNDA:4,WalletNotInstalled
FNDA:5,UserRejected
FNDA:4,NetworkMismatch
FNDA:2,NotConnected
FNDA:25,FreighterSigner
FNDA:3,get publicKey
FNDA:23,connect
FNDA:11,signTransaction
FNDA:2,get networkPassphrase
FNDA:3,get isConnected
FNDA:93,_ensureInstalled
FNDA:70,_api
FNDA:19,_verifyNetwork
FNDA:4,_classifySignError
DA:1,1
DA:2,1
DA:3,1
DA:4,1
DA:5,1
DA:6,1
DA:7,1
DA:8,1
DA:9,1
DA:10,1
DA:11,1
DA:12,1
DA:13,1
DA:14,1
DA:15,1
DA:16,1
DA:17,1
DA:18,1
DA:19,1
DA:20,1
DA:21,1
DA:22,1
DA:23,1
DA:24,1
DA:25,1
DA:26,1
DA:27,1
DA:28,1
DA:29,1
DA:30,1
DA:31,1
DA:32,1
DA:33,1
DA:34,1
DA:35,1
DA:36,1
DA:37,1
DA:38,1
DA:39,1
DA:40,1
DA:41,1
DA:42,1
DA:43,1
DA:44,1
DA:45,1
DA:46,1
DA:47,1
DA:48,1
DA:49,1
DA:50,1
DA:51,1
DA:52,1
DA:53,1
DA:54,1
DA:55,1
DA:56,1
DA:57,1
DA:58,1
DA:59,1
DA:60,1
DA:61,1
DA:62,1
DA:63,1
DA:64,16
DA:65,16
DA:66,16
DA:67,16
DA:68,1
DA:69,1
DA:70,4
DA:71,4
DA:72,4
DA:73,4
DA:74,4
DA:75,1
DA:76,1
DA:77,5
DA:78,5
DA:79,5
DA:80,5
DA:81,5
DA:82,1
DA:83,1
DA:84,4
DA:85,4
DA:86,4
DA:87,4
DA:88,4
DA:89,1
DA:90,1
DA:91,2
DA:92,2
DA:93,2
DA:94,2
DA:95,2
DA:96,1
DA:97,1
DA:98,1
DA:99,1
DA:100,1
DA:101,1
DA:102,1
DA:103,1
DA:104,1
DA:105,1
DA:106,1
DA:107,1
DA:108,1
DA:109,1
DA:110,1
DA:111,1
DA:112,1
DA:113,1
DA:114,1
DA:115,1
DA:116,1
DA:117,1
DA:118,1
DA:119,1
DA:120,1
DA:121,1
DA:122,1
DA:123,1
DA:124,1
DA:125,1
DA:126,1
DA:127,1
DA:128,1
DA:129,1
DA:130,1
DA:131,1
DA:132,1
DA:133,1
DA:134,1
DA:135,1
DA:136,1
DA:137,1
DA:138,1
DA:139,1
DA:140,1
DA:141,1
DA:142,1
DA:143,1
DA:144,1
DA:145,1
DA:146,1
DA:147,1
DA:148,1
DA:149,1
DA:150,1
DA:151,1
DA:152,1
DA:153,25
DA:154,25
DA:155,1
DA:156,1
DA:157,1
DA:158,1
DA:159,1
DA:160,1
DA:161,1
DA:162,1
DA:163,1
DA:164,1
DA:165,1
DA:166,1
DA:167,1
DA:168,1
DA:169,3
DA:170,3
DA:171,1
DA:172,1
DA:173,1
DA:174,1
DA:175,1
DA:176,1
DA:177,1
DA:178,1
DA:179,1
DA:180,1
DA:181,1
DA:182,23
DA:183,23
DA:184,23
DA:185,1
DA:186,1
DA:187,1
DA:188,20
DA:189,20
DA:190,20
DA:191,20
DA:192,20
DA:193,23
DA:194,1
DA:195,1
DA:196,19
DA:197,19
DA:198,19
DA:199,17
DA:200,17
DA:201,17
DA:202,17
DA:203,23
DA:204,1
DA:205,1
DA:206,1
DA:207,1
DA:208,1
DA:209,1
DA:210,1
DA:211,1
DA:212,1
DA:213,1
DA:214,1
DA:215,1
DA:216,1
DA:217,1
DA:218,1
DA:219,1
DA:220,1
DA:221,11
DA:222,11
DA:223,11
DA:224,11
DA:225,11
DA:226,1
DA:227,1
DA:228,11
DA:229,11
DA:230,11
DA:231,11
DA:232,11
DA:233,1
DA:234,1
DA:235,1
DA:236,1
DA:237,10
DA:238,10
DA:239,10
DA:240,10
DA:241,10
DA:242,10
DA:243,10
DA:244,11
DA:245,0
DA:246,0
DA:247,0
DA:248,0
DA:249,10
DA:250,10
DA:251,10
DA:252,10
DA:253,10
DA:254,10
DA:255,11
DA:256,4
DA:257,4
DA:258,6
DA:259,11
DA:260,1
DA:261,1
DA:262,5
DA:263,5
DA:264,11
DA:265,1
DA:266,1
DA:267,1
DA:268,1
DA:269,1
DA:270,1
DA:271,1
DA:272,2
DA:273,2
DA:274,1
DA:275,1
DA:276,1
DA:277,3
DA:278,3
DA:279,1
DA:280,1
DA:281,1
DA:282,1
DA:283,1
DA:284,1
DA:285,1
DA:286,93
DA:287,93
DA:288,93
DA:289,93
DA:290,2
DA:291,2
DA:292,93
DA:293,1
DA:294,1
DA:295,1
DA:296,70
DA:297,70
DA:298,70
DA:299,70
DA:300,1
DA:301,1
DA:302,1
DA:303,1
DA:304,1
DA:305,1
DA:306,19
DA:307,19
DA:308,19
DA:309,19
DA:310,1
DA:311,1
DA:312,1
DA:313,18
DA:314,18
DA:315,18
DA:316,17
DA:317,19
DA:318,2
DA:319,2
DA:320,2
DA:321,2
DA:322,2
DA:323,19
DA:324,1
DA:325,1
DA:326,1
DA:327,4
DA:328,4
DA:329,4
DA:330,4
DA:331,4
DA:332,4
DA:333,3
DA:334,2
DA:335,2
DA:336,4
DA:337,2
DA:338,2
DA:339,2
DA:340,2
DA:341,2
DA:342,1
DA:343,4
DA:344,1
DA:345,1
DA:346,1
DA:347,4
DA:348,4
DA:349,1
LF:349
LH:345
BRDA:63,0,0,16
BRDA:69,1,0,4
BRDA:76,2,0,5
BRDA:83,3,0,4
BRDA:90,4,0,2
BRDA:99,5,0,1
BRDA:152,6,0,25
BRDA:168,7,0,3
BRDA:169,8,0,2
BRDA:181,9,0,23
BRDA:184,10,0,21
BRDA:184,11,0,1
BRDA:187,12,0,20
BRDA:193,13,0,19
BRDA:193,14,0,1
BRDA:195,15,0,19
BRDA:198,16,0,17
BRDA:220,17,0,11
BRDA:225,18,0,1
BRDA:232,19,0,1
BRDA:236,20,0,10
BRDA:244,21,0,0
BRDA:248,22,0,10
BRDA:254,23,0,6
BRDA:255,24,0,4
BRDA:257,25,0,6
BRDA:259,26,0,5
BRDA:259,27,0,1
BRDA:261,28,0,5
BRDA:271,29,0,2
BRDA:276,30,0,3
BRDA:277,31,0,2
BRDA:285,32,0,93
BRDA:289,33,0,91
BRDA:289,34,0,2
BRDA:295,35,0,70
BRDA:305,36,0,19
BRDA:308,37,0,18
BRDA:309,38,0,1
BRDA:312,39,0,18
BRDA:315,40,0,1
BRDA:315,41,0,17
BRDA:317,42,0,2
BRDA:326,43,0,4
BRDA:327,44,0,3
BRDA:327,45,0,1
BRDA:327,46,0,0
BRDA:332,47,0,3
BRDA:333,48,0,2
BRDA:334,49,0,2
BRDA:336,50,0,2
BRDA:341,51,0,1
BRDA:342,52,0,0
BRDA:343,53,0,1
BRDA:347,54,0,0
BRF:55
BRH:51
end_of_record
TN:
SF:src/signers/KeypairSigner.ts
FN:33,isTestEnvironment
FN:48,warnIfHardcodedSecret
FN:101,KeypairSigner
FN:115,get publicKey
FN:135,signTransaction
FN:167,get keypair
FN:182,fromEnv
FNF:7
FNH:7
FNDA:6,isTestEnvironment
FNDA:6,warnIfHardcodedSecret
FNDA:20,KeypairSigner
FNDA:3,get publicKey
FNDA:10,signTransaction
FNDA:1,get keypair
FNDA:4,fromEnv
DA:1,1
DA:2,1
DA:3,1
DA:4,1
DA:5,1
DA:6,1
DA:7,1
DA:8,1
DA:9,1
DA:10,1
DA:11,1
DA:12,1
DA:13,1
DA:14,1
DA:15,1
DA:16,1
DA:17,1
DA:18,1
DA:19,1
DA:20,1
DA:21,1
DA:22,1
DA:23,1
DA:24,1
DA:25,1
DA:26,1
DA:27,1
DA:28,1
DA:29,1
DA:30,1
DA:31,1
DA:32,1
DA:33,6
DA:34,6
DA:35,6
DA:36,3
DA:37,2
DA:38,6
DA:39,6
DA:40,1
DA:41,1
DA:42,1
DA:43,1
DA:44,1
DA:45,1
DA:46,1
DA:47,1
DA:48,6
DA:49,6
DA:50,2
DA:51,2
DA:52,2
DA:53,2
DA:54,2
DA:55,2
DA:56,2
DA:57,6
DA:58,1
DA:59,1
DA:60,1
DA:61,1
DA:62,1
DA:63,1
DA:64,1
DA:65,1
DA:66,1
DA:67,1
DA:68,1
DA:69,1
DA:70,1
DA:71,1
DA:72,1
DA:73,1
DA:74,1
DA:75,1
DA:76,1
DA:77,1
DA:78,1
DA:79,1
DA:80,1
DA:81,1
DA:82,1
DA:83,1
DA:84,1
DA:85,1
DA:86,1
DA:87,1
DA:88,1
DA:89,1
DA:90,1
DA:91,1
DA:92,1
DA:93,1
DA:94,1
DA:95,1
DA:96,1
DA:97,1
DA:98,1
DA:99,1
DA:100,1
DA:101,1
DA:102,20
DA:103,6
DA:104,6
DA:105,20
DA:106,14
DA:107,14
DA:108,20
DA:109,1
DA:110,1
DA:111,1
DA:112,1
DA:113,1
DA:114,1
DA:115,1
DA:116,3
DA:117,3
DA:118,1
DA:119,1
DA:120,1
DA:121,1
DA:122,1
DA:123,1
DA:124,1
DA:125,1
DA:126,1
DA:127,1
DA:128,1
DA:129,1
DA:130,1
DA:131,1
DA:132,1
DA:133,1
DA:134,1
DA:135,1
DA:136,10
DA:137,10
DA:138,10
DA:139,10
DA:140,10
DA:141,9
DA:142,10
DA:143,1
DA:144,1
DA:145,1
DA:146,1
DA:147,8
DA:148,8
DA:149,8
DA:150,8
DA:151,8
DA:152,8
DA:153,10
DA:154,1
DA:155,1
DA:156,1
DA:157,1
DA:158,1
DA:159,1
DA:160,1
DA:161,1
DA:162,1
DA:163,1
DA:164,1
DA:165,1
DA:166,1
DA:167,1
DA:168,1
DA:169,1
DA:170,1
DA:171,1
DA:172,1
DA:173,1
DA:174,1
DA:175,1
DA:176,1
DA:177,1
DA:178,1
DA:179,1
DA:180,1
DA:181,1
DA:182,1
DA:183,4
DA:184,4
DA:185,1
DA:186,1
DA:187,1
DA:188,1
DA:189,3
DA:190,3
DA:191,3
DA:192,4
DA:193,1
LF:193
LH:193
BRDA:33,0,0,6
BRDA:35,1,0,3
BRDA:36,2,0,2
BRDA:48,3,0,6
BRDA:49,4,0,4
BRDA:49,5,0,2
BRDA:57,6,0,1
BRDA:101,7,0,20
BRDA:102,8,0,6
BRDA:105,9,0,14
BRDA:115,10,0,3
BRDA:135,11,0,10
BRDA:140,12,0,9
BRDA:142,13,0,1
BRDA:146,14,0,8
BRDA:167,15,0,1
BRDA:182,16,0,4
BRDA:184,17,0,1
BRDA:188,18,0,3
BRF:19
BRH:19
end_of_record
TN:
SF:src/types/governance.ts
FNF:0
FNH:0
DA:1,1
DA:2,1
DA:3,1
DA:4,1
DA:5,1
DA:6,1
DA:7,1
DA:8,1
DA:9,1
DA:10,1
DA:11,1
DA:12,1
DA:13,1
DA:14,1
DA:15,1
DA:16,1
DA:17,1
DA:18,1
DA:19,1
DA:20,1
DA:21,1
DA:22,1
DA:23,1
DA:24,1
DA:25,1
DA:26,1
DA:27,1
DA:28,1
DA:29,1
DA:30,1
DA:31,1
DA:32,1
DA:33,1
LF:33
LH:33
BRF:0
BRH:0
end_of_record
TN:
SF:src/utils/allowance.ts
FN:41,getAllowance
FN:113,buildApproveTransaction
FN:163,isAllowanceSufficient
FNF:3
FNH:3
FNDA:2,getAllowance
FNDA:3,buildApproveTransaction
FNDA:6,isAllowanceSufficient
DA:1,1
DA:2,1
DA:3,1
DA:4,1
DA:5,1
DA:6,1
DA:7,1
DA:8,1
DA:9,1
DA:10,1
DA:11,1
DA:12,1
DA:13,1
DA:14,1
DA:15,1
DA:16,1
DA:17,1
DA:18,1
DA:19,1
DA:20,1
DA:21,1
DA:22,1
DA:23,1
DA:24,1
DA:25,1
DA:26,1
DA:27,1
DA:28,1
DA:29,1
DA:30,1
DA:31,1
DA:32,1
DA:33,1
DA:34,1
DA:35,1
DA:36,1
DA:37,1
DA:38,1
DA:39,1
DA:40,1
DA:41,2
DA:42,2
DA:43,2
DA:44,2
DA:45,2
DA:46,2
DA:47,2
DA:48,2
DA:49,2
DA:50,2
DA:51,2
DA:52,2
DA:53,2
DA:54,2
DA:55,2
DA:56,2
DA:57,2
DA:58,2
DA:59,2
DA:60,2
DA:61,2
DA:62,2
DA:63,2
DA:64,2
DA:65,1
DA:66,1
DA:67,1
DA:68,2
DA:69,1
DA:70,1
DA:71,0
DA:72,0
DA:73,0
DA:74,0
DA:75,2
DA:76,0
DA:77,0
DA:78,0
DA:79,0
DA:80,0
DA:81,0
DA:82,0
DA:83,0
DA:84,0
DA:85,0
DA:86,0
DA:87,0
DA:88,0
DA:89,1
DA:90,1
DA:91,1
DA:92,1
DA:93,1
DA:94,1
DA:95,1
DA:96,1
DA:97,1
DA:98,1
DA:99,1
DA:100,1
DA:101,1
DA:102,1
DA:103,1
DA:104,1
DA:105,1
DA:106,1
DA:107,1
DA:108,1
DA:109,1
DA:110,1
DA:111,1
DA:112,1
DA:113,3
DA:114,3
DA:115,3
DA:116,3
DA:117,3
DA:118,3
DA:119,3
DA:120,3
DA:121,3
DA:122,3
DA:123,3
DA:124,3
DA:125,3
DA:126,3
DA:127,3
DA:128,3
DA:129,3
DA:130,3
DA:131,3
DA:132,3
DA:133,3
DA:134,3
DA:135,3
DA:136,3
DA:137,3
DA:138,3
DA:139,3
DA:140,3
DA:141,3
DA:142,3
DA:143,3
DA:144,2
DA:145,2
DA:146,1
DA:147,1
DA:148,1
DA:149,1
DA:150,1
DA:151,1
DA:152,1
DA:153,1
DA:154,1
DA:155,1
DA:156,1
DA:157,1
DA:158,1
DA:159,1
DA:160,1
DA:161,1
DA:162,1
DA:163,1
DA:164,6
DA:165,6
DA:166,6
DA:167,6
DA:168,6
DA:169,5
DA:170,5
DA:171,5
DA:172,3
DA:173,2
DA:174,6
DA:175,1
DA:176,1
DA:177,4
DA:178,4
DA:179,4
LF:179
LH:162
BRDA:41,0,0,2
BRDA:64,1,0,1
BRDA:68,2,0,1
BRDA:70,3,0,0
BRDA:75,4,0,0
BRDA:75,5,0,0
BRDA:113,6,0,3
BRDA:143,7,0,2
BRDA:163,8,0,6
BRDA:168,9,0,1
BRDA:168,10,0,5
BRDA:171,11,0,3
BRDA:172,12,0,2
BRDA:174,13,0,1
BRDA:176,14,0,4
BRF:15
BRH:12
end_of_record
TN:
SF:src/utils/feeCalculator.ts
FN:61,estimateFee
FN:126,estimateSubmitFee
FN:166,estimateFundFee
FNF:3
FNH:3
FNDA:17,estimateFee
FNDA:4,estimateSubmitFee
FNDA:4,estimateFundFee
DA:1,1
DA:2,1
DA:3,1
DA:4,1
DA:5,1
DA:6,1
DA:7,1
DA:8,1
DA:9,1
DA:10,1
DA:11,1
DA:12,1
DA:13,1
DA:14,1
DA:15,1
DA:16,1
DA:17,1
DA:18,1
DA:19,1
DA:20,1
DA:21,1
DA:22,1
DA:23,1
DA:24,1
DA:25,1
DA:26,1
DA:27,1
DA:28,1
DA:29,1
DA:30,1
DA:31,1
DA:32,1
DA:33,1
DA:34,1
DA:35,1
DA:36,1
DA:37,1
DA:38,1
DA:39,1
DA:40,1
DA:41,1
DA:42,1
DA:43,1
DA:44,1
DA:45,1
DA:46,1
DA:47,1
DA:48,1
DA:49,1
DA:50,1
DA:51,1
DA:52,1
DA:53,1
DA:54,1
DA:55,1
DA:56,1
DA:57,1
DA:58,1
DA:59,1
DA:60,1
DA:61,17
DA:62,17
DA:63,17
DA:64,17
DA:65,17
DA:66,17
DA:67,17
DA:68,17
DA:69,17
DA:70,17
DA:71,17
DA:72,17
DA:73,17
DA:74,17
DA:75,17
DA:76,17
DA:77,17
DA:78,17
DA:79,16
DA:80,17
DA:81,3
DA:82,3
DA:83,13
DA:84,17
DA:85,17
DA:86,17
DA:87,17
DA:88,17
DA:89,17
DA:90,17
DA:91,17
DA:92,17
DA:93,17
DA:94,1
DA:95,1
DA:96,1
DA:97,1
DA:98,1
DA:99,1
DA:100,1
DA:101,1
DA:102,1
DA:103,1
DA:104,1
DA:105,1
DA:106,1
DA:107,1
DA:108,1
DA:109,1
DA:110,1
DA:111,1
DA:112,1
DA:113,1
DA:114,1
DA:115,1
DA:116,1
DA:117,1
DA:118,1
DA:119,1
DA:120,1
DA:121,1
DA:122,1
DA:123,1
DA:124,1
DA:125,1
DA:126,4
DA:127,4
DA:128,4
DA:129,4
DA:130,4
DA:131,4
DA:132,4
DA:133,4
DA:134,4
DA:135,4
DA:136,4
DA:137,4
DA:138,4
DA:139,4
DA:140,4
DA:141,4
DA:142,4
DA:143,4
DA:144,4
DA:145,4
DA:146,4
DA:147,4
DA:148,1
DA:149,1
DA:150,1
DA:151,1
DA:152,1
DA:153,1
DA:154,1
DA:155,1
DA:156,1
DA:157,1
DA:158,1
DA:159,1
DA:160,1
DA:161,1
DA:162,1
DA:163,1
DA:164,1
DA:165,1
DA:166,4
DA:167,4
DA:168,4
DA:169,4
DA:170,4
DA:171,4
DA:172,4
DA:173,4
DA:174,4
DA:175,4
DA:176,4
DA:177,4
DA:178,4
DA:179,4
DA:180,4
DA:181,4
DA:182,4
DA:183,4
DA:184,4
DA:185,4
DA:186,4
LF:186
LH:186
BRDA:61,0,0,17
BRDA:78,1,0,16
BRDA:80,2,0,3
BRDA:82,3,0,13
BRDA:84,4,0,1
BRDA:126,5,0,4
BRDA:143,6,0,3
BRDA:166,7,0,4
BRF:8
BRH:8
end_of_record
TN:
SF:src/utils/retry.ts
FN:50,isTransientError
FN:146,retry
FN:204,withRetry
FNF:3
FNH:3
FNDA:27,isTransientError
FNDA:115,retry
FNDA:3,withRetry
DA:1,1
DA:2,1
DA:3,1
DA:4,1
DA:5,1
DA:6,1
DA:7,1
DA:8,1
DA:9,1
DA:10,1
DA:11,1
DA:12,1
DA:13,1
DA:14,1
DA:15,1
DA:16,1
DA:17,1
DA:18,1
DA:19,1
DA:20,1
DA:21,1
DA:22,1
DA:23,1
DA:24,1
DA:25,1
DA:26,1
DA:27,1
DA:28,1
DA:29,1
DA:30,1
DA:31,1
DA:32,1
DA:33,1
DA:34,1
DA:35,1
DA:36,1
DA:37,1
DA:38,1
DA:39,1
DA:40,1
DA:41,1
DA:42,1
DA:43,1
DA:44,1
DA:45,1
DA:46,1
DA:47,1
DA:48,1
DA:49,1
DA:50,27
DA:51,27
DA:52,27
DA:53,27
DA:54,27
DA:55,27
DA:56,27
DA:57,27
DA:58,27
DA:59,18
DA:60,12
DA:61,12
DA:62,12
DA:63,8
DA:64,8
DA:65,8
DA:66,27
DA:67,19
DA:68,19
DA:69,8
DA:70,8
DA:71,8
DA:72,8
DA:73,7
DA:74,7
DA:75,27
DA:76,1
DA:77,1
DA:78,7
DA:79,7
DA:80,7
DA:81,7
DA:82,5
DA:83,5
DA:84,27
DA:85,2
DA:86,2
DA:87,5
DA:88,5
DA:89,27
DA:90,1
DA:91,1
DA:92,4
DA:93,4
DA:94,4
DA:95,4
DA:96,3
DA:97,3
DA:98,3
DA:99,27
DA:100,1
DA:101,1
DA:102,3
DA:103,3
DA:104,3
DA:105,3
DA:106,2
DA:107,2
DA:108,27
DA:109,1
DA:110,1
DA:111,2
DA:112,2
DA:113,2
DA:114,2
DA:115,1
DA:116,1
DA:117,27
DA:118,1
DA:119,1
DA:120,27
DA:121,1
DA:122,1
DA:123,1
DA:124,1
DA:125,1
DA:126,1
DA:127,1
DA:128,1
DA:129,1
DA:130,1
DA:131,1
DA:132,1
DA:133,1
DA:134,1
DA:135,1
DA:136,1
DA:137,1
DA:138,1
DA:139,1
DA:140,1
DA:141,1
DA:142,1
DA:143,1
DA:144,1
DA:145,1
DA:146,115
DA:147,115
DA:148,115
DA:149,115
DA:150,115
DA:151,115
DA:152,115
DA:153,115
DA:154,134
DA:155,134
DA:156,134
DA:157,27
DA:158,27
DA:159,27
DA:160,27
DA:161,5
DA:162,5
DA:163,22
DA:164,22
DA:165,26
DA:166,3
DA:167,3
DA:168,19
DA:169,19
DA:170,19
DA:171,19
DA:172,26
DA:173,1
DA:174,1
DA:175,1
DA:176,1
DA:177,1
DA:178,19
DA:179,19
DA:180,19
DA:181,19
DA:182,134
DA:183,19
DA:184,19
DA:185,19
DA:186,19
DA:187,1
DA:188,1
DA:189,1
DA:190,1
DA:191,1
DA:192,1
DA:193,1
DA:194,1
DA:195,1
DA:196,1
DA:197,1
DA:198,1
DA:199,1
DA:200,1
DA:201,1
DA:202,1
DA:203,1
DA:204,1
DA:205,3
DA:206,3
DA:207,3
DA:208,3
DA:209,3
DA:210,3
DA:211,3
LF:211
LH:211
BRDA:50,0,0,27
BRDA:58,1,0,18
BRDA:59,2,0,12
BRDA:60,3,0,12
BRDA:61,4,0,12
BRDA:62,5,0,8
BRDA:63,6,0,8
BRDA:64,7,0,8
BRDA:66,8,0,19
BRDA:68,9,0,8
BRDA:72,10,0,7
BRDA:73,11,0,7
BRDA:75,12,0,19
BRDA:75,13,0,1
BRDA:77,14,0,7
BRDA:81,15,0,5
BRDA:82,16,0,5
BRDA:84,17,0,19
BRDA:84,18,0,2
BRDA:86,19,0,5
BRDA:89,20,0,4
BRDA:89,21,0,19
BRDA:89,22,0,1
BRDA:91,23,0,4
BRDA:95,24,0,3
BRDA:96,25,0,3
BRDA:97,26,0,3
BRDA:99,27,0,19
BRDA:99,28,0,1
BRDA:101,29,0,3
BRDA:105,30,0,2
BRDA:106,31,0,2
BRDA:108,32,0,19
BRDA:108,33,0,2
BRDA:108,34,0,1
BRDA:114,35,0,1
BRDA:115,36,0,1
BRDA:117,37,0,1
BRDA:120,38,0,1
BRDA:146,39,0,115
BRDA:153,40,0,134
BRDA:156,41,0,27
BRDA:160,42,0,5
BRDA:162,43,0,26
BRDA:162,44,0,22
BRDA:165,45,0,3
BRDA:167,46,0,19
BRDA:172,47,0,1
BRDA:175,48,0,0
BRDA:177,49,0,19
BRDA:182,50,0,19
BRDA:180,51,0,19
BRDA:204,52,0,3
BRDA:208,53,0,3
BRDA:209,54,0,4
BRF:55
BRH:54
end_of_record
TN:
SF:src/utils/stellarHelpers.ts
FN:19,isValidGAddress
FN:36,resolveFederationAddress
FN:58,friendbotFund
FN:79,truncateAddress
FNF:4
FNH:4
FNDA:8,isValidGAddress
FNDA:4,resolveFederationAddress
FNDA:3,friendbotFund
FNDA:6,truncateAddress
DA:1,1
DA:2,1
DA:3,1
DA:4,1
DA:5,1
DA:6,1
DA:7,1
DA:8,1
DA:9,1
DA:10,1
DA:11,1
DA:12,1
DA:13,1
DA:14,1
DA:15,1
DA:16,1
DA:17,1
DA:18,1
DA:19,1
DA:20,8
DA:21,8
DA:22,5
DA:23,2
DA:24,8
DA:25,8
DA:26,1
DA:27,1
DA:28,1
DA:29,1
DA:30,1
DA:31,1
DA:32,1
DA:33,1
DA:34,1
DA:35,1
DA:36,4
DA:37,4
DA:38,4
DA:39,4
DA:40,4
DA:41,4
DA:42,4
DA:43,2
DA:44,4
DA:45,4
DA:46,1
DA:47,1
DA:48,4
DA:49,1
DA:50,1
DA:51,1
DA:52,1
DA:53,1
DA:54,1
DA:55,1
DA:56,1
DA:57,1
DA:58,3
DA:59,3
DA:60,1
DA:61,1
DA:62,2
DA:63,2
DA:64,3
DA:65,1
DA:66,1
DA:67,1
DA:68,3
DA:69,1
DA:70,1
DA:71,1
DA:72,1
DA:73,1
DA:74,1
DA:75,1
DA:76,1
DA:77,1
DA:78,1
DA:79,1
DA:80,6
DA:81,6
DA:82,3
DA:83,3
LF:83
LH:83
BRDA:19,0,0,8
BRDA:21,1,0,5
BRDA:22,2,0,2
BRDA:36,3,0,4
BRDA:41,4,0,3
BRDA:42,5,0,1
BRDA:42,6,0,2
BRDA:44,7,0,1
BRDA:45,8,0,1
BRDA:58,9,0,3
BRDA:59,10,0,1
BRDA:61,11,0,2
BRDA:64,12,0,1
BRDA:79,13,0,6
BRDA:80,14,0,5
BRDA:80,15,0,2
BRDA:80,16,0,4
BRDA:81,17,0,1
BRDA:81,18,0,3
BRF:19
BRH:19
end_of_record
TN:
SF:src/utils/tokenRegistry.ts
FN:1,(empty-report)
FNF:1
FNH:0
FNDA:0,(empty-report)
DA:1,0
DA:2,0
DA:3,0
DA:4,0
DA:5,0
DA:6,0
DA:7,0
DA:8,0
DA:9,0
DA:10,0
DA:11,0
DA:12,0
DA:13,0
DA:14,0
DA:15,0
DA:16,0
DA:17,0
DA:18,0
DA:19,0
DA:20,0
DA:21,0
DA:22,0
DA:23,0
DA:24,0
DA:25,0
DA:26,0
DA:27,0
DA:28,0
DA:29,0
DA:30,0
DA:31,0
DA:32,0
DA:33,0
DA:34,0
DA:35,0
DA:36,0
DA:37,0
DA:38,0
DA:39,0
DA:40,0
DA:41,0
DA:42,0
DA:43,0
DA:44,0
DA:45,0
DA:46,0
DA:47,0
DA:48,0
DA:49,0
DA:50,0
DA:51,0
DA:52,0
DA:53,0
DA:54,0
DA:55,0
DA:56,0
DA:57,0
DA:58,0
DA:59,0
DA:60,0
DA:61,0
DA:62,0
DA:63,0
DA:64,0
DA:65,0
DA:66,0
DA:67,0
DA:68,0
DA:69,0
DA:70,0
DA:71,0
DA:72,0
DA:73,0
DA:74,0
DA:75,0
DA:76,0
DA:77,0
DA:78,0
DA:79,0
DA:80,0
DA:81,0
DA:82,0
DA:83,0
DA:84,0
DA:85,0
DA:86,0
DA:87,0
DA:88,0
DA:89,0
DA:90,0
DA:91,0
DA:92,0
DA:93,0
DA:94,0
DA:95,0
DA:96,0
DA:97,0
DA:98,0
DA:99,0
DA:100,0
DA:101,0
DA:102,0
DA:103,0
DA:104,0
DA:105,0
DA:106,0
DA:107,0
DA:108,0
DA:109,0
DA:110,0
DA:111,0
DA:112,0
DA:113,0
DA:114,0
DA:115,0
DA:116,0
DA:117,0
DA:118,0
DA:119,0
DA:120,0
LF:120
LH:0
BRDA:1,0,0,0
BRF:1
BRH:0
end_of_record
TN:
SF:src/utils/validate.ts
FN:44,validateGAddress
FN:66,validateContractId
FN:86,validateAmount
FN:119,validateDiscountRate
FN:138,validateDueDate
FNF:5
FNH:5
FNDA:7,validateGAddress
FNDA:3,validateContractId
FNDA:6,validateAmount
FNDA:7,validateDiscountRate
FNDA:4,validateDueDate
DA:1,1
DA:2,1
DA:3,1
DA:4,1
DA:5,1
DA:6,1
DA:7,1
DA:8,1
DA:9,1
DA:10,1
DA:11,1
DA:12,1
DA:13,1
DA:14,1
DA:15,1
DA:16,1
DA:17,1
DA:18,1
DA:19,1
DA:20,1
DA:21,1
DA:22,1
DA:23,1
DA:24,1
DA:25,1
DA:26,1
DA:27,1
DA:28,1
DA:29,1
DA:30,1
DA:31,1
DA:32,1
DA:33,1
DA:34,1
DA:35,1
DA:36,1
DA:37,1
DA:38,1
DA:39,1
DA:40,1
DA:41,1
DA:42,1
DA:43,1
DA:44,1
DA:45,7
DA:46,1
DA:47,1
DA:48,7
DA:49,1
DA:50,1
DA:51,1
DA:52,1
DA:53,7
DA:54,2
DA:55,2
DA:56,2
DA:57,2
DA:58,7
DA:59,1
DA:60,1
DA:61,1
DA:62,1
DA:63,1
DA:64,1
DA:65,1
DA:66,1
DA:67,3
DA:68,1
DA:69,1
DA:70,3
DA:71,1
DA:72,1
DA:73,1
DA:74,1
DA:75,3
DA:76,1
DA:77,1
DA:78,1
DA:79,1
DA:80,1
DA:81,1
DA:82,1
DA:83,1
DA:84,1
DA:85,1
DA:86,1
DA:87,6
DA:88,6
DA:89,6
DA:90,6
DA:91,6
DA:92,0
DA:93,0
DA:94,6
DA:95,2
DA:96,2
DA:97,6
DA:98,1
DA:99,1
DA:100,1
DA:101,1
DA:102,3
DA:103,3
DA:104,3
DA:105,3
DA:106,6
DA:107,1
DA:108,1
DA:109,1
DA:110,1
DA:111,6
DA:112,1
DA:113,1
DA:114,1
DA:115,1
DA:116,1
DA:117,1
DA:118,1
DA:119,1
DA:120,7
DA:121,1
DA:122,1
DA:123,7
DA:124,3
DA:125,3
DA:126,3
DA:127,3
DA:128,7
DA:129,1
DA:130,1
DA:131,1
DA:132,1
DA:133,1
DA:134,1
DA:135,1
DA:136,1
DA:137,1
DA:138,1
DA:139,4
DA:140,1
DA:141,1
DA:142,3
DA:143,4
DA:144,1
DA:145,1
DA:146,4
DA:147,1
DA:148,1
DA:149,4
LF:149
LH:147
BRDA:44,0,0,7
BRDA:45,1,0,1
BRDA:47,2,0,6
BRDA:48,3,0,1
BRDA:52,4,0,5
BRDA:53,5,0,2
BRDA:66,6,0,3
BRDA:67,7,0,1
BRDA:69,8,0,2
BRDA:70,9,0,1
BRDA:70,10,0,1
BRDA:86,11,0,6
BRDA:91,12,0,0
BRDA:94,13,0,2
BRDA:96,14,0,4
BRDA:97,15,0,1
BRDA:101,16,0,3
BRDA:106,17,0,2
BRDA:106,18,0,1
BRDA:119,19,0,7
BRDA:120,20,0,1
BRDA:122,21,0,6
BRDA:123,22,0,4
BRDA:123,23,0,3
BRDA:138,24,0,4
BRDA:139,25,0,1
BRDA:141,26,0,3
BRDA:143,27,0,1
BRDA:145,28,0,2
BRDA:146,29,0,1
BRF:30
BRH:29
end_of_record
TN:
SF:src/utils/xdrDecoder.ts
FN:29,decodeInvoice
FN:55,parseInvoiceStatus
FN:70,computeEffectiveYieldBps
FN:111,decodeReputationScore
FN:161,decodeContractStats
FN:203,decodeGovernanceProposal
FN:224,parseProposalStatus
FNF:7
FNH:7
FNDA:102,decodeInvoice
FNDA:102,parseInvoiceStatus
FNDA:102,computeEffectiveYieldBps
FNDA:104,decodeReputationScore
FNDA:107,decodeContractStats
FNDA:105,decodeGovernanceProposal
FNDA:105,parseProposalStatus
DA:1,1
DA:2,1
DA:3,1
DA:4,1
DA:5,1
DA:6,1
DA:7,1
DA:8,1
DA:9,1
DA:10,1
DA:11,1
DA:12,1
DA:13,1
DA:14,1
DA:15,1
DA:16,1
DA:17,1
DA:18,1
DA:19,1
DA:20,1
DA:21,1
DA:22,1
DA:23,1
DA:24,1
DA:25,1
DA:26,1
DA:27,1
DA:28,1
DA:29,1
DA:30,102
DA:31,102
DA:32,102
DA:33,102
DA:34,102
DA:35,102
DA:36,102
DA:37,102
DA:38,102
DA:39,102
DA:40,102
DA:41,102
DA:42,102
DA:43,102
DA:44,102
DA:45,102
DA:46,102
DA:47,102
DA:48,102
DA:49,102
DA:50,102
DA:51,1
DA:52,1
DA:53,1
DA:54,1
DA:55,102
DA:56,102
DA:57,102
DA:58,102
DA:59,0
DA:60,102
DA:61,0
DA:62,0
DA:63,0
DA:64,0
DA:65,1
DA:66,1
DA:67,1
DA:68,1
DA:69,1
DA:70,102
DA:71,102
DA:72,102
DA:73,102
DA:74,102
DA:75,102
DA:76,1
DA:77,1
DA:78,1
DA:79,1
DA:80,1
DA:81,1
DA:82,1
DA:83,1
DA:84,1
DA:85,1
DA:86,1
DA:87,1
DA:88,1
DA:89,1
DA:90,1
DA:91,1
DA:92,1
DA:93,1
DA:94,1
DA:95,1
DA:96,1
DA:97,1
DA:98,1
DA:99,1
DA:100,1
DA:101,1
DA:102,1
DA:103,1
DA:104,1
DA:105,1
DA:106,1
DA:107,1
DA:108,1
DA:109,1
DA:110,1
DA:111,1
DA:112,104
DA:113,104
DA:114,104
DA:115,104
DA:116,104
DA:117,104
DA:118,104
DA:119,104
DA:120,104
DA:121,1
DA:122,1
DA:123,1
DA:124,1
DA:125,1
DA:126,1
DA:127,1
DA:128,1
DA:129,1
DA:130,1
DA:131,1
DA:132,1
DA:133,1
DA:134,1
DA:135,1
DA:136,1
DA:137,1
DA:138,1
DA:139,1
DA:140,1
DA:141,1
DA:142,1
DA:143,1
DA:144,1
DA:145,1
DA:146,1
DA:147,1
DA:148,1
DA:149,1
DA:150,1
DA:151,1
DA:152,1
DA:153,1
DA:154,1
DA:155,1
DA:156,1
DA:157,1
DA:158,1
DA:159,1
DA:160,1
DA:161,1
DA:162,107
DA:163,107
DA:164,107
DA:165,107
DA:166,107
DA:167,104
DA:168,466
DA:169,466
DA:170,104
DA:171,107
DA:172,107
DA:173,107
DA:174,107
DA:175,107
DA:176,107
DA:177,107
DA:178,107
DA:179,107
DA:180,107
DA:181,107
DA:182,107
DA:183,107
DA:184,107
DA:185,1
DA:186,1
DA:187,1
DA:188,1
DA:189,1
DA:190,1
DA:191,1
DA:192,1
DA:193,1
DA:194,1
DA:195,1
DA:196,1
DA:197,1
DA:198,1
DA:199,1
DA:200,1
DA:201,1
DA:202,1
DA:203,1
DA:204,105
DA:205,105
DA:206,105
DA:207,105
DA:208,105
DA:209,105
DA:210,105
DA:211,100
DA:212,5
DA:213,105
DA:214,105
DA:215,105
DA:216,105
DA:217,105
DA:218,105
DA:219,105
DA:220,1
DA:221,1
DA:222,1
DA:223,1
DA:224,105
DA:225,105
DA:226,105
DA:227,104
DA:228,104
DA:229,1
DA:230,1
DA:231,1
LF:231
LH:226
BRDA:29,0,0,102
BRDA:42,1,0,85
BRDA:42,2,0,17
BRDA:43,3,0,79
BRDA:43,4,0,23
BRDA:46,5,0,78
BRDA:46,6,0,24
BRDA:55,7,0,102
BRDA:58,8,0,0
BRDA:60,9,0,0
BRDA:60,10,0,0
BRDA:70,11,0,102
BRDA:111,12,0,104
BRDA:114,13,0,2
BRDA:115,14,0,2
BRDA:116,15,0,2
BRDA:117,16,0,2
BRDA:118,17,0,2
BRDA:161,18,0,107
BRDA:166,19,0,104
BRDA:167,20,0,466
BRDA:173,21,0,0
BRDA:174,22,0,0
BRDA:175,23,0,0
BRDA:176,24,0,0
BRDA:177,25,0,0
BRDA:178,26,0,0
BRDA:181,27,0,0
BRDA:203,28,0,105
BRDA:204,29,0,102
BRDA:209,30,0,2
BRDA:210,31,0,100
BRDA:211,32,0,5
BRDA:214,33,0,2
BRDA:215,34,0,2
BRDA:217,35,0,2
BRDA:224,36,0,105
BRDA:226,37,0,82
BRDA:226,38,0,56
BRDA:226,39,0,34
BRDA:226,40,0,104
BRDA:228,41,0,1
BRF:42
BRH:32
end_of_record
