TN:
SF:src/client.d.ts
FNF:0
FNH:0
LF:0
LH:0
BRF:0
BRH:0
end_of_record
TN:
SF:src/client.test.d.ts
FNF:0
FNH:0
LF:0
LH:0
BRF:0
BRH:0
end_of_record
TN:
SF:src/client.ts
FN:92,(anonymous_0)
FN:114,(anonymous_1)
FN:142,(anonymous_2)
FN:167,(anonymous_3)
FN:183,(anonymous_4)
FN:200,(anonymous_5)
FN:228,(anonymous_6)
FN:231,(anonymous_7)
FN:236,(anonymous_8)
FN:245,(anonymous_9)
FN:249,(anonymous_10)
FNF:11
FNH:0
FNDA:0,(anonymous_0)
FNDA:0,(anonymous_1)
FNDA:0,(anonymous_2)
FNDA:0,(anonymous_3)
FNDA:0,(anonymous_4)
FNDA:0,(anonymous_5)
FNDA:0,(anonymous_6)
FNDA:0,(anonymous_7)
FNDA:0,(anonymous_8)
FNDA:0,(anonymous_9)
FNDA:0,(anonymous_10)
DA:31,0
DA:36,0
DA:93,0
DA:94,0
DA:95,0
DA:96,0
DA:118,0
DA:148,0
DA:168,0
DA:186,0
DA:187,0
DA:190,0
DA:203,0
DA:204,0
DA:207,0
DA:229,0
DA:232,0
DA:237,0
DA:238,0
DA:242,0
DA:246,0
DA:250,0
DA:254,0
LF:23
LH:0
BRDA:119,0,0,0
BRDA:119,0,1,0
BRDA:122,1,0,0
BRDA:122,1,1,0
BRDA:149,2,0,0
BRDA:149,2,1,0
BRDA:152,3,0,0
BRDA:152,3,1,0
BRDA:186,4,0,0
BRDA:203,5,0,0
BRDA:237,6,0,0
BRF:11
BRH:0
end_of_record
TN:
SF:src/errors.ts
FN:2,(anonymous_0)
FN:48,(anonymous_1)
FN:7,(anonymous_2)
FN:8,(anonymous_3)
FN:9,(anonymous_4)
FN:10,(anonymous_5)
FN:11,(anonymous_6)
FN:12,(anonymous_7)
FN:13,(anonymous_8)
FN:14,(anonymous_9)
FN:15,(anonymous_10)
FN:16,(anonymous_11)
FN:17,(anonymous_12)
FN:18,(anonymous_13)
FN:19,(anonymous_14)
FN:20,(anonymous_15)
FN:21,(anonymous_16)
FN:22,(anonymous_17)
FN:23,(anonymous_18)
FN:24,(anonymous_19)
FN:25,(anonymous_20)
FN:26,(anonymous_21)
FN:27,(anonymous_22)
FN:28,(anonymous_23)
FN:29,(anonymous_24)
FN:30,(anonymous_25)
FN:31,(anonymous_26)
FN:32,(anonymous_27)
FN:33,(anonymous_28)
FN:34,(anonymous_29)
FN:35,(anonymous_30)
FN:36,(anonymous_31)
FN:37,(anonymous_32)
FN:38,(anonymous_33)
FN:39,(anonymous_34)
FN:40,(anonymous_35)
FN:41,(anonymous_36)
FN:42,(anonymous_37)
FN:43,(anonymous_38)
FN:44,(anonymous_39)
FN:45,(anonymous_40)
FN:46,(anonymous_41)
FNF:42
FNH:0
FNDA:0,(anonymous_0)
FNDA:0,(anonymous_1)
FNDA:0,(anonymous_2)
FNDA:0,(anonymous_3)
FNDA:0,(anonymous_4)
FNDA:0,(anonymous_5)
FNDA:0,(anonymous_6)
FNDA:0,(anonymous_7)
FNDA:0,(anonymous_8)
FNDA:0,(anonymous_9)
FNDA:0,(anonymous_10)
FNDA:0,(anonymous_11)
FNDA:0,(anonymous_12)
FNDA:0,(anonymous_13)
FNDA:0,(anonymous_14)
FNDA:0,(anonymous_15)
FNDA:0,(anonymous_16)
FNDA:0,(anonymous_17)
FNDA:0,(anonymous_18)
FNDA:0,(anonymous_19)
FNDA:0,(anonymous_20)
FNDA:0,(anonymous_21)
FNDA:0,(anonymous_22)
FNDA:0,(anonymous_23)
FNDA:0,(anonymous_24)
FNDA:0,(anonymous_25)
FNDA:0,(anonymous_26)
FNDA:0,(anonymous_27)
FNDA:0,(anonymous_28)
FNDA:0,(anonymous_29)
FNDA:0,(anonymous_30)
FNDA:0,(anonymous_31)
FNDA:0,(anonymous_32)
FNDA:0,(anonymous_33)
FNDA:0,(anonymous_34)
FNDA:0,(anonymous_35)
FNDA:0,(anonymous_36)
FNDA:0,(anonymous_37)
FNDA:0,(anonymous_38)
FNDA:0,(anonymous_39)
FNDA:0,(anonymous_40)
FNDA:0,(anonymous_41)
DA:2,0
DA:3,0
DA:4,0
DA:7,0
DA:8,0
DA:9,0
DA:10,0
DA:11,0
DA:12,0
DA:13,0
DA:14,0
DA:15,0
DA:16,0
DA:17,0
DA:18,0
DA:19,0
DA:20,0
DA:21,0
DA:22,0
DA:23,0
DA:24,0
DA:25,0
DA:26,0
DA:27,0
DA:28,0
DA:29,0
DA:30,0
DA:31,0
DA:32,0
DA:33,0
DA:34,0
DA:35,0
DA:36,0
DA:37,0
DA:38,0
DA:39,0
DA:40,0
DA:41,0
DA:42,0
DA:43,0
DA:44,0
DA:45,0
DA:46,0
DA:49,0
DA:50,0
DA:51,0
DA:52,0
DA:53,0
DA:54,0
DA:55,0
DA:56,0
DA:57,0
DA:58,0
DA:59,0
DA:60,0
DA:61,0
DA:62,0
DA:63,0
DA:64,0
DA:65,0
DA:66,0
DA:67,0
DA:68,0
DA:69,0
DA:70,0
DA:71,0
DA:72,0
DA:73,0
DA:74,0
DA:75,0
DA:76,0
DA:77,0
DA:78,0
DA:79,0
DA:80,0
DA:81,0
DA:82,0
DA:83,0
DA:84,0
DA:85,0
DA:86,0
DA:87,0
DA:88,0
DA:89,0
DA:90,0
DA:93,0
LF:86
LH:0
BRDA:51,0,0,0
BRDA:53,1,0,0
BRDA:53,1,1,0
BRDA:53,1,2,0
BRDA:53,1,3,0
BRDA:53,1,4,0
BRDA:53,1,5,0
BRDA:53,1,6,0
BRDA:53,1,7,0
BRDA:53,1,8,0
BRDA:53,1,9,0
BRDA:53,1,10,0
BRDA:53,1,11,0
BRDA:53,1,12,0
BRDA:53,1,13,0
BRDA:53,1,14,0
BRDA:53,1,15,0
BRDA:53,1,16,0
BRDA:53,1,17,0
BRDA:53,1,18,0
BRDA:53,1,19,0
BRDA:53,1,20,0
BRDA:53,1,21,0
BRDA:53,1,22,0
BRDA:53,1,23,0
BRDA:53,1,24,0
BRDA:53,1,25,0
BRDA:53,1,26,0
BRDA:53,1,27,0
BRDA:53,1,28,0
BRDA:53,1,29,0
BRDA:53,1,30,0
BRDA:53,1,31,0
BRDA:53,1,32,0
BRDA:53,1,33,0
BRDA:53,1,34,0
BRDA:53,1,35,0
BRDA:53,1,36,0
BRDA:7,2,0,0
BRDA:8,3,0,0
BRDA:9,4,0,0
BRDA:10,5,0,0
BRDA:11,6,0,0
BRDA:12,7,0,0
BRDA:13,8,0,0
BRDA:14,9,0,0
BRDA:15,10,0,0
BRDA:16,11,0,0
BRDA:17,12,0,0
BRDA:18,13,0,0
BRDA:19,14,0,0
BRDA:20,15,0,0
BRDA:21,16,0,0
BRDA:22,17,0,0
BRDA:23,18,0,0
BRDA:24,19,0,0
BRDA:25,20,0,0
BRDA:26,21,0,0
BRDA:27,22,0,0
BRDA:28,23,0,0
BRDA:29,24,0,0
BRDA:30,25,0,0
BRDA:31,26,0,0
BRDA:32,27,0,0
BRDA:33,28,0,0
BRDA:34,29,0,0
BRDA:35,30,0,0
BRDA:36,31,0,0
BRDA:37,32,0,0
BRDA:38,33,0,0
BRDA:39,34,0,0
BRDA:40,35,0,0
BRDA:41,36,0,0
BRDA:42,37,0,0
BRDA:43,38,0,0
BRDA:44,39,0,0
BRDA:45,40,0,0
BRDA:46,41,0,0
BRF:78
BRH:0
end_of_record
TN:
SF:src/index.d.ts
FNF:0
FNH:0
LF:0
LH:0
BRF:0
BRH:0
end_of_record
TN:
SF:src/types.d.ts
FNF:0
FNH:0
LF:0
LH:0
BRF:0
BRH:0
end_of_record
TN:
SF:src/events/subscribe.d.ts
FNF:0
FNH:0
LF:0
LH:0
BRF:0
BRH:0
end_of_record
TN:
SF:src/events/types.d.ts
FNF:0
FNH:0
LF:0
LH:0
BRF:0
BRH:0
end_of_record
TN:
SF:src/methods/cancelInvoice.d.ts
FNF:0
FNH:0
LF:0
LH:0
BRF:0
BRH:0
end_of_record
TN:
SF:src/methods/fundInvoice.d.ts
FNF:0
FNH:0
LF:0
LH:0
BRF:0
BRH:0
end_of_record
TN:
SF:src/methods/governance.d.ts
FNF:0
FNH:0
LF:0
LH:0
BRF:0
BRH:0
end_of_record
TN:
SF:src/methods/markPaid.d.ts
FNF:0
FNH:0
LF:0
LH:0
BRF:0
BRH:0
end_of_record
TN:
SF:src/methods/queries.d.ts
FNF:0
FNH:0
LF:0
LH:0
BRF:0
BRH:0
end_of_record
TN:
SF:src/methods/queries.ts
FN:30,getInvoice
FN:102,listInvoicesBySubmitter
FN:137,(anonymous_2)
FN:176,listInvoicesByLP
FN:211,(anonymous_4)
FNF:5
FNH:0
FNDA:0,getInvoice
FNDA:0,listInvoicesBySubmitter
FNDA:0,(anonymous_2)
FNDA:0,listInvoicesByLP
FNDA:0,(anonymous_4)
DA:37,0
DA:38,0
DA:43,0
DA:51,0
DA:53,0
DA:54,0
DA:55,0
DA:57,0
DA:59,0
DA:60,0
DA:63,0
DA:64,0
DA:65,0
DA:67,0
DA:111,0
DA:112,0
DA:119,0
DA:127,0
DA:129,0
DA:130,0
DA:132,0
DA:133,0
DA:136,0
DA:137,0
DA:138,0
DA:139,0
DA:140,0
DA:185,0
DA:186,0
DA:193,0
DA:201,0
DA:203,0
DA:204,0
DA:206,0
DA:207,0
DA:210,0
DA:211,0
DA:212,0
DA:213,0
DA:214,0
LF:40
LH:0
BRDA:53,0,0,0
BRDA:54,1,0,0
BRDA:54,2,0,0
BRDA:54,2,1,0
BRDA:59,3,0,0
BRDA:75,4,0,0
BRDA:75,4,1,0
BRDA:76,5,0,0
BRDA:76,5,1,0
BRDA:77,6,0,0
BRDA:77,6,1,0
BRDA:80,7,0,0
BRDA:80,7,1,0
BRDA:108,8,0,0
BRDA:109,9,0,0
BRDA:129,10,0,0
BRDA:132,11,0,0
BRDA:148,12,0,0
BRDA:148,12,1,0
BRDA:149,13,0,0
BRDA:149,13,1,0
BRDA:150,14,0,0
BRDA:150,14,1,0
BRDA:153,15,0,0
BRDA:153,15,1,0
BRDA:182,16,0,0
BRDA:183,17,0,0
BRDA:203,18,0,0
BRDA:206,19,0,0
BRDA:222,20,0,0
BRDA:222,20,1,0
BRDA:223,21,0,0
BRDA:223,21,1,0
BRDA:224,22,0,0
BRDA:224,22,1,0
BRDA:227,23,0,0
BRDA:227,23,1,0
BRF:37
BRH:0
end_of_record
TN:
SF:src/methods/reputation.d.ts
FNF:0
FNH:0
LF:0
LH:0
BRF:0
BRH:0
end_of_record
TN:
SF:src/methods/reputation.ts
FN:49,isValidGAddress
FN:78,getReputation
FNF:2
FNH:0
FNDA:0,isValidGAddress
FNDA:0,getReputation
DA:47,0
DA:50,0
DA:84,0
DA:85,0
DA:90,0
DA:91,0
DA:96,0
DA:101,0
DA:109,0
DA:111,0
DA:112,0
DA:116,0
DA:117,0
DA:126,0
DA:128,0
LF:15
LH:0
BRDA:82,0,0,0
BRDA:84,1,0,0
BRDA:111,2,0,0
BRDA:116,3,0,0
BRDA:129,4,0,0
BRDA:129,4,1,0
BRDA:130,5,0,0
BRDA:130,5,1,0
BRDA:131,6,0,0
BRDA:131,6,1,0
BRDA:132,7,0,0
BRDA:132,7,1,0
BRDA:133,8,0,0
BRDA:133,8,1,0
BRF:14
BRH:0
end_of_record
TN:
SF:src/methods/stats.d.ts
FNF:0
FNH:0
LF:0
LH:0
BRF:0
BRH:0
end_of_record
TN:
SF:src/methods/stats.ts
FN:69,getContractStats
FNF:1
FNH:0
FNDA:0,getContractStats
DA:74,0
DA:75,0
DA:77,0
DA:82,0
DA:90,0
DA:92,0
DA:93,0
DA:96,0
DA:97,0
DA:109,0
DA:112,0
DA:113,0
DA:114,0
DA:115,0
DA:116,0
DA:120,0
LF:16
LH:0
BRDA:72,0,0,0
BRDA:92,1,0,0
BRDA:96,2,0,0
BRDA:114,3,0,0
BRDA:121,4,0,0
BRDA:121,4,1,0
BRDA:122,5,0,0
BRDA:122,5,1,0
BRDA:123,6,0,0
BRDA:123,6,1,0
BRDA:124,7,0,0
BRDA:124,7,1,0
BRDA:125,8,0,0
BRDA:125,8,1,0
BRDA:126,9,0,0
BRDA:126,9,1,0
BRDA:129,10,0,0
BRDA:129,10,1,0
BRF:18
BRH:0
end_of_record
TN:
SF:src/methods/submitInvoice.d.ts
FNF:0
FNH:0
LF:0
LH:0
BRF:0
BRH:0
end_of_record
TN:
SF:src/methods/transferLPPosition.d.ts
FNF:0
FNH:0
LF:0
LH:0
BRF:0
BRH:0
end_of_record
TN:
SF:src/signers/FreighterSigner.d.ts
FNF:0
FNH:0
LF:0
LH:0
BRF:0
BRH:0
end_of_record
TN:
SF:src/signers/FreighterSigner.ts
FN:63,(anonymous_0)
FN:69,(anonymous_1)
FN:76,(anonymous_2)
FN:83,(anonymous_3)
FN:90,(anonymous_4)
FN:99,(anonymous_5)
FN:152,(anonymous_6)
FN:168,(anonymous_7)
FN:181,(anonymous_8)
FN:220,(anonymous_9)
FN:272,(anonymous_10)
FN:277,(anonymous_11)
FN:286,(anonymous_12)
FN:296,(anonymous_13)
FN:306,(anonymous_14)
FN:327,(anonymous_15)
FNF:16
FNH:0
FNDA:0,(anonymous_0)
FNDA:0,(anonymous_1)
FNDA:0,(anonymous_2)
FNDA:0,(anonymous_3)
FNDA:0,(anonymous_4)
FNDA:0,(anonymous_5)
FNDA:0,(anonymous_6)
FNDA:0,(anonymous_7)
FNDA:0,(anonymous_8)
FNDA:0,(anonymous_9)
FNDA:0,(anonymous_10)
FNDA:0,(anonymous_11)
FNDA:0,(anonymous_12)
FNDA:0,(anonymous_13)
FNDA:0,(anonymous_14)
FNDA:0,(anonymous_15)
DA:64,0
DA:65,0
DA:66,0
DA:70,0
DA:77,0
DA:84,0
DA:91,0
DA:99,0
DA:100,0
DA:101,0
DA:102,0
DA:103,0
DA:104,0
DA:111,0
DA:116,0
DA:144,0
DA:145,0
DA:153,0
DA:169,0
DA:182,0
DA:184,0
DA:186,0
DA:191,0
DA:193,0
DA:194,0
DA:198,0
DA:200,0
DA:201,0
DA:202,0
DA:225,0
DA:226,0
DA:230,0
DA:232,0
DA:233,0
DA:239,0
DA:244,0
DA:245,0
DA:246,0
DA:252,0
DA:253,0
DA:257,0
DA:260,0
DA:261,0
DA:264,0
DA:273,0
DA:278,0
DA:289,0
DA:290,0
DA:291,0
DA:297,0
DA:299,0
DA:308,0
DA:309,0
DA:312,0
DA:315,0
DA:316,0
DA:318,0
DA:319,0
DA:328,0
DA:330,0
DA:332,0
DA:338,0
DA:341,0
DA:345,0
DA:348,0
LF:65
LH:0
BRDA:99,0,0,0
BRDA:99,0,1,0
BRDA:169,1,0,0
BRDA:169,1,1,0
BRDA:184,2,0,0
BRDA:193,3,0,0
BRDA:193,4,0,0
BRDA:193,4,1,0
BRDA:225,5,0,0
BRDA:232,6,0,0
BRDA:245,7,0,0
BRDA:260,8,0,0
BRDA:260,9,0,0
BRDA:260,9,1,0
BRDA:278,10,0,0
BRDA:278,10,1,0
BRDA:290,11,0,0
BRDA:290,12,0,0
BRDA:290,12,1,0
BRDA:316,13,0,0
BRDA:318,14,0,0
BRDA:328,15,0,0
BRDA:328,15,1,0
BRDA:328,16,0,0
BRDA:328,16,1,0
BRDA:332,17,0,0
BRDA:333,18,0,0
BRDA:333,18,1,0
BRDA:333,18,2,0
BRDA:333,18,3,0
BRDA:341,19,0,0
BRDA:342,20,0,0
BRDA:342,20,1,0
BRDA:342,20,2,0
BRDA:348,21,0,0
BRDA:348,21,1,0
BRF:36
BRH:0
end_of_record
TN:
SF:src/signers/ISigner.d.ts
FNF:0
FNH:0
LF:0
LH:0
BRF:0
BRH:0
end_of_record
TN:
SF:src/signers/KeypairSigner.d.ts
FNF:0
FNH:0
LF:0
LH:0
BRF:0
BRH:0
end_of_record
TN:
SF:src/signers/KeypairSigner.ts
FN:33,isTestEnvironment
FN:48,warnIfHardcodedSecret
FN:101,(anonymous_2)
FN:115,(anonymous_3)
FN:135,(anonymous_4)
FN:167,(anonymous_5)
FN:182,(anonymous_6)
FNF:7
FNH:0
FNDA:0,isTestEnvironment
FNDA:0,warnIfHardcodedSecret
FNDA:0,(anonymous_2)
FNDA:0,(anonymous_3)
FNDA:0,(anonymous_4)
FNDA:0,(anonymous_5)
FNDA:0,(anonymous_6)
DA:34,0
DA:49,0
DA:52,0
DA:57,0
DA:58,0
DA:62,0
DA:66,0
DA:102,0
DA:103,0
DA:104,0
DA:106,0
DA:116,0
DA:140,0
DA:142,0
DA:143,0
DA:149,0
DA:152,0
DA:168,0
DA:183,0
DA:184,0
DA:185,0
DA:190,0
DA:191,0
LF:23
LH:0
BRDA:35,0,0,0
BRDA:35,0,1,0
BRDA:35,0,2,0
BRDA:49,1,0,0
BRDA:57,2,0,0
BRDA:102,3,0,0
BRDA:102,3,1,0
BRDA:142,4,0,0
BRDA:184,5,0,0
BRF:9
BRH:0
end_of_record
TN:
SF:src/types/governance.d.ts
FNF:0
FNH:0
LF:0
LH:0
BRF:0
BRH:0
end_of_record
TN:
SF:src/types/governance.ts
FN:15,(anonymous_0)
FN:31,(anonymous_1)
FNF:2
FNH:0
FNDA:0,(anonymous_0)
FNDA:0,(anonymous_1)
DA:15,0
DA:17,0
DA:19,0
DA:21,0
DA:23,0
DA:25,0
DA:27,0
DA:31,0
DA:32,0
DA:33,0
DA:34,0
DA:35,0
LF:12
LH:0
BRDA:15,0,0,0
BRDA:15,0,1,0
BRDA:31,1,0,0
BRDA:31,1,1,0
BRF:4
BRH:0
end_of_record
TN:
SF:src/types/invoice.d.ts
FNF:0
FNH:0
LF:0
LH:0
BRF:0
BRH:0
end_of_record
TN:
SF:src/types/params.d.ts
FNF:0
FNH:0
LF:0
LH:0
BRF:0
BRH:0
end_of_record
TN:
SF:src/utils/allowance.d.ts
FNF:0
FNH:0
LF:0
LH:0
BRF:0
BRH:0
end_of_record
TN:
SF:src/utils/allowance.ts
FN:40,getAllowance
FN:112,buildApproveTransaction
FN:162,isAllowanceSufficient
FNF:3
FNH:0
FNDA:0,getAllowance
FNDA:0,buildApproveTransaction
FNDA:0,isAllowanceSufficient
DA:45,0
DA:47,0
DA:53,0
DA:61,0
DA:63,0
DA:64,0
DA:67,0
DA:68,0
DA:71,0
DA:74,0
DA:75,0
DA:76,0
DA:83,0
DA:120,0
DA:123,0
DA:124,0
DA:126,0
DA:134,0
DA:142,0
DA:143,0
DA:167,0
DA:169,0
DA:174,0
DA:177,0
LF:24
LH:0
BRDA:63,0,0,0
BRDA:67,1,0,0
BRDA:74,2,0,0
BRDA:74,3,0,0
BRDA:74,3,1,0
BRDA:74,3,2,0
BRDA:78,4,0,0
BRDA:78,4,1,0
BRDA:118,5,0,0
BRDA:167,6,0,0
BRDA:169,7,0,0
BRDA:170,8,0,0
BRDA:170,8,1,0
BRDA:170,8,2,0
BRF:14
BRH:0
end_of_record
TN:
SF:src/utils/tokenRegistry.ts
FN:68,(anonymous_0)
FN:76,(anonymous_1)
FN:88,(anonymous_2)
FN:96,(anonymous_3)
FN:104,(anonymous_4)
FN:113,(anonymous_5)
FNF:6
FNH:0
FNDA:0,(anonymous_0)
FNDA:0,(anonymous_1)
FNDA:0,(anonymous_2)
FNDA:0,(anonymous_3)
FNDA:0,(anonymous_4)
FNDA:0,(anonymous_5)
DA:22,0
DA:69,0
DA:77,0
DA:78,0
DA:79,0
DA:84,0
DA:89,0
DA:97,0
DA:105,0
DA:106,0
DA:114,0
DA:115,0
DA:120,0
LF:13
LH:0
BRDA:68,0,0,0
BRDA:78,1,0,0
BRF:2
BRH:0
end_of_record
TN:
SF:src/utils/validate.d.ts
FNF:0
FNH:0
LF:0
LH:0
BRF:0
BRH:0
end_of_record
TN:
SF:src/utils/validate.ts
FN:44,validateGAddress
FN:66,validateContractId
FN:86,validateAmount
FN:119,validateDiscountRate
FN:138,validateDueDate
FNF:5
FNH:0
FNDA:0,validateGAddress
FNDA:0,validateContractId
FNDA:0,validateAmount
FNDA:0,validateDiscountRate
FNDA:0,validateDueDate
DA:16,0
DA:18,0
DA:21,0
DA:23,0
DA:26,0
DA:28,0
DA:31,0
DA:45,0
DA:46,0
DA:48,0
DA:49,0
DA:53,0
DA:54,0
DA:67,0
DA:68,0
DA:70,0
DA:71,0
DA:91,0
DA:92,0
DA:94,0
DA:95,0
DA:97,0
DA:98,0
DA:105,0
DA:106,0
DA:107,0
DA:120,0
DA:121,0
DA:123,0
DA:124,0
DA:139,0
DA:140,0
DA:142,0
DA:143,0
DA:144,0
DA:146,0
DA:147,0
LF:37
LH:0
BRDA:45,0,0,0
BRDA:45,1,0,0
BRDA:45,1,1,0
BRDA:48,2,0,0
BRDA:53,3,0,0
BRDA:67,4,0,0
BRDA:67,5,0,0
BRDA:67,5,1,0
BRDA:70,6,0,0
BRDA:70,7,0,0
BRDA:70,7,1,0
BRDA:91,8,0,0
BRDA:94,9,0,0
BRDA:97,10,0,0
BRDA:106,11,0,0
BRDA:106,12,0,0
BRDA:106,12,1,0
BRDA:120,13,0,0
BRDA:123,14,0,0
BRDA:123,15,0,0
BRDA:123,15,1,0
BRDA:139,16,0,0
BRDA:139,17,0,0
BRDA:139,17,1,0
BRDA:143,18,0,0
BRDA:146,19,0,0
BRF:26
BRH:0
end_of_record
